Submitting SLURM job
Rain

(216, 12, 70, 40)
(216, 2)
(604800, 1)
(604800,)
(436800, 1)
(436800,)
(168000, 1)

Heloo every one,this is a grid search on ([11], features, MonthAhead:  0

GridSearchCV(cv=TimeSeriesSplit(max_train_size=None, n_splits=3),
             error_score=nan,
             estimator=KNeighborsRegressor(algorithm='auto', leaf_size=30,
                                           metric='minkowski',
                                           metric_params=None, n_jobs=None,
                                           n_neighbors=5, p=2,
                                           weights='uniform'),
             iid='deprecated', n_jobs=-1,
             param_grid={'algorithm': ['auto'], 'leaf_size': [1, 2, 3, 5],
                         'n_jobs': [-1], 'n_neighbors': [3, 5, 6, 7, 8, 9, 10],
                         'weights': ['uniform', 'distance']},
             pre_dispatch='2*n_jobs', refit=True, return_train_score=False,
             scoring='neg_mean_absolute_error', verbose=1)
Fitting 3 folds for each of 56 candidates, totalling 168 fits
[Parallel(n_jobs=-1)]: Using backend LokyBackend with 48 concurrent workers.
Best parameters & score set found on development set:

-0.36220701878269934
{'algorithm': 'auto', 'leaf_size': 2, 'n_jobs': -1, 'n_neighbors': 10, 'weights': 'distance'}

Grid scores on development set:


Testing Set: 
MAE: 4.935511266943393
MSE: 109.13461696703078
RMSE: 10.446751503076484
r2score: 0.8597234095842399

--- 5681.436688661575 seconds ---

Rain

(216, 12, 70, 40)
(216, 2)
(604800, 1)
(604800,)
(436800, 1)
(436800,)
(168000, 1)

Heloo every one,this is a grid search on ([0], features, MonthAhead:  0

GridSearchCV(cv=TimeSeriesSplit(max_train_size=None, n_splits=3),
             error_score=nan,
             estimator=KNeighborsRegressor(algorithm='auto', leaf_size=30,
                                           metric='minkowski',
                                           metric_params=None, n_jobs=None,
                                           n_neighbors=5, p=2,
                                           weights='uniform'),
             iid='deprecated', n_jobs=-1,
             param_grid={'algorithm': ['auto'], 'leaf_size': [1, 2, 3, 5],
                         'n_jobs': [-1], 'n_neighbors': [3, 5, 6, 7, 8, 9, 10],
                         'weights': ['uniform', 'distance']},
             pre_dispatch='2*n_jobs', refit=True, return_train_score=False,
             scoring='neg_mean_absolute_error', verbose=1)
Fitting 3 folds for each of 56 candidates, totalling 168 fits
[Parallel(n_jobs=-1)]: Done 168 out of 168 | elapsed: 75.8min finished
[Parallel(n_jobs=-1)]: Using backend LokyBackend with 48 concurrent workers.
Best parameters & score set found on development set:

-0.24286639369007293
{'algorithm': 'auto', 'leaf_size': 2, 'n_jobs': -1, 'n_neighbors': 10, 'weights': 'uniform'}

Grid scores on development set:


Testing Set: 
MAE: 3.0003845019643367
MSE: 48.204472168292085
RMSE: 6.942944056255393
r2score: 0.938040200382962

--- 5680.2778108119965 seconds ---

Rain

(216, 12, 70, 40)
(216, 2)
(604800, 2)
(604800,)
(436800, 2)
(436800,)
(168000, 2)

Heloo every one,this is a grid search on ([0, 11], features, MonthAhead:  0

GridSearchCV(cv=TimeSeriesSplit(max_train_size=None, n_splits=3),
             error_score=nan,
             estimator=KNeighborsRegressor(algorithm='auto', leaf_size=30,
                                           metric='minkowski',
                                           metric_params=None, n_jobs=None,
                                           n_neighbors=5, p=2,
                                           weights='uniform'),
             iid='deprecated', n_jobs=-1,
             param_grid={'algorithm': ['auto'], 'leaf_size': [1, 2, 3, 5],
                         'n_jobs': [-1], 'n_neighbors': [3, 5, 6, 7, 8, 9, 10],
                         'weights': ['uniform', 'distance']},
             pre_dispatch='2*n_jobs', refit=True, return_train_score=False,
             scoring='neg_mean_absolute_error', verbose=1)
Fitting 3 folds for each of 56 candidates, totalling 168 fits
[Parallel(n_jobs=-1)]: Done 168 out of 168 | elapsed: 75.8min finished
[Parallel(n_jobs=-1)]: Using backend LokyBackend with 48 concurrent workers.
Best parameters & score set found on development set:

-0.23634992885806713
{'algorithm': 'auto', 'leaf_size': 5, 'n_jobs': -1, 'n_neighbors': 10, 'weights': 'uniform'}

Grid scores on development set:


Testing Set: 
MAE: 3.0439320969565924
MSE: 49.06729721135553
RMSE: 7.004805294321573
r2score: 0.9369311649684442

--- 6760.475635528564 seconds ---

Rain

(216, 12, 70, 40)
(216, 2)
(604800, 4)
(604800,)
(436800, 4)
(436800,)
(168000, 4)

Heloo every one,this is a grid search on ([0, 11, 1, 2], features, MonthAhead:  0

GridSearchCV(cv=TimeSeriesSplit(max_train_size=None, n_splits=3),
             error_score=nan,
             estimator=KNeighborsRegressor(algorithm='auto', leaf_size=30,
                                           metric='minkowski',
                                           metric_params=None, n_jobs=None,
                                           n_neighbors=5, p=2,
                                           weights='uniform'),
             iid='deprecated', n_jobs=-1,
             param_grid={'algorithm': ['auto'], 'leaf_size': [1, 2, 3, 5],
                         'n_jobs': [-1], 'n_neighbors': [3, 5, 6, 7, 8, 9, 10],
                         'weights': ['uniform', 'distance']},
             pre_dispatch='2*n_jobs', refit=True, return_train_score=False,
             scoring='neg_mean_absolute_error', verbose=1)
Fitting 3 folds for each of 56 candidates, totalling 168 fits
[Parallel(n_jobs=-1)]: Done 168 out of 168 | elapsed: 95.8min finished
[Parallel(n_jobs=-1)]: Using backend LokyBackend with 48 concurrent workers.
Best parameters & score set found on development set:

-0.23304643553908633
{'algorithm': 'auto', 'leaf_size': 5, 'n_jobs': -1, 'n_neighbors': 10, 'weights': 'uniform'}

Grid scores on development set:


Testing Set: 
MAE: 2.868904280348667
MSE: 44.814032603476875
RMSE: 6.694328390770569
r2score: 0.942398114630342

--- 8692.42562007904 seconds ---

Rain

(216, 12, 70, 40)
(216, 2)
(604800, 4)
(604800,)
(436800, 4)
(436800,)
(168000, 4)

Heloo every one,this is a grid search on ([0, 11, 1, 10], features, MonthAhead:  0

GridSearchCV(cv=TimeSeriesSplit(max_train_size=None, n_splits=3),
             error_score=nan,
             estimator=KNeighborsRegressor(algorithm='auto', leaf_size=30,
                                           metric='minkowski',
                                           metric_params=None, n_jobs=None,
                                           n_neighbors=5, p=2,
                                           weights='uniform'),
             iid='deprecated', n_jobs=-1,
             param_grid={'algorithm': ['auto'], 'leaf_size': [1, 2, 3, 5],
                         'n_jobs': [-1], 'n_neighbors': [3, 5, 6, 7, 8, 9, 10],
                         'weights': ['uniform', 'distance']},
             pre_dispatch='2*n_jobs', refit=True, return_train_score=False,
             scoring='neg_mean_absolute_error', verbose=1)
Fitting 3 folds for each of 56 candidates, totalling 168 fits
[Parallel(n_jobs=-1)]: Done 168 out of 168 | elapsed: 128.6min finished
[Parallel(n_jobs=-1)]: Using backend LokyBackend with 48 concurrent workers.
Best parameters & score set found on development set:

-0.2323472454119908
{'algorithm': 'auto', 'leaf_size': 5, 'n_jobs': -1, 'n_neighbors': 10, 'weights': 'uniform'}

Grid scores on development set:


Testing Set: 
MAE: 2.904719710315884
MSE: 45.86026664718925
RMSE: 6.772020868779809
r2score: 0.9410533337669684

--- 9045.986491441727 seconds ---

Evap

(216, 12, 70, 40)
(216, 2)
(604800, 1)
(604800,)
(436800, 1)
(436800,)
(168000, 1)

Heloo every one,this is a grid search on ([11], features, MonthAhead:  0

GridSearchCV(cv=TimeSeriesSplit(max_train_size=None, n_splits=3),
             error_score=nan,
             estimator=KNeighborsRegressor(algorithm='auto', leaf_size=30,
                                           metric='minkowski',
                                           metric_params=None, n_jobs=None,
                                           n_neighbors=5, p=2,
                                           weights='uniform'),
             iid='deprecated', n_jobs=-1,
             param_grid={'algorithm': ['auto'], 'leaf_size': [1, 2, 3, 5],
                         'n_jobs': [-1], 'n_neighbors': [3, 5, 6, 7, 8, 9, 10],
                         'weights': ['uniform', 'distance']},
             pre_dispatch='2*n_jobs', refit=True, return_train_score=False,
             scoring='neg_mean_absolute_error', verbose=1)
Fitting 3 folds for each of 56 candidates, totalling 168 fits
[Parallel(n_jobs=-1)]: Done 168 out of 168 | elapsed: 128.7min finished
[Parallel(n_jobs=-1)]: Using backend LokyBackend with 48 concurrent workers.
Best parameters & score set found on development set:

-0.38333420599619067
{'algorithm': 'auto', 'leaf_size': 1, 'n_jobs': -1, 'n_neighbors': 10, 'weights': 'uniform'}

Grid scores on development set:


Testing Set: 
MAE: 6.737322626142611
MSE: 159.2714438214093
RMSE: 12.620279070662791
r2score: 0.9387954430082861

--- 6164.620674371719 seconds ---

Evap

(216, 12, 70, 40)
(216, 2)
(604800, 1)
(604800,)
(436800, 1)
(436800,)
(168000, 1)

Heloo every one,this is a grid search on ([0], features, MonthAhead:  0

GridSearchCV(cv=TimeSeriesSplit(max_train_size=None, n_splits=3),
             error_score=nan,
             estimator=KNeighborsRegressor(algorithm='auto', leaf_size=30,
                                           metric='minkowski',
                                           metric_params=None, n_jobs=None,
                                           n_neighbors=5, p=2,
                                           weights='uniform'),
             iid='deprecated', n_jobs=-1,
             param_grid={'algorithm': ['auto'], 'leaf_size': [1, 2, 3, 5],
                         'n_jobs': [-1], 'n_neighbors': [3, 5, 6, 7, 8, 9, 10],
                         'weights': ['uniform', 'distance']},
             pre_dispatch='2*n_jobs', refit=True, return_train_score=False,
             scoring='neg_mean_absolute_error', verbose=1)
Fitting 3 folds for each of 56 candidates, totalling 168 fits
[Parallel(n_jobs=-1)]: Done 168 out of 168 | elapsed: 75.0min finished
[Parallel(n_jobs=-1)]: Using backend LokyBackend with 48 concurrent workers.
Best parameters & score set found on development set:

-0.2436343518967532
{'algorithm': 'auto', 'leaf_size': 2, 'n_jobs': -1, 'n_neighbors': 10, 'weights': 'uniform'}

Grid scores on development set:


Testing Set: 
MAE: 3.7691256489282274
MSE: 55.54581092983898
RMSE: 7.452906206966446
r2score: 0.9786549511378931

--- 5623.051401376724 seconds ---

Evap

(216, 12, 70, 40)
(216, 2)
(604800, 2)
(604800,)
(436800, 2)
(436800,)
(168000, 2)

Heloo every one,this is a grid search on ([0, 11], features, MonthAhead:  0

GridSearchCV(cv=TimeSeriesSplit(max_train_size=None, n_splits=3),
             error_score=nan,
             estimator=KNeighborsRegressor(algorithm='auto', leaf_size=30,
                                           metric='minkowski',
                                           metric_params=None, n_jobs=None,
                                           n_neighbors=5, p=2,
                                           weights='uniform'),
             iid='deprecated', n_jobs=-1,
             param_grid={'algorithm': ['auto'], 'leaf_size': [1, 2, 3, 5],
                         'n_jobs': [-1], 'n_neighbors': [3, 5, 6, 7, 8, 9, 10],
                         'weights': ['uniform', 'distance']},
             pre_dispatch='2*n_jobs', refit=True, return_train_score=False,
             scoring='neg_mean_absolute_error', verbose=1)
Fitting 3 folds for each of 56 candidates, totalling 168 fits
[Parallel(n_jobs=-1)]: Done 168 out of 168 | elapsed: 75.1min finished
[Parallel(n_jobs=-1)]: Using backend LokyBackend with 48 concurrent workers.
Best parameters & score set found on development set:

-0.22293561462940062
{'algorithm': 'auto', 'leaf_size': 1, 'n_jobs': -1, 'n_neighbors': 10, 'weights': 'uniform'}

Grid scores on development set:


Testing Set: 
MAE: 3.617923702687509
MSE: 52.94495255718681
RMSE: 7.276328233194735
r2score: 0.9796544045281371

--- 8184.685762166977 seconds ---

Evap

(216, 12, 70, 40)
(216, 2)
(604800, 4)
(604800,)
(436800, 4)
(436800,)
(168000, 4)

Heloo every one,this is a grid search on ([0, 11, 1, 2], features, MonthAhead:  0

GridSearchCV(cv=TimeSeriesSplit(max_train_size=None, n_splits=3),
             error_score=nan,
             estimator=KNeighborsRegressor(algorithm='auto', leaf_size=30,
                                           metric='minkowski',
                                           metric_params=None, n_jobs=None,
                                           n_neighbors=5, p=2,
                                           weights='uniform'),
             iid='deprecated', n_jobs=-1,
             param_grid={'algorithm': ['auto'], 'leaf_size': [1, 2, 3, 5],
                         'n_jobs': [-1], 'n_neighbors': [3, 5, 6, 7, 8, 9, 10],
                         'weights': ['uniform', 'distance']},
             pre_dispatch='2*n_jobs', refit=True, return_train_score=False,
             scoring='neg_mean_absolute_error', verbose=1)
Fitting 3 folds for each of 56 candidates, totalling 168 fits
[Parallel(n_jobs=-1)]: Done 168 out of 168 | elapsed: 94.9min finished
[Parallel(n_jobs=-1)]: Using backend LokyBackend with 48 concurrent workers.
Best parameters & score set found on development set:

-0.20821915125273216
{'algorithm': 'auto', 'leaf_size': 5, 'n_jobs': -1, 'n_neighbors': 10, 'weights': 'uniform'}

Grid scores on development set:


Testing Set: 
MAE: 3.3383735131293317
MSE: 48.02582013376514
RMSE: 6.930066387399556
r2score: 0.9815447202905577

--- 9147.326303720474 seconds ---

Evap

(216, 12, 70, 40)
(216, 2)
(604800, 4)
(604800,)
(436800, 4)
(436800,)
(168000, 4)

Heloo every one,this is a grid search on ([0, 11, 1, 10], features, MonthAhead:  0

GridSearchCV(cv=TimeSeriesSplit(max_train_size=None, n_splits=3),
             error_score=nan,
             estimator=KNeighborsRegressor(algorithm='auto', leaf_size=30,
                                           metric='minkowski',
                                           metric_params=None, n_jobs=None,
                                           n_neighbors=5, p=2,
                                           weights='uniform'),
             iid='deprecated', n_jobs=-1,
             param_grid={'algorithm': ['auto'], 'leaf_size': [1, 2, 3, 5],
                         'n_jobs': [-1], 'n_neighbors': [3, 5, 6, 7, 8, 9, 10],
                         'weights': ['uniform', 'distance']},
             pre_dispatch='2*n_jobs', refit=True, return_train_score=False,
             scoring='neg_mean_absolute_error', verbose=1)
Fitting 3 folds for each of 56 candidates, totalling 168 fits
[Parallel(n_jobs=-1)]: Done 168 out of 168 | elapsed: 130.3min finished
[Parallel(n_jobs=-1)]: Using backend LokyBackend with 48 concurrent workers.
Best parameters & score set found on development set:

-0.20828029568019024
{'algorithm': 'auto', 'leaf_size': 3, 'n_jobs': -1, 'n_neighbors': 10, 'weights': 'uniform'}

Grid scores on development set:


Testing Set: 
MAE: 3.3334690165336296
MSE: 47.97167371276099
RMSE: 6.92615865489385
r2score: 0.9815655275842616

--- 9997.454845666885 seconds ---

Humid

(216, 12, 70, 40)
(216, 2)
(604800, 1)
(604800,)
(436800, 1)
(436800,)
(168000, 1)

Heloo every one,this is a grid search on ([11], features, MonthAhead:  0

GridSearchCV(cv=TimeSeriesSplit(max_train_size=None, n_splits=3),
             error_score=nan,
             estimator=KNeighborsRegressor(algorithm='auto', leaf_size=30,
                                           metric='minkowski',
                                           metric_params=None, n_jobs=None,
                                           n_neighbors=5, p=2,
                                           weights='uniform'),
             iid='deprecated', n_jobs=-1,
             param_grid={'algorithm': ['auto'], 'leaf_size': [1, 2, 3, 5],
                         'n_jobs': [-1], 'n_neighbors': [3, 5, 6, 7, 8, 9, 10],
                         'weights': ['uniform', 'distance']},
             pre_dispatch='2*n_jobs', refit=True, return_train_score=False,
             scoring='neg_mean_absolute_error', verbose=1)
Fitting 3 folds for each of 56 candidates, totalling 168 fits
[Parallel(n_jobs=-1)]: Done 168 out of 168 | elapsed: 134.2min finished
[Parallel(n_jobs=-1)]: Using backend LokyBackend with 48 concurrent workers.
Best parameters & score set found on development set:

-0.22013577138385418
{'algorithm': 'auto', 'leaf_size': 5, 'n_jobs': -1, 'n_neighbors': 10, 'weights': 'uniform'}

Grid scores on development set:


Testing Set: 
MAE: 4.63549323606603
MSE: 73.65652393546019
RMSE: 8.58233790615705
r2score: 0.981421464846724

--- 5063.724566459656 seconds ---

Humid

(216, 12, 70, 40)
(216, 2)
(604800, 1)
(604800,)
(436800, 1)
(436800,)
(168000, 1)

Heloo every one,this is a grid search on ([0], features, MonthAhead:  0

GridSearchCV(cv=TimeSeriesSplit(max_train_size=None, n_splits=3),
             error_score=nan,
             estimator=KNeighborsRegressor(algorithm='auto', leaf_size=30,
                                           metric='minkowski',
                                           metric_params=None, n_jobs=None,
                                           n_neighbors=5, p=2,
                                           weights='uniform'),
             iid='deprecated', n_jobs=-1,
             param_grid={'algorithm': ['auto'], 'leaf_size': [1, 2, 3, 5],
                         'n_jobs': [-1], 'n_neighbors': [3, 5, 6, 7, 8, 9, 10],
                         'weights': ['uniform', 'distance']},
             pre_dispatch='2*n_jobs', refit=True, return_train_score=False,
             scoring='neg_mean_absolute_error', verbose=1)
Fitting 3 folds for each of 56 candidates, totalling 168 fits
[Parallel(n_jobs=-1)]: Done 168 out of 168 | elapsed: 71.4min finished
[Parallel(n_jobs=-1)]: Using backend LokyBackend with 48 concurrent workers.
Best parameters & score set found on development set:

-0.12398670398188544
{'algorithm': 'auto', 'leaf_size': 2, 'n_jobs': -1, 'n_neighbors': 10, 'weights': 'distance'}

Grid scores on development set:


Testing Set: 
MAE: 2.622894856207614
MSE: 28.69459377354552
RMSE: 5.356733498462054
r2score: 0.9927623041293951

--- 5330.509555101395 seconds ---

Humid

(216, 12, 70, 40)
(216, 2)
(604800, 2)
(604800,)
(436800, 2)
(436800,)
(168000, 2)

Heloo every one,this is a grid search on ([0, 11], features, MonthAhead:  0

GridSearchCV(cv=TimeSeriesSplit(max_train_size=None, n_splits=3),
             error_score=nan,
             estimator=KNeighborsRegressor(algorithm='auto', leaf_size=30,
                                           metric='minkowski',
                                           metric_params=None, n_jobs=None,
                                           n_neighbors=5, p=2,
                                           weights='uniform'),
             iid='deprecated', n_jobs=-1,
             param_grid={'algorithm': ['auto'], 'leaf_size': [1, 2, 3, 5],
                         'n_jobs': [-1], 'n_neighbors': [3, 5, 6, 7, 8, 9, 10],
                         'weights': ['uniform', 'distance']},
             pre_dispatch='2*n_jobs', refit=True, return_train_score=False,
             scoring='neg_mean_absolute_error', verbose=1)
Fitting 3 folds for each of 56 candidates, totalling 168 fits
[Parallel(n_jobs=-1)]: Done 168 out of 168 | elapsed: 71.4min finished
[Parallel(n_jobs=-1)]: Using backend LokyBackend with 48 concurrent workers.
Best parameters & score set found on development set:

-0.11973299214586745
{'algorithm': 'auto', 'leaf_size': 5, 'n_jobs': -1, 'n_neighbors': 10, 'weights': 'uniform'}

Grid scores on development set:


Testing Set: 
MAE: 2.572782654434239
MSE: 26.679236064782522
RMSE: 5.165194678304248
r2score: 0.9932706419118227

--- 6341.600802659988 seconds ---

Humid

(216, 12, 70, 40)
(216, 2)
(604800, 4)
(604800,)
(436800, 4)
(436800,)
(168000, 4)

Heloo every one,this is a grid search on ([0, 11, 1, 2], features, MonthAhead:  0

GridSearchCV(cv=TimeSeriesSplit(max_train_size=None, n_splits=3),
             error_score=nan,
             estimator=KNeighborsRegressor(algorithm='auto', leaf_size=30,
                                           metric='minkowski',
                                           metric_params=None, n_jobs=None,
                                           n_neighbors=5, p=2,
                                           weights='uniform'),
             iid='deprecated', n_jobs=-1,
             param_grid={'algorithm': ['auto'], 'leaf_size': [1, 2, 3, 5],
                         'n_jobs': [-1], 'n_neighbors': [3, 5, 6, 7, 8, 9, 10],
                         'weights': ['uniform', 'distance']},
             pre_dispatch='2*n_jobs', refit=True, return_train_score=False,
             scoring='neg_mean_absolute_error', verbose=1)
Fitting 3 folds for each of 56 candidates, totalling 168 fits
[Parallel(n_jobs=-1)]: Done 168 out of 168 | elapsed: 89.6min finished
[Parallel(n_jobs=-1)]: Using backend LokyBackend with 48 concurrent workers.
Best parameters & score set found on development set:

-0.11567170988503221
{'algorithm': 'auto', 'leaf_size': 2, 'n_jobs': -1, 'n_neighbors': 10, 'weights': 'uniform'}

Grid scores on development set:


Testing Set: 
MAE: 2.3980981004963016
MSE: 23.558662968957922
RMSE: 4.853726709339734
r2score: 0.9940577504238935

--- 9234.646049261093 seconds ---

Humid

(216, 12, 70, 40)
(216, 2)
(604800, 4)
(604800,)
(436800, 4)
(436800,)
(168000, 4)

Heloo every one,this is a grid search on ([0, 11, 1, 10], features, MonthAhead:  0

GridSearchCV(cv=TimeSeriesSplit(max_train_size=None, n_splits=3),
             error_score=nan,
             estimator=KNeighborsRegressor(algorithm='auto', leaf_size=30,
                                           metric='minkowski',
                                           metric_params=None, n_jobs=None,
                                           n_neighbors=5, p=2,
                                           weights='uniform'),
             iid='deprecated', n_jobs=-1,
             param_grid={'algorithm': ['auto'], 'leaf_size': [1, 2, 3, 5],
                         'n_jobs': [-1], 'n_neighbors': [3, 5, 6, 7, 8, 9, 10],
                         'weights': ['uniform', 'distance']},
             pre_dispatch='2*n_jobs', refit=True, return_train_score=False,
             scoring='neg_mean_absolute_error', verbose=1)
Fitting 3 folds for each of 56 candidates, totalling 168 fits
[Parallel(n_jobs=-1)]: Done 168 out of 168 | elapsed: 123.2min finished
[Parallel(n_jobs=-1)]: Using backend LokyBackend with 48 concurrent workers.
Best parameters & score set found on development set:

-0.1140084328637107
{'algorithm': 'auto', 'leaf_size': 2, 'n_jobs': -1, 'n_neighbors': 10, 'weights': 'uniform'}

Grid scores on development set:


Testing Set: 
MAE: 2.5110800357049086
MSE: 25.40331697950973
RMSE: 5.040170332390536
r2score: 0.9935924695831808

--- 9225.84679365158 seconds ---

Temp

(216, 12, 70, 40)
(216, 2)
(604800, 1)
(604800,)
(436800, 1)
(436800,)
(168000, 1)

Heloo every one,this is a grid search on ([11], features, MonthAhead:  0

GridSearchCV(cv=TimeSeriesSplit(max_train_size=None, n_splits=3),
             error_score=nan,
             estimator=KNeighborsRegressor(algorithm='auto', leaf_size=30,
                                           metric='minkowski',
                                           metric_params=None, n_jobs=None,
                                           n_neighbors=5, p=2,
                                           weights='uniform'),
             iid='deprecated', n_jobs=-1,
             param_grid={'algorithm': ['auto'], 'leaf_size': [1, 2, 3, 5],
                         'n_jobs': [-1], 'n_neighbors': [3, 5, 6, 7, 8, 9, 10],
                         'weights': ['uniform', 'distance']},
             pre_dispatch='2*n_jobs', refit=True, return_train_score=False,
             scoring='neg_mean_absolute_error', verbose=1)
Fitting 3 folds for each of 56 candidates, totalling 168 fits
[Parallel(n_jobs=-1)]: Done 168 out of 168 | elapsed: 123.3min finished
[Parallel(n_jobs=-1)]: Using backend LokyBackend with 48 concurrent workers.
Best parameters & score set found on development set:

-0.21754517293820938
{'algorithm': 'auto', 'leaf_size': 5, 'n_jobs': -1, 'n_neighbors': 10, 'weights': 'uniform'}

Grid scores on development set:


Testing Set: 
MAE: 5.164335079747683
MSE: 88.35577335366717
RMSE: 9.399775175697936
r2score: 0.9862530885465408

--- 5044.073455810547 seconds ---

Temp

(216, 12, 70, 40)
(216, 2)
(604800, 1)
(604800,)
(436800, 1)
(436800,)
(168000, 1)

Heloo every one,this is a grid search on ([0], features, MonthAhead:  0

GridSearchCV(cv=TimeSeriesSplit(max_train_size=None, n_splits=3),
             error_score=nan,
             estimator=KNeighborsRegressor(algorithm='auto', leaf_size=30,
                                           metric='minkowski',
                                           metric_params=None, n_jobs=None,
                                           n_neighbors=5, p=2,
                                           weights='uniform'),
             iid='deprecated', n_jobs=-1,
             param_grid={'algorithm': ['auto'], 'leaf_size': [1, 2, 3, 5],
                         'n_jobs': [-1], 'n_neighbors': [3, 5, 6, 7, 8, 9, 10],
                         'weights': ['uniform', 'distance']},
             pre_dispatch='2*n_jobs', refit=True, return_train_score=False,
             scoring='neg_mean_absolute_error', verbose=1)
Fitting 3 folds for each of 56 candidates, totalling 168 fits
[Parallel(n_jobs=-1)]: Done 168 out of 168 | elapsed: 71.1min finished
[Parallel(n_jobs=-1)]: Using backend LokyBackend with 48 concurrent workers.
Best parameters & score set found on development set:

-0.07414274132553564
{'algorithm': 'auto', 'leaf_size': 1, 'n_jobs': -1, 'n_neighbors': 10, 'weights': 'uniform'}

Grid scores on development set:


Testing Set: 
MAE: 1.7204751784050245
MSE: 9.741808664659308
RMSE: 3.1211870601838827
r2score: 0.9984843120485906

--- 5928.549405097961 seconds ---

Temp

(216, 12, 70, 40)
(216, 2)
(604800, 2)
(604800,)
(436800, 2)
(436800,)
(168000, 2)

Heloo every one,this is a grid search on ([0, 11], features, MonthAhead:  0

GridSearchCV(cv=TimeSeriesSplit(max_train_size=None, n_splits=3),
             error_score=nan,
             estimator=KNeighborsRegressor(algorithm='auto', leaf_size=30,
                                           metric='minkowski',
                                           metric_params=None, n_jobs=None,
                                           n_neighbors=5, p=2,
                                           weights='uniform'),
             iid='deprecated', n_jobs=-1,
             param_grid={'algorithm': ['auto'], 'leaf_size': [1, 2, 3, 5],
                         'n_jobs': [-1], 'n_neighbors': [3, 5, 6, 7, 8, 9, 10],
                         'weights': ['uniform', 'distance']},
             pre_dispatch='2*n_jobs', refit=True, return_train_score=False,
             scoring='neg_mean_absolute_error', verbose=1)
Fitting 3 folds for each of 56 candidates, totalling 168 fits
[Parallel(n_jobs=-1)]: Done 168 out of 168 | elapsed: 70.7min finished
[Parallel(n_jobs=-1)]: Using backend LokyBackend with 48 concurrent workers.
Best parameters & score set found on development set:

-0.07128808056802301
{'algorithm': 'auto', 'leaf_size': 3, 'n_jobs': -1, 'n_neighbors': 10, 'weights': 'uniform'}

Grid scores on development set:


Testing Set: 
MAE: 1.6777492305574806
MSE: 9.507496669300805
RMSE: 3.0834228820096676
r2score: 0.9985207676884477

--- 6723.482101202011 seconds ---

Temp

(216, 12, 70, 40)
(216, 2)
(604800, 4)
(604800,)
(436800, 4)
(436800,)
(168000, 4)

Heloo every one,this is a grid search on ([0, 11, 1, 2], features, MonthAhead:  0

GridSearchCV(cv=TimeSeriesSplit(max_train_size=None, n_splits=3),
             error_score=nan,
             estimator=KNeighborsRegressor(algorithm='auto', leaf_size=30,
                                           metric='minkowski',
                                           metric_params=None, n_jobs=None,
                                           n_neighbors=5, p=2,
                                           weights='uniform'),
             iid='deprecated', n_jobs=-1,
             param_grid={'algorithm': ['auto'], 'leaf_size': [1, 2, 3, 5],
                         'n_jobs': [-1], 'n_neighbors': [3, 5, 6, 7, 8, 9, 10],
                         'weights': ['uniform', 'distance']},
             pre_dispatch='2*n_jobs', refit=True, return_train_score=False,
             scoring='neg_mean_absolute_error', verbose=1)
Fitting 3 folds for each of 56 candidates, totalling 168 fits
[Parallel(n_jobs=-1)]: Done 168 out of 168 | elapsed: 89.6min finished
[Parallel(n_jobs=-1)]: Using backend LokyBackend with 48 concurrent workers.
Best parameters & score set found on development set:

-0.06540307182914123
{'algorithm': 'auto', 'leaf_size': 2, 'n_jobs': -1, 'n_neighbors': 10, 'weights': 'uniform'}

Grid scores on development set:


Testing Set: 
MAE: 1.5992494367557148
MSE: 8.62691126642837
RMSE: 2.937160408698914
r2score: 0.9986577743502766

--- 8943.034852743149 seconds ---

Temp

(216, 12, 70, 40)
(216, 2)
(604800, 4)
(604800,)
(436800, 4)
(436800,)
(168000, 4)

Heloo every one,this is a grid search on ([0, 11, 1, 10], features, MonthAhead:  0

GridSearchCV(cv=TimeSeriesSplit(max_train_size=None, n_splits=3),
             error_score=nan,
             estimator=KNeighborsRegressor(algorithm='auto', leaf_size=30,
                                           metric='minkowski',
                                           metric_params=None, n_jobs=None,
                                           n_neighbors=5, p=2,
                                           weights='uniform'),
             iid='deprecated', n_jobs=-1,
             param_grid={'algorithm': ['auto'], 'leaf_size': [1, 2, 3, 5],
                         'n_jobs': [-1], 'n_neighbors': [3, 5, 6, 7, 8, 9, 10],
                         'weights': ['uniform', 'distance']},
             pre_dispatch='2*n_jobs', refit=True, return_train_score=False,
             scoring='neg_mean_absolute_error', verbose=1)
Fitting 3 folds for each of 56 candidates, totalling 168 fits
[Parallel(n_jobs=-1)]: Done 168 out of 168 | elapsed: 118.5min finished
[Parallel(n_jobs=-1)]: Using backend LokyBackend with 48 concurrent workers.
Best parameters & score set found on development set:

-0.06656988476576951
{'algorithm': 'auto', 'leaf_size': 2, 'n_jobs': -1, 'n_neighbors': 10, 'weights': 'uniform'}

Grid scores on development set:


Testing Set: 
MAE: 1.585381393607271
MSE: 8.086709817580097
RMSE: 2.8437140885785435
r2score: 0.9987418220723719

--- 8561.243088006973 seconds ---

Wind

(216, 12, 70, 40)
(216, 2)
(604800, 1)
(604800,)
(436800, 1)
(436800,)
(168000, 1)

Heloo every one,this is a grid search on ([11], features, MonthAhead:  0

GridSearchCV(cv=TimeSeriesSplit(max_train_size=None, n_splits=3),
             error_score=nan,
             estimator=KNeighborsRegressor(algorithm='auto', leaf_size=30,
                                           metric='minkowski',
                                           metric_params=None, n_jobs=None,
                                           n_neighbors=5, p=2,
                                           weights='uniform'),
             iid='deprecated', n_jobs=-1,
             param_grid={'algorithm': ['auto'], 'leaf_size': [1, 2, 3, 5],
                         'n_jobs': [-1], 'n_neighbors': [3, 5, 6, 7, 8, 9, 10],
                         'weights': ['uniform', 'distance']},
             pre_dispatch='2*n_jobs', refit=True, return_train_score=False,
             scoring='neg_mean_absolute_error', verbose=1)
Fitting 3 folds for each of 56 candidates, totalling 168 fits
[Parallel(n_jobs=-1)]: Done 168 out of 168 | elapsed: 122.8min finished
[Parallel(n_jobs=-1)]: Using backend LokyBackend with 48 concurrent workers.
Best parameters & score set found on development set:

-0.17360875137393303
{'algorithm': 'auto', 'leaf_size': 5, 'n_jobs': -1, 'n_neighbors': 10, 'weights': 'uniform'}

Grid scores on development set:


Testing Set: 
MAE: 3.038122105895942
MSE: 32.37006885526601
RMSE: 5.689469997747243
r2score: 0.9809382525928617

--- 5136.529262304306 seconds ---

Wind

(216, 12, 70, 40)
(216, 2)
(604800, 1)
(604800,)
(436800, 1)
(436800,)
(168000, 1)

Heloo every one,this is a grid search on ([0], features, MonthAhead:  0

GridSearchCV(cv=TimeSeriesSplit(max_train_size=None, n_splits=3),
             error_score=nan,
             estimator=KNeighborsRegressor(algorithm='auto', leaf_size=30,
                                           metric='minkowski',
                                           metric_params=None, n_jobs=None,
                                           n_neighbors=5, p=2,
                                           weights='uniform'),
             iid='deprecated', n_jobs=-1,
             param_grid={'algorithm': ['auto'], 'leaf_size': [1, 2, 3, 5],
                         'n_jobs': [-1], 'n_neighbors': [3, 5, 6, 7, 8, 9, 10],
                         'weights': ['uniform', 'distance']},
             pre_dispatch='2*n_jobs', refit=True, return_train_score=False,
             scoring='neg_mean_absolute_error', verbose=1)
Fitting 3 folds for each of 56 candidates, totalling 168 fits
[Parallel(n_jobs=-1)]: Done 168 out of 168 | elapsed: 72.4min finished
[Parallel(n_jobs=-1)]: Using backend LokyBackend with 48 concurrent workers.
Best parameters & score set found on development set:

-0.1517646566517813
{'algorithm': 'auto', 'leaf_size': 2, 'n_jobs': -1, 'n_neighbors': 10, 'weights': 'uniform'}

Grid scores on development set:


Testing Set: 
MAE: 2.4894974910834042
MSE: 21.917316981817038
RMSE: 4.681593423378096
r2score: 0.9870935597320606

--- 5422.89848947525 seconds ---

Wind

(216, 12, 70, 40)
(216, 2)
(604800, 2)
(604800,)
(436800, 2)
(436800,)
(168000, 2)

Heloo every one,this is a grid search on ([0, 11], features, MonthAhead:  0

GridSearchCV(cv=TimeSeriesSplit(max_train_size=None, n_splits=3),
             error_score=nan,
             estimator=KNeighborsRegressor(algorithm='auto', leaf_size=30,
                                           metric='minkowski',
                                           metric_params=None, n_jobs=None,
                                           n_neighbors=5, p=2,
                                           weights='uniform'),
             iid='deprecated', n_jobs=-1,
             param_grid={'algorithm': ['auto'], 'leaf_size': [1, 2, 3, 5],
                         'n_jobs': [-1], 'n_neighbors': [3, 5, 6, 7, 8, 9, 10],
                         'weights': ['uniform', 'distance']},
             pre_dispatch='2*n_jobs', refit=True, return_train_score=False,
             scoring='neg_mean_absolute_error', verbose=1)
Fitting 3 folds for each of 56 candidates, totalling 168 fits
[Parallel(n_jobs=-1)]: Done 168 out of 168 | elapsed: 72.4min finished
[Parallel(n_jobs=-1)]: Using backend LokyBackend with 48 concurrent workers.
Best parameters & score set found on development set:

-0.14363594048726902
{'algorithm': 'auto', 'leaf_size': 3, 'n_jobs': -1, 'n_neighbors': 10, 'weights': 'uniform'}

Grid scores on development set:


Testing Set: 
MAE: 2.4042751500930692
MSE: 20.43415204007108
RMSE: 4.520415029626271
r2score: 0.9879669503822038

--- 6844.316252946854 seconds ---

Wind

(216, 12, 70, 40)
(216, 2)
(604800, 4)
(604800,)
(436800, 4)
(436800,)
(168000, 4)

Heloo every one,this is a grid search on ([0, 11, 1, 2], features, MonthAhead:  0

GridSearchCV(cv=TimeSeriesSplit(max_train_size=None, n_splits=3),
             error_score=nan,
             estimator=KNeighborsRegressor(algorithm='auto', leaf_size=30,
                                           metric='minkowski',
                                           metric_params=None, n_jobs=None,
                                           n_neighbors=5, p=2,
                                           weights='uniform'),
             iid='deprecated', n_jobs=-1,
             param_grid={'algorithm': ['auto'], 'leaf_size': [1, 2, 3, 5],
                         'n_jobs': [-1], 'n_neighbors': [3, 5, 6, 7, 8, 9, 10],
                         'weights': ['uniform', 'distance']},
             pre_dispatch='2*n_jobs', refit=True, return_train_score=False,
             scoring='neg_mean_absolute_error', verbose=1)
Fitting 3 folds for each of 56 candidates, totalling 168 fits
[Parallel(n_jobs=-1)]: Done 168 out of 168 | elapsed: 90.8min finished
[Parallel(n_jobs=-1)]: Using backend LokyBackend with 48 concurrent workers.
