Submitting SLURM job
Rain

(216, 12, 70, 40)
(216, 2)
(604800, 4)
(604800,)
(436800, 4)
(436800,)
(168000, 4)

Heloo every one,this is a grid search on ([11] features, Month Ahead: 1

GridSearchCV(cv=TimeSeriesSplit(max_train_size=None, n_splits=3),
             error_score=nan,
             estimator=XGBRegressor(base_score=None, booster=None,
                                    colsample_bylevel=None,
                                    colsample_bynode=None,
                                    colsample_bytree=None, gamma=None,
                                    gpu_id=None, importance_type='gain',
                                    interaction_constraints=None,
                                    learning_rate=None, max_delta_step=None,
                                    max_depth=None, min_child_weight=None,...
                                    reg_lambda=None, scale_pos_weight=None,
                                    subsample=None, tree_method=None,
                                    validate_parameters=False, verbose=1,
                                    verbosity=None),
             iid='deprecated', n_jobs=3,
             param_grid={'gamma': [0.0, 0.1, 0.2, 0.3, 0.4],
                         'max_depth': [3, 4, 5, 6, 8, 10],
                         'min_child_weight': [1, 3, 5],
                         'n_estimators': [50, 100, 200, 300, 600]},
             pre_dispatch='2*n_jobs', refit=True, return_train_score=False,
             scoring='neg_mean_absolute_error', verbose=1)
Fitting 3 folds for each of 450 candidates, totalling 1350 fits
[Parallel(n_jobs=3)]: Using backend LokyBackend with 3 concurrent workers.
[Parallel(n_jobs=3)]: Done  44 tasks      | elapsed:  4.7min
/opt/anaconda3/lib/python3.7/site-packages/joblib/externals/loky/process_executor.py:706: UserWarning: A worker stopped while some jobs were given to the executor. This can be caused by a too short worker timeout or by a memory leak.
  "timeout or by a memory leak.", UserWarning
[Parallel(n_jobs=3)]: Done 194 tasks      | elapsed: 31.8min
[Parallel(n_jobs=3)]: Done 444 tasks      | elapsed: 81.1min
[Parallel(n_jobs=3)]: Done 794 tasks      | elapsed: 149.9min
[Parallel(n_jobs=3)]: Done 1244 tasks      | elapsed: 226.8min
Best parameters & score set found on development set:

-0.14058862413811693
{'gamma': 0.1, 'max_depth': 3, 'min_child_weight': 3, 'n_estimators': 50}

Grid scores on development set:


Testing Set: 
MAE: 2.6645971471241543
MSE: 36.79038599323943
RMSE: 6.06550789243897
r2score: -0.016669369962564184

--- 15331.077374219894 seconds ---

Rain

(216, 12, 70, 40)
(216, 2)
(604800, 4)
(604800,)
(436800, 4)
(436800,)
(168000, 4)

Heloo every one,this is a grid search on ([0] features, Month Ahead: 1

GridSearchCV(cv=TimeSeriesSplit(max_train_size=None, n_splits=3),
             error_score=nan,
             estimator=XGBRegressor(base_score=None, booster=None,
                                    colsample_bylevel=None,
                                    colsample_bynode=None,
                                    colsample_bytree=None, gamma=None,
                                    gpu_id=None, importance_type='gain',
                                    interaction_constraints=None,
                                    learning_rate=None, max_delta_step=None,
                                    max_depth=None, min_child_weight=None,...
                                    reg_lambda=None, scale_pos_weight=None,
                                    subsample=None, tree_method=None,
                                    validate_parameters=False, verbose=1,
                                    verbosity=None),
             iid='deprecated', n_jobs=3,
             param_grid={'gamma': [0.0, 0.1, 0.2, 0.3, 0.4],
                         'max_depth': [3, 4, 5, 6, 8, 10],
                         'min_child_weight': [1, 3, 5],
                         'n_estimators': [50, 100, 200, 300, 600]},
             pre_dispatch='2*n_jobs', refit=True, return_train_score=False,
             scoring='neg_mean_absolute_error', verbose=1)
Fitting 3 folds for each of 450 candidates, totalling 1350 fits
[Parallel(n_jobs=3)]: Done 1350 out of 1350 | elapsed: 255.4min finished
[Parallel(n_jobs=3)]: Using backend LokyBackend with 3 concurrent workers.
/opt/anaconda3/lib/python3.7/site-packages/joblib/externals/loky/process_executor.py:706: UserWarning: A worker stopped while some jobs were given to the executor. This can be caused by a too short worker timeout or by a memory leak.
  "timeout or by a memory leak.", UserWarning
[Parallel(n_jobs=3)]: Done  44 tasks      | elapsed:  4.7min
[Parallel(n_jobs=3)]: Done 194 tasks      | elapsed: 31.9min
[Parallel(n_jobs=3)]: Done 444 tasks      | elapsed: 81.1min
[Parallel(n_jobs=3)]: Done 794 tasks      | elapsed: 150.1min
[Parallel(n_jobs=3)]: Done 1244 tasks      | elapsed: 227.6min
Best parameters & score set found on development set:

-0.14075893005167198
{'gamma': 0.1, 'max_depth': 3, 'min_child_weight': 5, 'n_estimators': 50}

Grid scores on development set:


Testing Set: 
MAE: 2.6878840168544222
MSE: 39.260078300002924
RMSE: 6.265786327349739
r2score: -0.08491710517197526

--- 15329.328047513962 seconds ---

Rain

(216, 12, 70, 40)
(216, 2)
(604800, 5)
(604800,)
(436800, 5)
(436800,)
(168000, 5)

Heloo every one,this is a grid search on ([0, 11] features, Month Ahead: 1

GridSearchCV(cv=TimeSeriesSplit(max_train_size=None, n_splits=3),
             error_score=nan,
             estimator=XGBRegressor(base_score=None, booster=None,
                                    colsample_bylevel=None,
                                    colsample_bynode=None,
                                    colsample_bytree=None, gamma=None,
                                    gpu_id=None, importance_type='gain',
                                    interaction_constraints=None,
                                    learning_rate=None, max_delta_step=None,
                                    max_depth=None, min_child_weight=None,...
                                    reg_lambda=None, scale_pos_weight=None,
                                    subsample=None, tree_method=None,
                                    validate_parameters=False, verbose=1,
                                    verbosity=None),
             iid='deprecated', n_jobs=3,
             param_grid={'gamma': [0.0, 0.1, 0.2, 0.3, 0.4],
                         'max_depth': [3, 4, 5, 6, 8, 10],
                         'min_child_weight': [1, 3, 5],
                         'n_estimators': [50, 100, 200, 300, 600]},
             pre_dispatch='2*n_jobs', refit=True, return_train_score=False,
             scoring='neg_mean_absolute_error', verbose=1)
Fitting 3 folds for each of 450 candidates, totalling 1350 fits
[Parallel(n_jobs=3)]: Done 1350 out of 1350 | elapsed: 255.3min finished
[Parallel(n_jobs=3)]: Using backend LokyBackend with 3 concurrent workers.
/opt/anaconda3/lib/python3.7/site-packages/joblib/externals/loky/process_executor.py:706: UserWarning: A worker stopped while some jobs were given to the executor. This can be caused by a too short worker timeout or by a memory leak.
  "timeout or by a memory leak.", UserWarning
[Parallel(n_jobs=3)]: Done  44 tasks      | elapsed:  5.1min
[Parallel(n_jobs=3)]: Done 194 tasks      | elapsed: 35.2min
[Parallel(n_jobs=3)]: Done 444 tasks      | elapsed: 91.1min
[Parallel(n_jobs=3)]: Done 794 tasks      | elapsed: 170.7min
[Parallel(n_jobs=3)]: Done 1244 tasks      | elapsed: 258.9min
Best parameters & score set found on development set:

-0.14095675482262168
{'gamma': 0.3, 'max_depth': 3, 'min_child_weight': 5, 'n_estimators': 50}

Grid scores on development set:


Testing Set: 
MAE: 2.6690872293653944
MSE: 38.8845727495909
RMSE: 6.235749573995968
r2score: -0.07454034556350075

--- 17459.89994239807 seconds ---

Rain

(216, 12, 70, 40)
(216, 2)
(604800, 5)
(604800,)
(436800, 5)
(436800,)
(168000, 5)

Heloo every one,this is a grid search on ([10, 11] features, Month Ahead: 1

GridSearchCV(cv=TimeSeriesSplit(max_train_size=None, n_splits=3),
             error_score=nan,
             estimator=XGBRegressor(base_score=None, booster=None,
                                    colsample_bylevel=None,
                                    colsample_bynode=None,
                                    colsample_bytree=None, gamma=None,
                                    gpu_id=None, importance_type='gain',
                                    interaction_constraints=None,
                                    learning_rate=None, max_delta_step=None,
                                    max_depth=None, min_child_weight=None,...
                                    reg_lambda=None, scale_pos_weight=None,
                                    subsample=None, tree_method=None,
                                    validate_parameters=False, verbose=1,
                                    verbosity=None),
             iid='deprecated', n_jobs=3,
             param_grid={'gamma': [0.0, 0.1, 0.2, 0.3, 0.4],
                         'max_depth': [3, 4, 5, 6, 8, 10],
                         'min_child_weight': [1, 3, 5],
                         'n_estimators': [50, 100, 200, 300, 600]},
             pre_dispatch='2*n_jobs', refit=True, return_train_score=False,
             scoring='neg_mean_absolute_error', verbose=1)
Fitting 3 folds for each of 450 candidates, totalling 1350 fits
[Parallel(n_jobs=3)]: Done 1350 out of 1350 | elapsed: 290.8min finished
[Parallel(n_jobs=3)]: Using backend LokyBackend with 3 concurrent workers.
/opt/anaconda3/lib/python3.7/site-packages/joblib/externals/loky/process_executor.py:706: UserWarning: A worker stopped while some jobs were given to the executor. This can be caused by a too short worker timeout or by a memory leak.
  "timeout or by a memory leak.", UserWarning
[Parallel(n_jobs=3)]: Done  44 tasks      | elapsed:  5.1min
[Parallel(n_jobs=3)]: Done 194 tasks      | elapsed: 35.3min
[Parallel(n_jobs=3)]: Done 444 tasks      | elapsed: 91.1min
[Parallel(n_jobs=3)]: Done 794 tasks      | elapsed: 170.2min
[Parallel(n_jobs=3)]: Done 1244 tasks      | elapsed: 257.9min
Best parameters & score set found on development set:

-0.14358499261447463
{'gamma': 0.4, 'max_depth': 3, 'min_child_weight': 3, 'n_estimators': 50}

Grid scores on development set:


Testing Set: 
MAE: 2.653465622493199
MSE: 37.97672728343085
RMSE: 6.162526047282141
r2score: -0.049452849110652286

--- 17436.432240724564 seconds ---

Rain

(216, 12, 70, 40)
(216, 2)
(604800, 7)
(604800,)
(436800, 7)
(436800,)
(168000, 7)

Heloo every one,this is a grid search on ([0, 11, 1, 2] features, Month Ahead: 1

GridSearchCV(cv=TimeSeriesSplit(max_train_size=None, n_splits=3),
             error_score=nan,
             estimator=XGBRegressor(base_score=None, booster=None,
                                    colsample_bylevel=None,
                                    colsample_bynode=None,
                                    colsample_bytree=None, gamma=None,
                                    gpu_id=None, importance_type='gain',
                                    interaction_constraints=None,
                                    learning_rate=None, max_delta_step=None,
                                    max_depth=None, min_child_weight=None,...
                                    reg_lambda=None, scale_pos_weight=None,
                                    subsample=None, tree_method=None,
                                    validate_parameters=False, verbose=1,
                                    verbosity=None),
             iid='deprecated', n_jobs=3,
             param_grid={'gamma': [0.0, 0.1, 0.2, 0.3, 0.4],
                         'max_depth': [3, 4, 5, 6, 8, 10],
                         'min_child_weight': [1, 3, 5],
                         'n_estimators': [50, 100, 200, 300, 600]},
             pre_dispatch='2*n_jobs', refit=True, return_train_score=False,
             scoring='neg_mean_absolute_error', verbose=1)
Fitting 3 folds for each of 450 candidates, totalling 1350 fits
[Parallel(n_jobs=3)]: Done 1350 out of 1350 | elapsed: 290.5min finished
[Parallel(n_jobs=3)]: Using backend LokyBackend with 3 concurrent workers.
/opt/anaconda3/lib/python3.7/site-packages/joblib/externals/loky/process_executor.py:706: UserWarning: A worker stopped while some jobs were given to the executor. This can be caused by a too short worker timeout or by a memory leak.
  "timeout or by a memory leak.", UserWarning
[Parallel(n_jobs=3)]: Done  44 tasks      | elapsed:  6.0min
[Parallel(n_jobs=3)]: Done 194 tasks      | elapsed: 41.9min
[Parallel(n_jobs=3)]: Done 444 tasks      | elapsed: 109.9min
[Parallel(n_jobs=3)]: Done 794 tasks      | elapsed: 206.1min
[Parallel(n_jobs=3)]: Done 1244 tasks      | elapsed: 313.2min
Best parameters & score set found on development set:

-0.1433460967565652
{'gamma': 0.3, 'max_depth': 3, 'min_child_weight': 3, 'n_estimators': 50}

Grid scores on development set:


Testing Set: 
MAE: 2.630859952972049
MSE: 37.62412027645912
RMSE: 6.133850363063898
r2score: -0.03970887024377645

--- 21178.42780160904 seconds ---

Rain

(216, 12, 70, 40)
(216, 2)
(604800, 7)
(604800,)
(436800, 7)
(436800,)
(168000, 7)

Heloo every one,this is a grid search on ([0, 11, 1, 10] features, Month Ahead: 1

GridSearchCV(cv=TimeSeriesSplit(max_train_size=None, n_splits=3),
             error_score=nan,
             estimator=XGBRegressor(base_score=None, booster=None,
                                    colsample_bylevel=None,
                                    colsample_bynode=None,
                                    colsample_bytree=None, gamma=None,
                                    gpu_id=None, importance_type='gain',
                                    interaction_constraints=None,
                                    learning_rate=None, max_delta_step=None,
                                    max_depth=None, min_child_weight=None,...
                                    reg_lambda=None, scale_pos_weight=None,
                                    subsample=None, tree_method=None,
                                    validate_parameters=False, verbose=1,
                                    verbosity=None),
             iid='deprecated', n_jobs=3,
             param_grid={'gamma': [0.0, 0.1, 0.2, 0.3, 0.4],
                         'max_depth': [3, 4, 5, 6, 8, 10],
                         'min_child_weight': [1, 3, 5],
                         'n_estimators': [50, 100, 200, 300, 600]},
             pre_dispatch='2*n_jobs', refit=True, return_train_score=False,
             scoring='neg_mean_absolute_error', verbose=1)
Fitting 3 folds for each of 450 candidates, totalling 1350 fits
[Parallel(n_jobs=3)]: Done 1350 out of 1350 | elapsed: 352.8min finished
[Parallel(n_jobs=3)]: Using backend LokyBackend with 3 concurrent workers.
/opt/anaconda3/lib/python3.7/site-packages/joblib/externals/loky/process_executor.py:706: UserWarning: A worker stopped while some jobs were given to the executor. This can be caused by a too short worker timeout or by a memory leak.
  "timeout or by a memory leak.", UserWarning
[Parallel(n_jobs=3)]: Done  44 tasks      | elapsed:  6.0min
[Parallel(n_jobs=3)]: Done 194 tasks      | elapsed: 41.9min
[Parallel(n_jobs=3)]: Done 444 tasks      | elapsed: 110.0min
[Parallel(n_jobs=3)]: Done 794 tasks      | elapsed: 206.3min
[Parallel(n_jobs=3)]: Done 1244 tasks      | elapsed: 313.1min
Best parameters & score set found on development set:

-0.14241348938120402
{'gamma': 0.0, 'max_depth': 3, 'min_child_weight': 5, 'n_estimators': 50}

Grid scores on development set:


Testing Set: 
MAE: 2.678406554312933
MSE: 40.10777304835307
RMSE: 6.333069796579939
r2score: -0.10834239040502713

--- 21180.025592803955 seconds ---

Evap

(216, 12, 70, 40)
(216, 2)
(604800, 4)
(604800,)
(436800, 4)
(436800,)
(168000, 4)

Heloo every one,this is a grid search on ([11] features, Month Ahead: 1

GridSearchCV(cv=TimeSeriesSplit(max_train_size=None, n_splits=3),
             error_score=nan,
             estimator=XGBRegressor(base_score=None, booster=None,
                                    colsample_bylevel=None,
                                    colsample_bynode=None,
                                    colsample_bytree=None, gamma=None,
                                    gpu_id=None, importance_type='gain',
                                    interaction_constraints=None,
                                    learning_rate=None, max_delta_step=None,
                                    max_depth=None, min_child_weight=None,...
                                    reg_lambda=None, scale_pos_weight=None,
                                    subsample=None, tree_method=None,
                                    validate_parameters=False, verbose=1,
                                    verbosity=None),
             iid='deprecated', n_jobs=3,
             param_grid={'gamma': [0.0, 0.1, 0.2, 0.3, 0.4],
                         'max_depth': [3, 4, 5, 6, 8, 10],
                         'min_child_weight': [1, 3, 5],
                         'n_estimators': [50, 100, 200, 300, 600]},
             pre_dispatch='2*n_jobs', refit=True, return_train_score=False,
             scoring='neg_mean_absolute_error', verbose=1)
Fitting 3 folds for each of 450 candidates, totalling 1350 fits
[Parallel(n_jobs=3)]: Done 1350 out of 1350 | elapsed: 352.8min finished
[Parallel(n_jobs=3)]: Using backend LokyBackend with 3 concurrent workers.
/opt/anaconda3/lib/python3.7/site-packages/joblib/externals/loky/process_executor.py:706: UserWarning: A worker stopped while some jobs were given to the executor. This can be caused by a too short worker timeout or by a memory leak.
  "timeout or by a memory leak.", UserWarning
[Parallel(n_jobs=3)]: Done  44 tasks      | elapsed:  4.7min
[Parallel(n_jobs=3)]: Done 194 tasks      | elapsed: 32.0min
[Parallel(n_jobs=3)]: Done 444 tasks      | elapsed: 82.0min
[Parallel(n_jobs=3)]: Done 794 tasks      | elapsed: 153.2min
[Parallel(n_jobs=3)]: Done 1244 tasks      | elapsed: 232.0min
Best parameters & score set found on development set:

-0.15933728973159803
{'gamma': 0.3, 'max_depth': 3, 'min_child_weight': 1, 'n_estimators': 50}

Grid scores on development set:


Testing Set: 
MAE: 2.997416424387977
MSE: 37.51000356872133
RMSE: 6.12454109045905
r2score: 0.1260096783166217

--- 15641.073587417603 seconds ---

Evap

(216, 12, 70, 40)
(216, 2)
(604800, 4)
(604800,)
(436800, 4)
(436800,)
(168000, 4)

Heloo every one,this is a grid search on ([0] features, Month Ahead: 1

GridSearchCV(cv=TimeSeriesSplit(max_train_size=None, n_splits=3),
             error_score=nan,
             estimator=XGBRegressor(base_score=None, booster=None,
                                    colsample_bylevel=None,
                                    colsample_bynode=None,
                                    colsample_bytree=None, gamma=None,
                                    gpu_id=None, importance_type='gain',
                                    interaction_constraints=None,
                                    learning_rate=None, max_delta_step=None,
                                    max_depth=None, min_child_weight=None,...
                                    reg_lambda=None, scale_pos_weight=None,
                                    subsample=None, tree_method=None,
                                    validate_parameters=False, verbose=1,
                                    verbosity=None),
             iid='deprecated', n_jobs=3,
             param_grid={'gamma': [0.0, 0.1, 0.2, 0.3, 0.4],
                         'max_depth': [3, 4, 5, 6, 8, 10],
                         'min_child_weight': [1, 3, 5],
                         'n_estimators': [50, 100, 200, 300, 600]},
             pre_dispatch='2*n_jobs', refit=True, return_train_score=False,
             scoring='neg_mean_absolute_error', verbose=1)
Fitting 3 folds for each of 450 candidates, totalling 1350 fits
[Parallel(n_jobs=3)]: Done 1350 out of 1350 | elapsed: 260.5min finished
[Parallel(n_jobs=3)]: Using backend LokyBackend with 3 concurrent workers.
/opt/anaconda3/lib/python3.7/site-packages/joblib/externals/loky/process_executor.py:706: UserWarning: A worker stopped while some jobs were given to the executor. This can be caused by a too short worker timeout or by a memory leak.
  "timeout or by a memory leak.", UserWarning
[Parallel(n_jobs=3)]: Done  44 tasks      | elapsed:  4.7min
[Parallel(n_jobs=3)]: Done 194 tasks      | elapsed: 31.9min
[Parallel(n_jobs=3)]: Done 444 tasks      | elapsed: 81.1min
[Parallel(n_jobs=3)]: Done 794 tasks      | elapsed: 150.4min
[Parallel(n_jobs=3)]: Done 1244 tasks      | elapsed: 227.4min
Best parameters & score set found on development set:

-0.17170778812782253
{'gamma': 0.4, 'max_depth': 3, 'min_child_weight': 3, 'n_estimators': 50}

Grid scores on development set:


Testing Set: 
MAE: 3.379805247533889
MSE: 48.916830310645416
RMSE: 6.994056784917135
r2score: -0.13977158601453077

--- 15351.610503196716 seconds ---

Evap

(216, 12, 70, 40)
(216, 2)
(604800, 5)
(604800,)
(436800, 5)
(436800,)
(168000, 5)

Heloo every one,this is a grid search on ([0, 11] features, Month Ahead: 1

GridSearchCV(cv=TimeSeriesSplit(max_train_size=None, n_splits=3),
             error_score=nan,
             estimator=XGBRegressor(base_score=None, booster=None,
                                    colsample_bylevel=None,
                                    colsample_bynode=None,
                                    colsample_bytree=None, gamma=None,
                                    gpu_id=None, importance_type='gain',
                                    interaction_constraints=None,
                                    learning_rate=None, max_delta_step=None,
                                    max_depth=None, min_child_weight=None,...
                                    reg_lambda=None, scale_pos_weight=None,
                                    subsample=None, tree_method=None,
                                    validate_parameters=False, verbose=1,
                                    verbosity=None),
             iid='deprecated', n_jobs=3,
             param_grid={'gamma': [0.0, 0.1, 0.2, 0.3, 0.4],
                         'max_depth': [3, 4, 5, 6, 8, 10],
                         'min_child_weight': [1, 3, 5],
                         'n_estimators': [50, 100, 200, 300, 600]},
             pre_dispatch='2*n_jobs', refit=True, return_train_score=False,
             scoring='neg_mean_absolute_error', verbose=1)
Fitting 3 folds for each of 450 candidates, totalling 1350 fits
[Parallel(n_jobs=3)]: Done 1350 out of 1350 | elapsed: 255.7min finished
[Parallel(n_jobs=3)]: Using backend LokyBackend with 3 concurrent workers.
/opt/anaconda3/lib/python3.7/site-packages/joblib/externals/loky/process_executor.py:706: UserWarning: A worker stopped while some jobs were given to the executor. This can be caused by a too short worker timeout or by a memory leak.
  "timeout or by a memory leak.", UserWarning
[Parallel(n_jobs=3)]: Done  44 tasks      | elapsed:  5.1min
[Parallel(n_jobs=3)]: Done 194 tasks      | elapsed: 35.5min
[Parallel(n_jobs=3)]: Done 444 tasks      | elapsed: 91.4min
[Parallel(n_jobs=3)]: Done 794 tasks      | elapsed: 170.8min
[Parallel(n_jobs=3)]: Done 1244 tasks      | elapsed: 258.2min
Best parameters & score set found on development set:

-0.1624456660236715
{'gamma': 0.4, 'max_depth': 3, 'min_child_weight': 5, 'n_estimators': 50}

Grid scores on development set:


Testing Set: 
MAE: 3.1035985390799388
MSE: 40.95062515032826
RMSE: 6.399267547956427
r2score: 0.045842531507631956

--- 17432.808448791504 seconds ---

Evap

(216, 12, 70, 40)
(216, 2)
(604800, 5)
(604800,)
(436800, 5)
(436800,)
(168000, 5)

Heloo every one,this is a grid search on ([10, 11] features, Month Ahead: 1

GridSearchCV(cv=TimeSeriesSplit(max_train_size=None, n_splits=3),
             error_score=nan,
             estimator=XGBRegressor(base_score=None, booster=None,
                                    colsample_bylevel=None,
                                    colsample_bynode=None,
                                    colsample_bytree=None, gamma=None,
                                    gpu_id=None, importance_type='gain',
                                    interaction_constraints=None,
                                    learning_rate=None, max_delta_step=None,
                                    max_depth=None, min_child_weight=None,...
                                    reg_lambda=None, scale_pos_weight=None,
                                    subsample=None, tree_method=None,
                                    validate_parameters=False, verbose=1,
                                    verbosity=None),
             iid='deprecated', n_jobs=3,
             param_grid={'gamma': [0.0, 0.1, 0.2, 0.3, 0.4],
                         'max_depth': [3, 4, 5, 6, 8, 10],
                         'min_child_weight': [1, 3, 5],
                         'n_estimators': [50, 100, 200, 300, 600]},
             pre_dispatch='2*n_jobs', refit=True, return_train_score=False,
             scoring='neg_mean_absolute_error', verbose=1)
Fitting 3 folds for each of 450 candidates, totalling 1350 fits
[Parallel(n_jobs=3)]: Done 1350 out of 1350 | elapsed: 290.4min finished
[Parallel(n_jobs=3)]: Using backend LokyBackend with 3 concurrent workers.
/opt/anaconda3/lib/python3.7/site-packages/joblib/externals/loky/process_executor.py:706: UserWarning: A worker stopped while some jobs were given to the executor. This can be caused by a too short worker timeout or by a memory leak.
  "timeout or by a memory leak.", UserWarning
[Parallel(n_jobs=3)]: Done  44 tasks      | elapsed:  5.1min
[Parallel(n_jobs=3)]: Done 194 tasks      | elapsed: 35.3min
[Parallel(n_jobs=3)]: Done 444 tasks      | elapsed: 91.8min
[Parallel(n_jobs=3)]: Done 794 tasks      | elapsed: 172.2min
[Parallel(n_jobs=3)]: Done 1244 tasks      | elapsed: 260.8min
Best parameters & score set found on development set:

-0.15585432374785532
{'gamma': 0.0, 'max_depth': 3, 'min_child_weight': 5, 'n_estimators': 50}

Grid scores on development set:


Testing Set: 
MAE: 2.9476891753787084
MSE: 37.39683491154829
RMSE: 6.115295161441375
r2score: 0.12864652986759362

--- 17655.59891653061 seconds ---

Evap

(216, 12, 70, 40)
(216, 2)
(604800, 7)
(604800,)
(436800, 7)
(436800,)
(168000, 7)

Heloo every one,this is a grid search on ([0, 11, 1, 2] features, Month Ahead: 1

GridSearchCV(cv=TimeSeriesSplit(max_train_size=None, n_splits=3),
             error_score=nan,
             estimator=XGBRegressor(base_score=None, booster=None,
                                    colsample_bylevel=None,
                                    colsample_bynode=None,
                                    colsample_bytree=None, gamma=None,
                                    gpu_id=None, importance_type='gain',
                                    interaction_constraints=None,
                                    learning_rate=None, max_delta_step=None,
                                    max_depth=None, min_child_weight=None,...
                                    reg_lambda=None, scale_pos_weight=None,
                                    subsample=None, tree_method=None,
                                    validate_parameters=False, verbose=1,
                                    verbosity=None),
             iid='deprecated', n_jobs=3,
             param_grid={'gamma': [0.0, 0.1, 0.2, 0.3, 0.4],
                         'max_depth': [3, 4, 5, 6, 8, 10],
                         'min_child_weight': [1, 3, 5],
                         'n_estimators': [50, 100, 200, 300, 600]},
             pre_dispatch='2*n_jobs', refit=True, return_train_score=False,
             scoring='neg_mean_absolute_error', verbose=1)
Fitting 3 folds for each of 450 candidates, totalling 1350 fits
[Parallel(n_jobs=3)]: Done 1350 out of 1350 | elapsed: 294.1min finished
[Parallel(n_jobs=3)]: Using backend LokyBackend with 3 concurrent workers.
[Parallel(n_jobs=3)]: Done  44 tasks      | elapsed:  5.9min
/opt/anaconda3/lib/python3.7/site-packages/joblib/externals/loky/process_executor.py:706: UserWarning: A worker stopped while some jobs were given to the executor. This can be caused by a too short worker timeout or by a memory leak.
  "timeout or by a memory leak.", UserWarning
[Parallel(n_jobs=3)]: Done 194 tasks      | elapsed: 42.2min
[Parallel(n_jobs=3)]: Done 444 tasks      | elapsed: 111.8min
[Parallel(n_jobs=3)]: Done 794 tasks      | elapsed: 209.5min
[Parallel(n_jobs=3)]: Done 1244 tasks      | elapsed: 316.3min
Best parameters & score set found on development set:

-0.16148869038047503
{'gamma': 0.4, 'max_depth': 3, 'min_child_weight': 5, 'n_estimators': 50}

Grid scores on development set:


Testing Set: 
MAE: 3.0775287749880835
MSE: 41.25498750485246
RMSE: 6.42300455432288
r2score: 0.03875082991257439

--- 21428.01054263115 seconds ---

Evap

(216, 12, 70, 40)
(216, 2)
(604800, 7)
(604800,)
(436800, 7)
(436800,)
(168000, 7)

Heloo every one,this is a grid search on ([0, 11, 1, 10] features, Month Ahead: 1

GridSearchCV(cv=TimeSeriesSplit(max_train_size=None, n_splits=3),
             error_score=nan,
             estimator=XGBRegressor(base_score=None, booster=None,
                                    colsample_bylevel=None,
                                    colsample_bynode=None,
                                    colsample_bytree=None, gamma=None,
                                    gpu_id=None, importance_type='gain',
                                    interaction_constraints=None,
                                    learning_rate=None, max_delta_step=None,
                                    max_depth=None, min_child_weight=None,...
                                    reg_lambda=None, scale_pos_weight=None,
                                    subsample=None, tree_method=None,
                                    validate_parameters=False, verbose=1,
                                    verbosity=None),
             iid='deprecated', n_jobs=3,
             param_grid={'gamma': [0.0, 0.1, 0.2, 0.3, 0.4],
                         'max_depth': [3, 4, 5, 6, 8, 10],
                         'min_child_weight': [1, 3, 5],
                         'n_estimators': [50, 100, 200, 300, 600]},
             pre_dispatch='2*n_jobs', refit=True, return_train_score=False,
             scoring='neg_mean_absolute_error', verbose=1)
Fitting 3 folds for each of 450 candidates, totalling 1350 fits
[Parallel(n_jobs=3)]: Done 1350 out of 1350 | elapsed: 356.9min finished
[Parallel(n_jobs=3)]: Using backend LokyBackend with 3 concurrent workers.
/opt/anaconda3/lib/python3.7/site-packages/joblib/externals/loky/process_executor.py:706: UserWarning: A worker stopped while some jobs were given to the executor. This can be caused by a too short worker timeout or by a memory leak.
  "timeout or by a memory leak.", UserWarning
[Parallel(n_jobs=3)]: Done  44 tasks      | elapsed:  6.0min
[Parallel(n_jobs=3)]: Done 194 tasks      | elapsed: 42.3min
[Parallel(n_jobs=3)]: Done 444 tasks      | elapsed: 111.8min
[Parallel(n_jobs=3)]: Done 794 tasks      | elapsed: 211.3min
[Parallel(n_jobs=3)]: Done 1244 tasks      | elapsed: 319.5min
Best parameters & score set found on development set:

-0.15787708006679532
{'gamma': 0.3, 'max_depth': 3, 'min_child_weight': 3, 'n_estimators': 50}

Grid scores on development set:


Testing Set: 
MAE: 3.0378161327725364
MSE: 40.51916310358129
RMSE: 6.365466448233098
r2score: 0.0558956804586761

--- 21681.48423743248 seconds ---

Humid

(216, 12, 70, 40)
(216, 2)
(604800, 4)
(604800,)
(436800, 4)
(436800,)
(168000, 4)

Heloo every one,this is a grid search on ([11] features, Month Ahead: 1

GridSearchCV(cv=TimeSeriesSplit(max_train_size=None, n_splits=3),
             error_score=nan,
             estimator=XGBRegressor(base_score=None, booster=None,
                                    colsample_bylevel=None,
                                    colsample_bynode=None,
                                    colsample_bytree=None, gamma=None,
                                    gpu_id=None, importance_type='gain',
                                    interaction_constraints=None,
                                    learning_rate=None, max_delta_step=None,
                                    max_depth=None, min_child_weight=None,...
                                    reg_lambda=None, scale_pos_weight=None,
                                    subsample=None, tree_method=None,
                                    validate_parameters=False, verbose=1,
                                    verbosity=None),
             iid='deprecated', n_jobs=3,
             param_grid={'gamma': [0.0, 0.1, 0.2, 0.3, 0.4],
                         'max_depth': [3, 4, 5, 6, 8, 10],
                         'min_child_weight': [1, 3, 5],
                         'n_estimators': [50, 100, 200, 300, 600]},
             pre_dispatch='2*n_jobs', refit=True, return_train_score=False,
             scoring='neg_mean_absolute_error', verbose=1)
Fitting 3 folds for each of 450 candidates, totalling 1350 fits
[Parallel(n_jobs=3)]: Done 1350 out of 1350 | elapsed: 361.2min finished
[Parallel(n_jobs=3)]: Using backend LokyBackend with 3 concurrent workers.
/opt/anaconda3/lib/python3.7/site-packages/joblib/externals/loky/process_executor.py:706: UserWarning: A worker stopped while some jobs were given to the executor. This can be caused by a too short worker timeout or by a memory leak.
  "timeout or by a memory leak.", UserWarning
[Parallel(n_jobs=3)]: Done  44 tasks      | elapsed:  4.7min
[Parallel(n_jobs=3)]: Done 194 tasks      | elapsed: 31.9min
[Parallel(n_jobs=3)]: Done 444 tasks      | elapsed: 81.8min
[Parallel(n_jobs=3)]: Done 794 tasks      | elapsed: 154.8min
[Parallel(n_jobs=3)]: Done 1244 tasks      | elapsed: 235.1min
Best parameters & score set found on development set:

-0.10566723792160343
{'gamma': 0.4, 'max_depth': 3, 'min_child_weight': 5, 'n_estimators': 50}

Grid scores on development set:


Testing Set: 
MAE: 2.120626695542109
MSE: 16.672702122200477
RMSE: 4.083222027051734
r2score: -0.021536035983339863

--- 15899.305819749832 seconds ---

Humid

(216, 12, 70, 40)
(216, 2)
(604800, 4)
(604800,)
(436800, 4)
(436800,)
(168000, 4)

Heloo every one,this is a grid search on ([0] features, Month Ahead: 1

GridSearchCV(cv=TimeSeriesSplit(max_train_size=None, n_splits=3),
             error_score=nan,
             estimator=XGBRegressor(base_score=None, booster=None,
                                    colsample_bylevel=None,
                                    colsample_bynode=None,
                                    colsample_bytree=None, gamma=None,
                                    gpu_id=None, importance_type='gain',
                                    interaction_constraints=None,
                                    learning_rate=None, max_delta_step=None,
                                    max_depth=None, min_child_weight=None,...
                                    reg_lambda=None, scale_pos_weight=None,
                                    subsample=None, tree_method=None,
                                    validate_parameters=False, verbose=1,
                                    verbosity=None),
             iid='deprecated', n_jobs=3,
             param_grid={'gamma': [0.0, 0.1, 0.2, 0.3, 0.4],
                         'max_depth': [3, 4, 5, 6, 8, 10],
                         'min_child_weight': [1, 3, 5],
                         'n_estimators': [50, 100, 200, 300, 600]},
             pre_dispatch='2*n_jobs', refit=True, return_train_score=False,
             scoring='neg_mean_absolute_error', verbose=1)
Fitting 3 folds for each of 450 candidates, totalling 1350 fits
[Parallel(n_jobs=3)]: Done 1350 out of 1350 | elapsed: 264.8min finished
[Parallel(n_jobs=3)]: Using backend LokyBackend with 3 concurrent workers.
/opt/anaconda3/lib/python3.7/site-packages/joblib/externals/loky/process_executor.py:706: UserWarning: A worker stopped while some jobs were given to the executor. This can be caused by a too short worker timeout or by a memory leak.
  "timeout or by a memory leak.", UserWarning
[Parallel(n_jobs=3)]: Done  44 tasks      | elapsed:  4.6min
[Parallel(n_jobs=3)]: Done 194 tasks      | elapsed: 31.8min
[Parallel(n_jobs=3)]: Done 444 tasks      | elapsed: 81.6min
[Parallel(n_jobs=3)]: Done 794 tasks      | elapsed: 154.4min
[Parallel(n_jobs=3)]: Done 1244 tasks      | elapsed: 235.1min
Best parameters & score set found on development set:

-0.10547125370046984
{'gamma': 0.2, 'max_depth': 3, 'min_child_weight': 3, 'n_estimators': 50}

Grid scores on development set:


Testing Set: 
MAE: 2.2087823588961655
MSE: 17.113495617848567
RMSE: 4.136846095499393
r2score: -0.04854344227724905

--- 15884.38991856575 seconds ---

Humid

(216, 12, 70, 40)
(216, 2)
(604800, 5)
(604800,)
(436800, 5)
(436800,)
(168000, 5)

Heloo every one,this is a grid search on ([0, 11] features, Month Ahead: 1

GridSearchCV(cv=TimeSeriesSplit(max_train_size=None, n_splits=3),
             error_score=nan,
             estimator=XGBRegressor(base_score=None, booster=None,
                                    colsample_bylevel=None,
                                    colsample_bynode=None,
                                    colsample_bytree=None, gamma=None,
                                    gpu_id=None, importance_type='gain',
                                    interaction_constraints=None,
                                    learning_rate=None, max_delta_step=None,
                                    max_depth=None, min_child_weight=None,...
                                    reg_lambda=None, scale_pos_weight=None,
                                    subsample=None, tree_method=None,
                                    validate_parameters=False, verbose=1,
                                    verbosity=None),
             iid='deprecated', n_jobs=3,
             param_grid={'gamma': [0.0, 0.1, 0.2, 0.3, 0.4],
                         'max_depth': [3, 4, 5, 6, 8, 10],
                         'min_child_weight': [1, 3, 5],
                         'n_estimators': [50, 100, 200, 300, 600]},
             pre_dispatch='2*n_jobs', refit=True, return_train_score=False,
             scoring='neg_mean_absolute_error', verbose=1)
Fitting 3 folds for each of 450 candidates, totalling 1350 fits
[Parallel(n_jobs=3)]: Done 1350 out of 1350 | elapsed: 264.6min finished
[Parallel(n_jobs=3)]: Using backend LokyBackend with 3 concurrent workers.
/opt/anaconda3/lib/python3.7/site-packages/joblib/externals/loky/process_executor.py:706: UserWarning: A worker stopped while some jobs were given to the executor. This can be caused by a too short worker timeout or by a memory leak.
  "timeout or by a memory leak.", UserWarning
[Parallel(n_jobs=3)]: Done  44 tasks      | elapsed:  5.1min
[Parallel(n_jobs=3)]: Done 194 tasks      | elapsed: 35.2min
[Parallel(n_jobs=3)]: Done 444 tasks      | elapsed: 91.7min
[Parallel(n_jobs=3)]: Done 794 tasks      | elapsed: 173.0min
[Parallel(n_jobs=3)]: Done 1244 tasks      | elapsed: 263.1min
Best parameters & score set found on development set:

-0.10260131440250785
{'gamma': 0.3, 'max_depth': 3, 'min_child_weight': 3, 'n_estimators': 50}

Grid scores on development set:


Testing Set: 
MAE: 2.2028509380249757
MSE: 17.760955318679994
RMSE: 4.214374843162387
r2score: -0.08821328171890763

--- 17791.710606098175 seconds ---

Humid

(216, 12, 70, 40)
(216, 2)
(604800, 5)
(604800,)
(436800, 5)
(436800,)
(168000, 5)

Heloo every one,this is a grid search on ([10, 11] features, Month Ahead: 1

GridSearchCV(cv=TimeSeriesSplit(max_train_size=None, n_splits=3),
             error_score=nan,
             estimator=XGBRegressor(base_score=None, booster=None,
                                    colsample_bylevel=None,
                                    colsample_bynode=None,
                                    colsample_bytree=None, gamma=None,
                                    gpu_id=None, importance_type='gain',
                                    interaction_constraints=None,
                                    learning_rate=None, max_delta_step=None,
                                    max_depth=None, min_child_weight=None,...
                                    reg_lambda=None, scale_pos_weight=None,
                                    subsample=None, tree_method=None,
                                    validate_parameters=False, verbose=1,
                                    verbosity=None),
             iid='deprecated', n_jobs=3,
             param_grid={'gamma': [0.0, 0.1, 0.2, 0.3, 0.4],
                         'max_depth': [3, 4, 5, 6, 8, 10],
                         'min_child_weight': [1, 3, 5],
                         'n_estimators': [50, 100, 200, 300, 600]},
             pre_dispatch='2*n_jobs', refit=True, return_train_score=False,
             scoring='neg_mean_absolute_error', verbose=1)
Fitting 3 folds for each of 450 candidates, totalling 1350 fits
[Parallel(n_jobs=3)]: Done 1350 out of 1350 | elapsed: 296.4min finished
[Parallel(n_jobs=3)]: Using backend LokyBackend with 3 concurrent workers.
/opt/anaconda3/lib/python3.7/site-packages/joblib/externals/loky/process_executor.py:706: UserWarning: A worker stopped while some jobs were given to the executor. This can be caused by a too short worker timeout or by a memory leak.
  "timeout or by a memory leak.", UserWarning
[Parallel(n_jobs=3)]: Done  44 tasks      | elapsed:  5.1min
[Parallel(n_jobs=3)]: Done 194 tasks      | elapsed: 35.1min
[Parallel(n_jobs=3)]: Done 444 tasks      | elapsed: 90.6min
[Parallel(n_jobs=3)]: Done 794 tasks      | elapsed: 170.9min
[Parallel(n_jobs=3)]: Done 1244 tasks      | elapsed: 259.4min
Best parameters & score set found on development set:

-0.10449443984686624
{'gamma': 0.1, 'max_depth': 3, 'min_child_weight': 3, 'n_estimators': 50}

Grid scores on development set:


Testing Set: 
MAE: 2.069973458471753
MSE: 16.048651610273254
RMSE: 4.006076835293259
r2score: 0.01669952304813005

--- 17568.73072195053 seconds ---

Humid

(216, 12, 70, 40)
(216, 2)
(604800, 7)
(604800,)
(436800, 7)
(436800,)
(168000, 7)

Heloo every one,this is a grid search on ([0, 11, 1, 2] features, Month Ahead: 1

GridSearchCV(cv=TimeSeriesSplit(max_train_size=None, n_splits=3),
             error_score=nan,
             estimator=XGBRegressor(base_score=None, booster=None,
                                    colsample_bylevel=None,
                                    colsample_bynode=None,
                                    colsample_bytree=None, gamma=None,
                                    gpu_id=None, importance_type='gain',
                                    interaction_constraints=None,
                                    learning_rate=None, max_delta_step=None,
                                    max_depth=None, min_child_weight=None,...
                                    reg_lambda=None, scale_pos_weight=None,
                                    subsample=None, tree_method=None,
                                    validate_parameters=False, verbose=1,
                                    verbosity=None),
             iid='deprecated', n_jobs=3,
             param_grid={'gamma': [0.0, 0.1, 0.2, 0.3, 0.4],
                         'max_depth': [3, 4, 5, 6, 8, 10],
                         'min_child_weight': [1, 3, 5],
                         'n_estimators': [50, 100, 200, 300, 600]},
             pre_dispatch='2*n_jobs', refit=True, return_train_score=False,
             scoring='neg_mean_absolute_error', verbose=1)
Fitting 3 folds for each of 450 candidates, totalling 1350 fits
[Parallel(n_jobs=3)]: Done 1350 out of 1350 | elapsed: 292.7min finished
[Parallel(n_jobs=3)]: Using backend LokyBackend with 3 concurrent workers.
/opt/anaconda3/lib/python3.7/site-packages/joblib/externals/loky/process_executor.py:706: UserWarning: A worker stopped while some jobs were given to the executor. This can be caused by a too short worker timeout or by a memory leak.
  "timeout or by a memory leak.", UserWarning
[Parallel(n_jobs=3)]: Done  44 tasks      | elapsed:  5.9min
[Parallel(n_jobs=3)]: Done 194 tasks      | elapsed: 41.8min
[Parallel(n_jobs=3)]: Done 444 tasks      | elapsed: 109.7min
[Parallel(n_jobs=3)]: Done 794 tasks      | elapsed: 208.2min
[Parallel(n_jobs=3)]: Done 1244 tasks      | elapsed: 315.6min
Best parameters & score set found on development set:

-0.10113793757522578
{'gamma': 0.2, 'max_depth': 3, 'min_child_weight': 1, 'n_estimators': 50}

Grid scores on development set:


Testing Set: 
MAE: 2.1710442112059827
MSE: 18.611918062677695
RMSE: 4.314153226610953
r2score: -0.1403517474517908

--- 21437.71661925316 seconds ---

Humid

(216, 12, 70, 40)
(216, 2)
(604800, 7)
(604800,)
(436800, 7)
(436800,)
(168000, 7)

Heloo every one,this is a grid search on ([0, 11, 1, 10] features, Month Ahead: 1

GridSearchCV(cv=TimeSeriesSplit(max_train_size=None, n_splits=3),
             error_score=nan,
             estimator=XGBRegressor(base_score=None, booster=None,
                                    colsample_bylevel=None,
                                    colsample_bynode=None,
                                    colsample_bytree=None, gamma=None,
                                    gpu_id=None, importance_type='gain',
                                    interaction_constraints=None,
                                    learning_rate=None, max_delta_step=None,
                                    max_depth=None, min_child_weight=None,...
                                    reg_lambda=None, scale_pos_weight=None,
                                    subsample=None, tree_method=None,
                                    validate_parameters=False, verbose=1,
                                    verbosity=None),
             iid='deprecated', n_jobs=3,
             param_grid={'gamma': [0.0, 0.1, 0.2, 0.3, 0.4],
                         'max_depth': [3, 4, 5, 6, 8, 10],
                         'min_child_weight': [1, 3, 5],
                         'n_estimators': [50, 100, 200, 300, 600]},
             pre_dispatch='2*n_jobs', refit=True, return_train_score=False,
             scoring='neg_mean_absolute_error', verbose=1)
Fitting 3 folds for each of 450 candidates, totalling 1350 fits
[Parallel(n_jobs=3)]: Done 1350 out of 1350 | elapsed: 357.1min finished
[Parallel(n_jobs=3)]: Using backend LokyBackend with 3 concurrent workers.
/opt/anaconda3/lib/python3.7/site-packages/joblib/externals/loky/process_executor.py:706: UserWarning: A worker stopped while some jobs were given to the executor. This can be caused by a too short worker timeout or by a memory leak.
  "timeout or by a memory leak.", UserWarning
[Parallel(n_jobs=3)]: Done  44 tasks      | elapsed:  5.9min
[Parallel(n_jobs=3)]: Done 194 tasks      | elapsed: 41.8min
[Parallel(n_jobs=3)]: Done 444 tasks      | elapsed: 109.4min
[Parallel(n_jobs=3)]: Done 794 tasks      | elapsed: 207.9min
[Parallel(n_jobs=3)]: Done 1244 tasks      | elapsed: 316.1min
Best parameters & score set found on development set:

-0.1032760172361406
{'gamma': 0.1, 'max_depth': 3, 'min_child_weight': 5, 'n_estimators': 50}

Grid scores on development set:


Testing Set: 
MAE: 2.09817981011527
MSE: 16.50625189759353
RMSE: 4.062788684831335
r2score: -0.011337634945087771

--- 21470.8556702137 seconds ---

Temp

(216, 12, 70, 40)
(216, 2)
(604800, 4)
(604800,)
(436800, 4)
(436800,)
(168000, 4)

Heloo every one,this is a grid search on ([11] features, Month Ahead: 1

GridSearchCV(cv=TimeSeriesSplit(max_train_size=None, n_splits=3),
             error_score=nan,
             estimator=XGBRegressor(base_score=None, booster=None,
                                    colsample_bylevel=None,
                                    colsample_bynode=None,
                                    colsample_bytree=None, gamma=None,
                                    gpu_id=None, importance_type='gain',
                                    interaction_constraints=None,
                                    learning_rate=None, max_delta_step=None,
                                    max_depth=None, min_child_weight=None,...
                                    reg_lambda=None, scale_pos_weight=None,
                                    subsample=None, tree_method=None,
                                    validate_parameters=False, verbose=1,
                                    verbosity=None),
             iid='deprecated', n_jobs=3,
             param_grid={'gamma': [0.0, 0.1, 0.2, 0.3, 0.4],
                         'max_depth': [3, 4, 5, 6, 8, 10],
                         'min_child_weight': [1, 3, 5],
                         'n_estimators': [50, 100, 200, 300, 600]},
             pre_dispatch='2*n_jobs', refit=True, return_train_score=False,
             scoring='neg_mean_absolute_error', verbose=1)
Fitting 3 folds for each of 450 candidates, totalling 1350 fits
[Parallel(n_jobs=3)]: Done 1350 out of 1350 | elapsed: 357.7min finished
[Parallel(n_jobs=3)]: Using backend LokyBackend with 3 concurrent workers.
/opt/anaconda3/lib/python3.7/site-packages/joblib/externals/loky/process_executor.py:706: UserWarning: A worker stopped while some jobs were given to the executor. This can be caused by a too short worker timeout or by a memory leak.
  "timeout or by a memory leak.", UserWarning
[Parallel(n_jobs=3)]: Done  44 tasks      | elapsed:  4.6min
[Parallel(n_jobs=3)]: Done 194 tasks      | elapsed: 31.6min
[Parallel(n_jobs=3)]: Done 444 tasks      | elapsed: 81.1min
[Parallel(n_jobs=3)]: Done 794 tasks      | elapsed: 153.5min
[Parallel(n_jobs=3)]: Done 1244 tasks      | elapsed: 233.6min
Best parameters & score set found on development set:

-0.06428778246151508
{'gamma': 0.4, 'max_depth': 3, 'min_child_weight': 1, 'n_estimators': 50}

Grid scores on development set:


Testing Set: 
MAE: 1.296864121891204
MSE: 5.2652787364936335
RMSE: 2.294619518894937
r2score: -0.0065351184509971905

--- 15821.158336639404 seconds ---

Temp

(216, 12, 70, 40)
(216, 2)
(604800, 4)
(604800,)
(436800, 4)
(436800,)
(168000, 4)

Heloo every one,this is a grid search on ([0] features, Month Ahead: 1

GridSearchCV(cv=TimeSeriesSplit(max_train_size=None, n_splits=3),
             error_score=nan,
             estimator=XGBRegressor(base_score=None, booster=None,
                                    colsample_bylevel=None,
                                    colsample_bynode=None,
                                    colsample_bytree=None, gamma=None,
                                    gpu_id=None, importance_type='gain',
                                    interaction_constraints=None,
                                    learning_rate=None, max_delta_step=None,
                                    max_depth=None, min_child_weight=None,...
                                    reg_lambda=None, scale_pos_weight=None,
                                    subsample=None, tree_method=None,
                                    validate_parameters=False, verbose=1,
                                    verbosity=None),
             iid='deprecated', n_jobs=3,
             param_grid={'gamma': [0.0, 0.1, 0.2, 0.3, 0.4],
                         'max_depth': [3, 4, 5, 6, 8, 10],
                         'min_child_weight': [1, 3, 5],
                         'n_estimators': [50, 100, 200, 300, 600]},
             pre_dispatch='2*n_jobs', refit=True, return_train_score=False,
             scoring='neg_mean_absolute_error', verbose=1)
Fitting 3 folds for each of 450 candidates, totalling 1350 fits
[Parallel(n_jobs=3)]: Done 1350 out of 1350 | elapsed: 263.5min finished
[Parallel(n_jobs=3)]: Using backend LokyBackend with 3 concurrent workers.
/opt/anaconda3/lib/python3.7/site-packages/joblib/externals/loky/process_executor.py:706: UserWarning: A worker stopped while some jobs were given to the executor. This can be caused by a too short worker timeout or by a memory leak.
  "timeout or by a memory leak.", UserWarning
[Parallel(n_jobs=3)]: Done  44 tasks      | elapsed:  4.6min
[Parallel(n_jobs=3)]: Done 194 tasks      | elapsed: 31.6min
[Parallel(n_jobs=3)]: Done 444 tasks      | elapsed: 80.8min
[Parallel(n_jobs=3)]: Done 794 tasks      | elapsed: 153.3min
[Parallel(n_jobs=3)]: Done 1244 tasks      | elapsed: 233.2min
Best parameters & score set found on development set:

-0.06629539858577398
{'gamma': 0.3, 'max_depth': 3, 'min_child_weight': 1, 'n_estimators': 50}

Grid scores on development set:


Testing Set: 
MAE: 1.3256664425986158
MSE: 5.504191500515176
RMSE: 2.3461013406319804
r2score: -0.052206791171218736

--- 15793.222986459732 seconds ---

Temp

(216, 12, 70, 40)
(216, 2)
(604800, 5)
(604800,)
(436800, 5)
(436800,)
(168000, 5)

Heloo every one,this is a grid search on ([0, 11] features, Month Ahead: 1

GridSearchCV(cv=TimeSeriesSplit(max_train_size=None, n_splits=3),
             error_score=nan,
             estimator=XGBRegressor(base_score=None, booster=None,
                                    colsample_bylevel=None,
                                    colsample_bynode=None,
                                    colsample_bytree=None, gamma=None,
                                    gpu_id=None, importance_type='gain',
                                    interaction_constraints=None,
                                    learning_rate=None, max_delta_step=None,
                                    max_depth=None, min_child_weight=None,...
                                    reg_lambda=None, scale_pos_weight=None,
                                    subsample=None, tree_method=None,
                                    validate_parameters=False, verbose=1,
                                    verbosity=None),
             iid='deprecated', n_jobs=3,
             param_grid={'gamma': [0.0, 0.1, 0.2, 0.3, 0.4],
                         'max_depth': [3, 4, 5, 6, 8, 10],
                         'min_child_weight': [1, 3, 5],
                         'n_estimators': [50, 100, 200, 300, 600]},
             pre_dispatch='2*n_jobs', refit=True, return_train_score=False,
             scoring='neg_mean_absolute_error', verbose=1)
Fitting 3 folds for each of 450 candidates, totalling 1350 fits
[Parallel(n_jobs=3)]: Done 1350 out of 1350 | elapsed: 263.1min finished
[Parallel(n_jobs=3)]: Using backend LokyBackend with 3 concurrent workers.
/opt/anaconda3/lib/python3.7/site-packages/joblib/externals/loky/process_executor.py:706: UserWarning: A worker stopped while some jobs were given to the executor. This can be caused by a too short worker timeout or by a memory leak.
  "timeout or by a memory leak.", UserWarning
[Parallel(n_jobs=3)]: Done  44 tasks      | elapsed:  5.0min
[Parallel(n_jobs=3)]: Done 194 tasks      | elapsed: 34.9min
[Parallel(n_jobs=3)]: Done 444 tasks      | elapsed: 90.1min
[Parallel(n_jobs=3)]: Done 794 tasks      | elapsed: 171.6min
[Parallel(n_jobs=3)]: Done 1244 tasks      | elapsed: 261.9min
Best parameters & score set found on development set:

-0.06546613723309061
{'gamma': 0.2, 'max_depth': 3, 'min_child_weight': 1, 'n_estimators': 50}

Grid scores on development set:


Testing Set: 
MAE: 1.296247057733082
MSE: 5.442900697524589
RMSE: 2.3330025069692035
r2score: -0.04049015683227952

--- 17775.861338853836 seconds ---

Temp

(216, 12, 70, 40)
(216, 2)
(604800, 5)
(604800,)
(436800, 5)
(436800,)
(168000, 5)

Heloo every one,this is a grid search on ([10, 11] features, Month Ahead: 1

GridSearchCV(cv=TimeSeriesSplit(max_train_size=None, n_splits=3),
             error_score=nan,
             estimator=XGBRegressor(base_score=None, booster=None,
                                    colsample_bylevel=None,
                                    colsample_bynode=None,
                                    colsample_bytree=None, gamma=None,
                                    gpu_id=None, importance_type='gain',
                                    interaction_constraints=None,
                                    learning_rate=None, max_delta_step=None,
                                    max_depth=None, min_child_weight=None,...
                                    reg_lambda=None, scale_pos_weight=None,
                                    subsample=None, tree_method=None,
                                    validate_parameters=False, verbose=1,
                                    verbosity=None),
             iid='deprecated', n_jobs=3,
             param_grid={'gamma': [0.0, 0.1, 0.2, 0.3, 0.4],
                         'max_depth': [3, 4, 5, 6, 8, 10],
                         'min_child_weight': [1, 3, 5],
                         'n_estimators': [50, 100, 200, 300, 600]},
             pre_dispatch='2*n_jobs', refit=True, return_train_score=False,
             scoring='neg_mean_absolute_error', verbose=1)
Fitting 3 folds for each of 450 candidates, totalling 1350 fits
[Parallel(n_jobs=3)]: Done 1350 out of 1350 | elapsed: 296.1min finished
[Parallel(n_jobs=3)]: Using backend LokyBackend with 3 concurrent workers.
[Parallel(n_jobs=3)]: Done  44 tasks      | elapsed:  5.0min
/opt/anaconda3/lib/python3.7/site-packages/joblib/externals/loky/process_executor.py:706: UserWarning: A worker stopped while some jobs were given to the executor. This can be caused by a too short worker timeout or by a memory leak.
  "timeout or by a memory leak.", UserWarning
[Parallel(n_jobs=3)]: Done 194 tasks      | elapsed: 35.0min
[Parallel(n_jobs=3)]: Done 444 tasks      | elapsed: 89.9min
[Parallel(n_jobs=3)]: Done 794 tasks      | elapsed: 171.2min
[Parallel(n_jobs=3)]: Done 1244 tasks      | elapsed: 261.4min
Best parameters & score set found on development set:

-0.06479774026137079
{'gamma': 0.2, 'max_depth': 3, 'min_child_weight': 1, 'n_estimators': 50}

Grid scores on development set:


Testing Set: 
MAE: 1.2992727152506514
MSE: 5.2455297909951675
RMSE: 2.2903121601640173
r2score: -0.002759818378314405

--- 17728.056899547577 seconds ---

Temp

(216, 12, 70, 40)
(216, 2)
(604800, 7)
(604800,)
(436800, 7)
(436800,)
(168000, 7)

Heloo every one,this is a grid search on ([0, 11, 1, 2] features, Month Ahead: 1

GridSearchCV(cv=TimeSeriesSplit(max_train_size=None, n_splits=3),
             error_score=nan,
             estimator=XGBRegressor(base_score=None, booster=None,
                                    colsample_bylevel=None,
                                    colsample_bynode=None,
                                    colsample_bytree=None, gamma=None,
                                    gpu_id=None, importance_type='gain',
                                    interaction_constraints=None,
                                    learning_rate=None, max_delta_step=None,
                                    max_depth=None, min_child_weight=None,...
                                    reg_lambda=None, scale_pos_weight=None,
                                    subsample=None, tree_method=None,
                                    validate_parameters=False, verbose=1,
                                    verbosity=None),
             iid='deprecated', n_jobs=3,
             param_grid={'gamma': [0.0, 0.1, 0.2, 0.3, 0.4],
                         'max_depth': [3, 4, 5, 6, 8, 10],
                         'min_child_weight': [1, 3, 5],
                         'n_estimators': [50, 100, 200, 300, 600]},
             pre_dispatch='2*n_jobs', refit=True, return_train_score=False,
             scoring='neg_mean_absolute_error', verbose=1)
Fitting 3 folds for each of 450 candidates, totalling 1350 fits
[Parallel(n_jobs=3)]: Done 1350 out of 1350 | elapsed: 295.3min finished
[Parallel(n_jobs=3)]: Using backend LokyBackend with 3 concurrent workers.
/opt/anaconda3/lib/python3.7/site-packages/joblib/externals/loky/process_executor.py:706: UserWarning: A worker stopped while some jobs were given to the executor. This can be caused by a too short worker timeout or by a memory leak.
  "timeout or by a memory leak.", UserWarning
[Parallel(n_jobs=3)]: Done  44 tasks      | elapsed:  5.8min
[Parallel(n_jobs=3)]: Done 194 tasks      | elapsed: 41.5min
[Parallel(n_jobs=3)]: Done 444 tasks      | elapsed: 108.5min
[Parallel(n_jobs=3)]: Done 794 tasks      | elapsed: 208.2min
[Parallel(n_jobs=3)]: Done 1244 tasks      | elapsed: 317.6min
Best parameters & score set found on development set:

-0.0661387707195291
{'gamma': 0.1, 'max_depth': 3, 'min_child_weight': 1, 'n_estimators': 50}

Grid scores on development set:


Testing Set: 
MAE: 1.3103432459150046
MSE: 5.619089570345944
RMSE: 2.3704618896632663
r2score: -0.0741712394207179

--- 21653.71699476242 seconds ---

Temp

(216, 12, 70, 40)
(216, 2)
(604800, 7)
(604800,)
(436800, 7)
(436800,)
(168000, 7)

Heloo every one,this is a grid search on ([0, 11, 1, 10] features, Month Ahead: 1

GridSearchCV(cv=TimeSeriesSplit(max_train_size=None, n_splits=3),
             error_score=nan,
             estimator=XGBRegressor(base_score=None, booster=None,
                                    colsample_bylevel=None,
                                    colsample_bynode=None,
                                    colsample_bytree=None, gamma=None,
                                    gpu_id=None, importance_type='gain',
                                    interaction_constraints=None,
                                    learning_rate=None, max_delta_step=None,
                                    max_depth=None, min_child_weight=None,...
                                    reg_lambda=None, scale_pos_weight=None,
                                    subsample=None, tree_method=None,
                                    validate_parameters=False, verbose=1,
                                    verbosity=None),
             iid='deprecated', n_jobs=3,
             param_grid={'gamma': [0.0, 0.1, 0.2, 0.3, 0.4],
                         'max_depth': [3, 4, 5, 6, 8, 10],
                         'min_child_weight': [1, 3, 5],
                         'n_estimators': [50, 100, 200, 300, 600]},
             pre_dispatch='2*n_jobs', refit=True, return_train_score=False,
             scoring='neg_mean_absolute_error', verbose=1)
Fitting 3 folds for each of 450 candidates, totalling 1350 fits
[Parallel(n_jobs=3)]: Done 1350 out of 1350 | elapsed: 360.7min finished
[Parallel(n_jobs=3)]: Using backend LokyBackend with 3 concurrent workers.
/opt/anaconda3/lib/python3.7/site-packages/joblib/externals/loky/process_executor.py:706: UserWarning: A worker stopped while some jobs were given to the executor. This can be caused by a too short worker timeout or by a memory leak.
  "timeout or by a memory leak.", UserWarning
[Parallel(n_jobs=3)]: Done  44 tasks      | elapsed:  5.8min
[Parallel(n_jobs=3)]: Done 194 tasks      | elapsed: 41.7min
[Parallel(n_jobs=3)]: Done 444 tasks      | elapsed: 108.2min
[Parallel(n_jobs=3)]: Done 794 tasks      | elapsed: 207.3min
[Parallel(n_jobs=3)]: Done 1244 tasks      | elapsed: 316.6min
Best parameters & score set found on development set:

-0.06521302467942659
{'gamma': 0.2, 'max_depth': 3, 'min_child_weight': 1, 'n_estimators': 50}

Grid scores on development set:


Testing Set: 
MAE: 1.3090283927917483
MSE: 5.432487192308991
RMSE: 2.3307696566389806
r2score: -0.038499462848118116

--- 21514.51312303543 seconds ---

Wind

(216, 12, 70, 40)
(216, 2)
(604800, 4)
(604800,)
(436800, 4)
(436800,)
(168000, 4)

Heloo every one,this is a grid search on ([11] features, Month Ahead: 1

GridSearchCV(cv=TimeSeriesSplit(max_train_size=None, n_splits=3),
             error_score=nan,
             estimator=XGBRegressor(base_score=None, booster=None,
                                    colsample_bylevel=None,
                                    colsample_bynode=None,
                                    colsample_bytree=None, gamma=None,
                                    gpu_id=None, importance_type='gain',
                                    interaction_constraints=None,
                                    learning_rate=None, max_delta_step=None,
                                    max_depth=None, min_child_weight=None,...
                                    reg_lambda=None, scale_pos_weight=None,
                                    subsample=None, tree_method=None,
                                    validate_parameters=False, verbose=1,
                                    verbosity=None),
             iid='deprecated', n_jobs=3,
             param_grid={'gamma': [0.0, 0.1, 0.2, 0.3, 0.4],
                         'max_depth': [3, 4, 5, 6, 8, 10],
                         'min_child_weight': [1, 3, 5],
                         'n_estimators': [50, 100, 200, 300, 600]},
             pre_dispatch='2*n_jobs', refit=True, return_train_score=False,
             scoring='neg_mean_absolute_error', verbose=1)
Fitting 3 folds for each of 450 candidates, totalling 1350 fits
[Parallel(n_jobs=3)]: Done 1350 out of 1350 | elapsed: 358.4min finished
[Parallel(n_jobs=3)]: Using backend LokyBackend with 3 concurrent workers.
/opt/anaconda3/lib/python3.7/site-packages/joblib/externals/loky/process_executor.py:706: UserWarning: A worker stopped while some jobs were given to the executor. This can be caused by a too short worker timeout or by a memory leak.
  "timeout or by a memory leak.", UserWarning
[Parallel(n_jobs=3)]: Done  44 tasks      | elapsed:  4.7min
[Parallel(n_jobs=3)]: Done 194 tasks      | elapsed: 31.8min
[Parallel(n_jobs=3)]: Done 444 tasks      | elapsed: 81.0min
[Parallel(n_jobs=3)]: Done 794 tasks      | elapsed: 152.5min
[Parallel(n_jobs=3)]: Done 1244 tasks      | elapsed: 231.0min
Best parameters & score set found on development set:

-0.1059193394281671
{'gamma': 0.0, 'max_depth': 3, 'min_child_weight': 3, 'n_estimators': 50}

Grid scores on development set:


Testing Set: 
MAE: 2.1168097529638383
MSE: 14.786347609281076
RMSE: 3.8453020179539963
r2score: -0.05962296558983793

--- 15635.90614080429 seconds ---

Wind

(216, 12, 70, 40)
(216, 2)
(604800, 4)
(604800,)
(436800, 4)
(436800,)
(168000, 4)

Heloo every one,this is a grid search on ([0] features, Month Ahead: 1

GridSearchCV(cv=TimeSeriesSplit(max_train_size=None, n_splits=3),
             error_score=nan,
             estimator=XGBRegressor(base_score=None, booster=None,
                                    colsample_bylevel=None,
                                    colsample_bynode=None,
                                    colsample_bytree=None, gamma=None,
                                    gpu_id=None, importance_type='gain',
                                    interaction_constraints=None,
                                    learning_rate=None, max_delta_step=None,
                                    max_depth=None, min_child_weight=None,...
                                    reg_lambda=None, scale_pos_weight=None,
                                    subsample=None, tree_method=None,
                                    validate_parameters=False, verbose=1,
                                    verbosity=None),
             iid='deprecated', n_jobs=3,
             param_grid={'gamma': [0.0, 0.1, 0.2, 0.3, 0.4],
                         'max_depth': [3, 4, 5, 6, 8, 10],
                         'min_child_weight': [1, 3, 5],
                         'n_estimators': [50, 100, 200, 300, 600]},
             pre_dispatch='2*n_jobs', refit=True, return_train_score=False,
             scoring='neg_mean_absolute_error', verbose=1)
Fitting 3 folds for each of 450 candidates, totalling 1350 fits
[Parallel(n_jobs=3)]: Done 1350 out of 1350 | elapsed: 260.5min finished
[Parallel(n_jobs=3)]: Using backend LokyBackend with 3 concurrent workers.
/opt/anaconda3/lib/python3.7/site-packages/joblib/externals/loky/process_executor.py:706: UserWarning: A worker stopped while some jobs were given to the executor. This can be caused by a too short worker timeout or by a memory leak.
  "timeout or by a memory leak.", UserWarning
[Parallel(n_jobs=3)]: Done  44 tasks      | elapsed:  4.7min
[Parallel(n_jobs=3)]: Done 194 tasks      | elapsed: 31.9min
[Parallel(n_jobs=3)]: Done 444 tasks      | elapsed: 81.7min
[Parallel(n_jobs=3)]: Done 794 tasks      | elapsed: 153.9min
[Parallel(n_jobs=3)]: Done 1244 tasks      | elapsed: 233.7min
Best parameters & score set found on development set:

-0.10317749228332525
{'gamma': 0.2, 'max_depth': 3, 'min_child_weight': 3, 'n_estimators': 50}

Grid scores on development set:


Testing Set: 
MAE: 2.1537737785975146
MSE: 15.06154819982722
RMSE: 3.880921050450166
r2score: -0.07934445960527303

--- 15791.862902402878 seconds ---

Wind

(216, 12, 70, 40)
(216, 2)
(604800, 5)
(604800,)
(436800, 5)
(436800,)
(168000, 5)

Heloo every one,this is a grid search on ([0, 11] features, Month Ahead: 1

GridSearchCV(cv=TimeSeriesSplit(max_train_size=None, n_splits=3),
             error_score=nan,
             estimator=XGBRegressor(base_score=None, booster=None,
                                    colsample_bylevel=None,
                                    colsample_bynode=None,
                                    colsample_bytree=None, gamma=None,
                                    gpu_id=None, importance_type='gain',
                                    interaction_constraints=None,
                                    learning_rate=None, max_delta_step=None,
                                    max_depth=None, min_child_weight=None,...
                                    reg_lambda=None, scale_pos_weight=None,
                                    subsample=None, tree_method=None,
                                    validate_parameters=False, verbose=1,
                                    verbosity=None),
             iid='deprecated', n_jobs=3,
             param_grid={'gamma': [0.0, 0.1, 0.2, 0.3, 0.4],
                         'max_depth': [3, 4, 5, 6, 8, 10],
                         'min_child_weight': [1, 3, 5],
                         'n_estimators': [50, 100, 200, 300, 600]},
             pre_dispatch='2*n_jobs', refit=True, return_train_score=False,
             scoring='neg_mean_absolute_error', verbose=1)
Fitting 3 folds for each of 450 candidates, totalling 1350 fits
[Parallel(n_jobs=3)]: Done 1350 out of 1350 | elapsed: 263.1min finished
[Parallel(n_jobs=3)]: Using backend LokyBackend with 3 concurrent workers.
[Parallel(n_jobs=3)]: Done  44 tasks      | elapsed:  5.0min
/opt/anaconda3/lib/python3.7/site-packages/joblib/externals/loky/process_executor.py:706: UserWarning: A worker stopped while some jobs were given to the executor. This can be caused by a too short worker timeout or by a memory leak.
  "timeout or by a memory leak.", UserWarning
[Parallel(n_jobs=3)]: Done 194 tasks      | elapsed: 35.2min
[Parallel(n_jobs=3)]: Done 444 tasks      | elapsed: 90.9min
[Parallel(n_jobs=3)]: Done 794 tasks      | elapsed: 171.2min
[Parallel(n_jobs=3)]: Done 1244 tasks      | elapsed: 259.9min
Best parameters & score set found on development set:

-0.10516164716179215
{'gamma': 0.0, 'max_depth': 3, 'min_child_weight': 5, 'n_estimators': 50}

Grid scores on development set:


Testing Set: 
MAE: 2.167720397040958
MSE: 15.37844081917506
RMSE: 3.9215355180305407
r2score: -0.10205369828677968

--- 17605.481693267822 seconds ---

Wind

(216, 12, 70, 40)
(216, 2)
(604800, 5)
(604800,)
(436800, 5)
(436800,)
(168000, 5)

Heloo every one,this is a grid search on ([10, 11] features, Month Ahead: 1

GridSearchCV(cv=TimeSeriesSplit(max_train_size=None, n_splits=3),
             error_score=nan,
             estimator=XGBRegressor(base_score=None, booster=None,
                                    colsample_bylevel=None,
                                    colsample_bynode=None,
                                    colsample_bytree=None, gamma=None,
                                    gpu_id=None, importance_type='gain',
                                    interaction_constraints=None,
                                    learning_rate=None, max_delta_step=None,
                                    max_depth=None, min_child_weight=None,...
                                    reg_lambda=None, scale_pos_weight=None,
                                    subsample=None, tree_method=None,
                                    validate_parameters=False, verbose=1,
                                    verbosity=None),
             iid='deprecated', n_jobs=3,
             param_grid={'gamma': [0.0, 0.1, 0.2, 0.3, 0.4],
                         'max_depth': [3, 4, 5, 6, 8, 10],
                         'min_child_weight': [1, 3, 5],
                         'n_estimators': [50, 100, 200, 300, 600]},
             pre_dispatch='2*n_jobs', refit=True, return_train_score=False,
             scoring='neg_mean_absolute_error', verbose=1)
Fitting 3 folds for each of 450 candidates, totalling 1350 fits
[Parallel(n_jobs=3)]: Done 1350 out of 1350 | elapsed: 293.3min finished
[Parallel(n_jobs=3)]: Using backend LokyBackend with 3 concurrent workers.
/opt/anaconda3/lib/python3.7/site-packages/joblib/externals/loky/process_executor.py:706: UserWarning: A worker stopped while some jobs were given to the executor. This can be caused by a too short worker timeout or by a memory leak.
  "timeout or by a memory leak.", UserWarning
[Parallel(n_jobs=3)]: Done  44 tasks      | elapsed:  5.1min
[Parallel(n_jobs=3)]: Done 194 tasks      | elapsed: 35.3min
[Parallel(n_jobs=3)]: Done 444 tasks      | elapsed: 91.3min
[Parallel(n_jobs=3)]: Done 794 tasks      | elapsed: 171.1min
[Parallel(n_jobs=3)]: Done 1244 tasks      | elapsed: 259.4min
Best parameters & score set found on development set:

-0.10549082990740631
{'gamma': 0.2, 'max_depth': 3, 'min_child_weight': 3, 'n_estimators': 50}

Grid scores on development set:


Testing Set: 
MAE: 2.1299658208574574
MSE: 15.124465760012413
RMSE: 3.8890186114253056
r2score: -0.08385327364595363

--- 17606.983063936234 seconds ---

Wind

(216, 12, 70, 40)
(216, 2)
(604800, 7)
(604800,)
(436800, 7)
(436800,)
(168000, 7)

Heloo every one,this is a grid search on ([0, 11, 1, 2] features, Month Ahead: 1

GridSearchCV(cv=TimeSeriesSplit(max_train_size=None, n_splits=3),
             error_score=nan,
             estimator=XGBRegressor(base_score=None, booster=None,
                                    colsample_bylevel=None,
                                    colsample_bynode=None,
                                    colsample_bytree=None, gamma=None,
                                    gpu_id=None, importance_type='gain',
                                    interaction_constraints=None,
                                    learning_rate=None, max_delta_step=None,
                                    max_depth=None, min_child_weight=None,...
                                    reg_lambda=None, scale_pos_weight=None,
                                    subsample=None, tree_method=None,
                                    validate_parameters=False, verbose=1,
                                    verbosity=None),
             iid='deprecated', n_jobs=3,
             param_grid={'gamma': [0.0, 0.1, 0.2, 0.3, 0.4],
                         'max_depth': [3, 4, 5, 6, 8, 10],
                         'min_child_weight': [1, 3, 5],
                         'n_estimators': [50, 100, 200, 300, 600]},
             pre_dispatch='2*n_jobs', refit=True, return_train_score=False,
             scoring='neg_mean_absolute_error', verbose=1)
Fitting 3 folds for each of 450 candidates, totalling 1350 fits
[Parallel(n_jobs=3)]: Done 1350 out of 1350 | elapsed: 293.3min finished
[Parallel(n_jobs=3)]: Using backend LokyBackend with 3 concurrent workers.
/opt/anaconda3/lib/python3.7/site-packages/joblib/externals/loky/process_executor.py:706: UserWarning: A worker stopped while some jobs were given to the executor. This can be caused by a too short worker timeout or by a memory leak.
  "timeout or by a memory leak.", UserWarning
[Parallel(n_jobs=3)]: Done  44 tasks      | elapsed:  5.9min
[Parallel(n_jobs=3)]: Done 194 tasks      | elapsed: 42.0min
[Parallel(n_jobs=3)]: Done 444 tasks      | elapsed: 110.2min
[Parallel(n_jobs=3)]: Done 794 tasks      | elapsed: 209.0min
[Parallel(n_jobs=3)]: Done 1244 tasks      | elapsed: 317.2min
Best parameters & score set found on development set:

-0.09885740285101587
{'gamma': 0.4, 'max_depth': 3, 'min_child_weight': 3, 'n_estimators': 50}

Grid scores on development set:


Testing Set: 
MAE: 2.1646690360478
MSE: 15.917656345547748
RMSE: 3.9896937658857663
r2score: -0.14069509711257755

--- 21542.97756934166 seconds ---

Wind

(216, 12, 70, 40)
(216, 2)
(604800, 7)
(604800,)
(436800, 7)
(436800,)
(168000, 7)

Heloo every one,this is a grid search on ([0, 11, 1, 10] features, Month Ahead: 1

GridSearchCV(cv=TimeSeriesSplit(max_train_size=None, n_splits=3),
             error_score=nan,
             estimator=XGBRegressor(base_score=None, booster=None,
                                    colsample_bylevel=None,
                                    colsample_bynode=None,
                                    colsample_bytree=None, gamma=None,
                                    gpu_id=None, importance_type='gain',
                                    interaction_constraints=None,
                                    learning_rate=None, max_delta_step=None,
                                    max_depth=None, min_child_weight=None,...
                                    reg_lambda=None, scale_pos_weight=None,
                                    subsample=None, tree_method=None,
                                    validate_parameters=False, verbose=1,
                                    verbosity=None),
             iid='deprecated', n_jobs=3,
             param_grid={'gamma': [0.0, 0.1, 0.2, 0.3, 0.4],
                         'max_depth': [3, 4, 5, 6, 8, 10],
                         'min_child_weight': [1, 3, 5],
                         'n_estimators': [50, 100, 200, 300, 600]},
             pre_dispatch='2*n_jobs', refit=True, return_train_score=False,
             scoring='neg_mean_absolute_error', verbose=1)
Fitting 3 folds for each of 450 candidates, totalling 1350 fits
[Parallel(n_jobs=3)]: Done 1350 out of 1350 | elapsed: 358.9min finished
[Parallel(n_jobs=3)]: Using backend LokyBackend with 3 concurrent workers.
/opt/anaconda3/lib/python3.7/site-packages/joblib/externals/loky/process_executor.py:706: UserWarning: A worker stopped while some jobs were given to the executor. This can be caused by a too short worker timeout or by a memory leak.
  "timeout or by a memory leak.", UserWarning
[Parallel(n_jobs=3)]: Done  44 tasks      | elapsed:  5.9min
[Parallel(n_jobs=3)]: Done 194 tasks      | elapsed: 41.9min
[Parallel(n_jobs=3)]: Done 444 tasks      | elapsed: 110.0min
[Parallel(n_jobs=3)]: Done 794 tasks      | elapsed: 208.0min
[Parallel(n_jobs=3)]: Done 1244 tasks      | elapsed: 315.7min
[Parallel(n_jobs=3)]: Done 1350 out of 1350 | elapsed: 357.4min finished
Best parameters & score set found on development set:

-0.10281801956035934
{'gamma': 0.4, 'max_depth': 3, 'min_child_weight': 1, 'n_estimators': 50}

Grid scores on development set:


Testing Set: 
MAE: 2.143422897656759
MSE: 15.614065222767511
RMSE: 3.9514636810639563
r2score: -0.1189390736274254

--- 21452.075199127197 seconds ---

