Submitting SLURM job
Rain

(216, 12, 70, 40)
(216, 2)
(604800, 1)
(604800,)
(436800, 1)
(436800,)
(168000, 1)

Heloo every one,this is a grid search on ([11]) features, Month Ahead: 1

GridSearchCV(cv=TimeSeriesSplit(max_train_size=None, n_splits=3),
             error_score=nan,
             estimator=RandomForestRegressor(bootstrap=True, ccp_alpha=0.0,
                                             criterion='mse', max_depth=None,
                                             max_features='auto',
                                             max_leaf_nodes=None,
                                             max_samples=None,
                                             min_impurity_decrease=0.0,
                                             min_impurity_split=None,
                                             min_samples_leaf=1,
                                             min_samples_split=2,
                                             min_weight_fraction_leaf=0.0,
                                             n_e...
                                             oob_score=False, random_state=None,
                                             verbose=0, warm_start=False),
             iid='deprecated', n_jobs=1,
             param_grid={'max_depth': [5, 10, 15, 30, None],
                         'max_features': ['auto', 'sqrt'],
                         'min_samples_leaf': [1, 2, 5, 10],
                         'min_samples_split': [2, 5, 10, 15],
                         'n_estimators': [10, 20, 40, 80, 160]},
             pre_dispatch='2*n_jobs', refit=True, return_train_score=False,
             scoring='neg_mean_absolute_error', verbose=1)
Fitting 3 folds for each of 800 candidates, totalling 2400 fits
[Parallel(n_jobs=1)]: Using backend SequentialBackend with 1 concurrent workers.
[Parallel(n_jobs=1)]: Done 2400 out of 2400 | elapsed: 39.6min finished
[Parallel(n_jobs=1)]: Using backend SequentialBackend with 1 concurrent workers.
[Parallel(n_jobs=1)]: Done 2400 out of 2400 | elapsed: 38.6min finished
[Parallel(n_jobs=1)]: Using backend SequentialBackend with 1 concurrent workers.
[Parallel(n_jobs=1)]: Done 2400 out of 2400 | elapsed: 46.5min finished
[Parallel(n_jobs=1)]: Using backend SequentialBackend with 1 concurrent workers.
[Parallel(n_jobs=1)]: Done 2400 out of 2400 | elapsed: 45.7min finished
[Parallel(n_jobs=1)]: Using backend SequentialBackend with 1 concurrent workers.
[Parallel(n_jobs=1)]: Done 2400 out of 2400 | elapsed: 66.9min finished
[Parallel(n_jobs=1)]: Using backend SequentialBackend with 1 concurrent workers.
[Parallel(n_jobs=1)]: Done 2400 out of 2400 | elapsed: 67.5min finished
[Parallel(n_jobs=1)]: Using backend SequentialBackend with 1 concurrent workers.
[Parallel(n_jobs=1)]: Done 2400 out of 2400 | elapsed: 38.8min finished
[Parallel(n_jobs=1)]: Using backend SequentialBackend with 1 concurrent workers.
[Parallel(n_jobs=1)]: Done 2400 out of 2400 | elapsed: 39.4min finished
[Parallel(n_jobs=1)]: Using backend SequentialBackend with 1 concurrent workers.
[Parallel(n_jobs=1)]: Done 2400 out of 2400 | elapsed: 46.3min finished
[Parallel(n_jobs=1)]: Using backend SequentialBackend with 1 concurrent workers.
[Parallel(n_jobs=1)]: Done 2400 out of 2400 | elapsed: 45.5min finished
[Parallel(n_jobs=1)]: Using backend SequentialBackend with 1 concurrent workers.
[Parallel(n_jobs=1)]: Done 2400 out of 2400 | elapsed: 68.4min finished
[Parallel(n_jobs=1)]: Using backend SequentialBackend with 1 concurrent workers.
[Parallel(n_jobs=1)]: Done 2400 out of 2400 | elapsed: 67.4min finished
[Parallel(n_jobs=1)]: Using backend SequentialBackend with 1 concurrent workers.
[Parallel(n_jobs=1)]: Done 2400 out of 2400 | elapsed: 38.6min finished
[Parallel(n_jobs=1)]: Using backend SequentialBackend with 1 concurrent workers.
[Parallel(n_jobs=1)]: Done 2400 out of 2400 | elapsed: 38.3min finished
[Parallel(n_jobs=1)]: Using backend SequentialBackend with 1 concurrent workers.
[Parallel(n_jobs=1)]: Done 2400 out of 2400 | elapsed: 44.6min finished
[Parallel(n_jobs=1)]: Using backend SequentialBackend with 1 concurrent workers.
[Parallel(n_jobs=1)]: Done 2400 out of 2400 | elapsed: 45.0min finished
[Parallel(n_jobs=1)]: Using backend SequentialBackend with 1 concurrent workers.
[Parallel(n_jobs=1)]: Done 2400 out of 2400 | elapsed: 65.8min finished
[Parallel(n_jobs=1)]: Using backend SequentialBackend with 1 concurrent workers.
[Parallel(n_jobs=1)]: Done 2400 out of 2400 | elapsed: 66.0min finished
[Parallel(n_jobs=1)]: Using backend SequentialBackend with 1 concurrent workers.
[Parallel(n_jobs=1)]: Done 2400 out of 2400 | elapsed: 37.4min finished
[Parallel(n_jobs=1)]: Using backend SequentialBackend with 1 concurrent workers.
[Parallel(n_jobs=1)]: Done 2400 out of 2400 | elapsed: 37.4min finished
[Parallel(n_jobs=1)]: Using backend SequentialBackend with 1 concurrent workers.
[Parallel(n_jobs=1)]: Done 2400 out of 2400 | elapsed: 41.8min finished
[Parallel(n_jobs=1)]: Using backend SequentialBackend with 1 concurrent workers.
[Parallel(n_jobs=1)]: Done 2400 out of 2400 | elapsed: 41.7min finished
[Parallel(n_jobs=1)]: Using backend SequentialBackend with 1 concurrent workers.
[Parallel(n_jobs=1)]: Done 2400 out of 2400 | elapsed: 57.7min finished
[Parallel(n_jobs=1)]: Using backend SequentialBackend with 1 concurrent workers.
[Parallel(n_jobs=1)]: Done 2400 out of 2400 | elapsed: 55.8min finished
[Parallel(n_jobs=1)]: Using backend SequentialBackend with 1 concurrent workers.
[Parallel(n_jobs=1)]: Done 2400 out of 2400 | elapsed: 37.5min finished
[Parallel(n_jobs=1)]: Using backend SequentialBackend with 1 concurrent workers.
[Parallel(n_jobs=1)]: Done 2400 out of 2400 | elapsed: 37.3min finished
[Parallel(n_jobs=1)]: Using backend SequentialBackend with 1 concurrent workers.
[Parallel(n_jobs=1)]: Done 2400 out of 2400 | elapsed: 41.6min finished
[Parallel(n_jobs=1)]: Using backend SequentialBackend with 1 concurrent workers.
[Parallel(n_jobs=1)]: Done 2400 out of 2400 | elapsed: 43.2min finished
[Parallel(n_jobs=1)]: Using backend SequentialBackend with 1 concurrent workers.
[Parallel(n_jobs=1)]: Done 2400 out of 2400 | elapsed: 59.5min finished
[Parallel(n_jobs=1)]: Using backend SequentialBackend with 1 concurrent workers.
[Parallel(n_jobs=1)]: Done 2400 out of 2400 | elapsed: 58.8min finished
Best parameters & score set found on development set:

-0.12816297708528732
{'max_depth': 5, 'max_features': 'sqrt', 'min_samples_leaf': 2, 'min_samples_split': 15, 'n_estimators': 10}

Grid scores on development set:


Testing Set: 
MAE: 2.5957456524468348
MSE: 35.86616840153407
RMSE: 5.988836982380976
r2score: 0.008870555517969558

--- 2375.639577150345 seconds ---

Rain

(216, 12, 70, 40)
(216, 2)
(604800, 1)
(604800,)
(436800, 1)
(436800,)
(168000, 1)

Heloo every one,this is a grid search on ([0]) features, Month Ahead: 1

GridSearchCV(cv=TimeSeriesSplit(max_train_size=None, n_splits=3),
             error_score=nan,
             estimator=RandomForestRegressor(bootstrap=True, ccp_alpha=0.0,
                                             criterion='mse', max_depth=None,
                                             max_features='auto',
                                             max_leaf_nodes=None,
                                             max_samples=None,
                                             min_impurity_decrease=0.0,
                                             min_impurity_split=None,
                                             min_samples_leaf=1,
                                             min_samples_split=2,
                                             min_weight_fraction_leaf=0.0,
                                             n_e...
                                             oob_score=False, random_state=None,
                                             verbose=0, warm_start=False),
             iid='deprecated', n_jobs=1,
             param_grid={'max_depth': [5, 10, 15, 30, None],
                         'max_features': ['auto', 'sqrt'],
                         'min_samples_leaf': [1, 2, 5, 10],
                         'min_samples_split': [2, 5, 10, 15],
                         'n_estimators': [10, 20, 40, 80, 160]},
             pre_dispatch='2*n_jobs', refit=True, return_train_score=False,
             scoring='neg_mean_absolute_error', verbose=1)
Fitting 3 folds for each of 800 candidates, totalling 2400 fits
Best parameters & score set found on development set:

-0.1257327432115353
{'max_depth': 5, 'max_features': 'sqrt', 'min_samples_leaf': 5, 'min_samples_split': 5, 'n_estimators': 10}

Grid scores on development set:


Testing Set: 
MAE: 2.6242544755671444
MSE: 37.72364397623133
RMSE: 6.141957666431065
r2score: -0.04245911856034357

--- 2313.6720979213715 seconds ---

Rain

(216, 12, 70, 40)
(216, 2)
(604800, 2)
(604800,)
(436800, 2)
(436800,)
(168000, 2)

Heloo every one,this is a grid search on ([0, 11]) features, Month Ahead: 1

GridSearchCV(cv=TimeSeriesSplit(max_train_size=None, n_splits=3),
             error_score=nan,
             estimator=RandomForestRegressor(bootstrap=True, ccp_alpha=0.0,
                                             criterion='mse', max_depth=None,
                                             max_features='auto',
                                             max_leaf_nodes=None,
                                             max_samples=None,
                                             min_impurity_decrease=0.0,
                                             min_impurity_split=None,
                                             min_samples_leaf=1,
                                             min_samples_split=2,
                                             min_weight_fraction_leaf=0.0,
                                             n_e...
                                             oob_score=False, random_state=None,
                                             verbose=0, warm_start=False),
             iid='deprecated', n_jobs=1,
             param_grid={'max_depth': [5, 10, 15, 30, None],
                         'max_features': ['auto', 'sqrt'],
                         'min_samples_leaf': [1, 2, 5, 10],
                         'min_samples_split': [2, 5, 10, 15],
                         'n_estimators': [10, 20, 40, 80, 160]},
             pre_dispatch='2*n_jobs', refit=True, return_train_score=False,
             scoring='neg_mean_absolute_error', verbose=1)
Fitting 3 folds for each of 800 candidates, totalling 2400 fits
Best parameters & score set found on development set:

-0.1280686876720196
{'max_depth': 5, 'max_features': 'sqrt', 'min_samples_leaf': 10, 'min_samples_split': 10, 'n_estimators': 10}

Grid scores on development set:


Testing Set: 
MAE: 2.6465162094447745
MSE: 37.61083272479354
RMSE: 6.132767134401366
r2score: -0.03934168065292343

--- 2788.8348066806793 seconds ---

Rain

(216, 12, 70, 40)
(216, 2)
(604800, 2)
(604800,)
(436800, 2)
(436800,)
(168000, 2)

Heloo every one,this is a grid search on ([10, 11]) features, Month Ahead: 1

GridSearchCV(cv=TimeSeriesSplit(max_train_size=None, n_splits=3),
             error_score=nan,
             estimator=RandomForestRegressor(bootstrap=True, ccp_alpha=0.0,
                                             criterion='mse', max_depth=None,
                                             max_features='auto',
                                             max_leaf_nodes=None,
                                             max_samples=None,
                                             min_impurity_decrease=0.0,
                                             min_impurity_split=None,
                                             min_samples_leaf=1,
                                             min_samples_split=2,
                                             min_weight_fraction_leaf=0.0,
                                             n_e...
                                             oob_score=False, random_state=None,
                                             verbose=0, warm_start=False),
             iid='deprecated', n_jobs=1,
             param_grid={'max_depth': [5, 10, 15, 30, None],
                         'max_features': ['auto', 'sqrt'],
                         'min_samples_leaf': [1, 2, 5, 10],
                         'min_samples_split': [2, 5, 10, 15],
                         'n_estimators': [10, 20, 40, 80, 160]},
             pre_dispatch='2*n_jobs', refit=True, return_train_score=False,
             scoring='neg_mean_absolute_error', verbose=1)
Fitting 3 folds for each of 800 candidates, totalling 2400 fits
Best parameters & score set found on development set:

-0.12913819222711456
{'max_depth': 5, 'max_features': 'sqrt', 'min_samples_leaf': 5, 'min_samples_split': 10, 'n_estimators': 80}

Grid scores on development set:


Testing Set: 
MAE: 2.6187468580491933
MSE: 36.78654863690922
RMSE: 6.065191558138062
r2score: -0.016563328056853344

--- 2746.614671230316 seconds ---

Rain

(216, 12, 70, 40)
(216, 2)
(604800, 4)
(604800,)
(436800, 4)
(436800,)
(168000, 4)

Heloo every one,this is a grid search on ([0, 11, 1, 2]) features, Month Ahead: 1

GridSearchCV(cv=TimeSeriesSplit(max_train_size=None, n_splits=3),
             error_score=nan,
             estimator=RandomForestRegressor(bootstrap=True, ccp_alpha=0.0,
                                             criterion='mse', max_depth=None,
                                             max_features='auto',
                                             max_leaf_nodes=None,
                                             max_samples=None,
                                             min_impurity_decrease=0.0,
                                             min_impurity_split=None,
                                             min_samples_leaf=1,
                                             min_samples_split=2,
                                             min_weight_fraction_leaf=0.0,
                                             n_e...
                                             oob_score=False, random_state=None,
                                             verbose=0, warm_start=False),
             iid='deprecated', n_jobs=1,
             param_grid={'max_depth': [5, 10, 15, 30, None],
                         'max_features': ['auto', 'sqrt'],
                         'min_samples_leaf': [1, 2, 5, 10],
                         'min_samples_split': [2, 5, 10, 15],
                         'n_estimators': [10, 20, 40, 80, 160]},
             pre_dispatch='2*n_jobs', refit=True, return_train_score=False,
             scoring='neg_mean_absolute_error', verbose=1)
Fitting 3 folds for each of 800 candidates, totalling 2400 fits
Best parameters & score set found on development set:

-0.12908375219301807
{'max_depth': 5, 'max_features': 'sqrt', 'min_samples_leaf': 5, 'min_samples_split': 10, 'n_estimators': 20}

Grid scores on development set:


Testing Set: 
MAE: 2.7065774896279695
MSE: 37.754912077222954
RMSE: 6.1445025898947225
r2score: -0.04332318452966821

--- 4017.8591809272766 seconds ---

Rain

(216, 12, 70, 40)
(216, 2)
(604800, 4)
(604800,)
(436800, 4)
(436800,)
(168000, 4)

Heloo every one,this is a grid search on ([0, 11, 1, 10]) features, Month Ahead: 1

GridSearchCV(cv=TimeSeriesSplit(max_train_size=None, n_splits=3),
             error_score=nan,
             estimator=RandomForestRegressor(bootstrap=True, ccp_alpha=0.0,
                                             criterion='mse', max_depth=None,
                                             max_features='auto',
                                             max_leaf_nodes=None,
                                             max_samples=None,
                                             min_impurity_decrease=0.0,
                                             min_impurity_split=None,
                                             min_samples_leaf=1,
                                             min_samples_split=2,
                                             min_weight_fraction_leaf=0.0,
                                             n_e...
                                             oob_score=False, random_state=None,
                                             verbose=0, warm_start=False),
             iid='deprecated', n_jobs=1,
             param_grid={'max_depth': [5, 10, 15, 30, None],
                         'max_features': ['auto', 'sqrt'],
                         'min_samples_leaf': [1, 2, 5, 10],
                         'min_samples_split': [2, 5, 10, 15],
                         'n_estimators': [10, 20, 40, 80, 160]},
             pre_dispatch='2*n_jobs', refit=True, return_train_score=False,
             scoring='neg_mean_absolute_error', verbose=1)
Fitting 3 folds for each of 800 candidates, totalling 2400 fits
Best parameters & score set found on development set:

-0.13045787259892927
{'max_depth': 5, 'max_features': 'sqrt', 'min_samples_leaf': 5, 'min_samples_split': 15, 'n_estimators': 20}

Grid scores on development set:


Testing Set: 
MAE: 2.6659004177520167
MSE: 38.040531121929185
RMSE: 6.167700634914861
r2score: -0.05121601104918749

--- 4049.2191705703735 seconds ---

Evap

(216, 12, 70, 40)
(216, 2)
(604800, 1)
(604800,)
(436800, 1)
(436800,)
(168000, 1)

Heloo every one,this is a grid search on ([11]) features, Month Ahead: 1

GridSearchCV(cv=TimeSeriesSplit(max_train_size=None, n_splits=3),
             error_score=nan,
             estimator=RandomForestRegressor(bootstrap=True, ccp_alpha=0.0,
                                             criterion='mse', max_depth=None,
                                             max_features='auto',
                                             max_leaf_nodes=None,
                                             max_samples=None,
                                             min_impurity_decrease=0.0,
                                             min_impurity_split=None,
                                             min_samples_leaf=1,
                                             min_samples_split=2,
                                             min_weight_fraction_leaf=0.0,
                                             n_e...
                                             oob_score=False, random_state=None,
                                             verbose=0, warm_start=False),
             iid='deprecated', n_jobs=1,
             param_grid={'max_depth': [5, 10, 15, 30, None],
                         'max_features': ['auto', 'sqrt'],
                         'min_samples_leaf': [1, 2, 5, 10],
                         'min_samples_split': [2, 5, 10, 15],
                         'n_estimators': [10, 20, 40, 80, 160]},
             pre_dispatch='2*n_jobs', refit=True, return_train_score=False,
             scoring='neg_mean_absolute_error', verbose=1)
Fitting 3 folds for each of 800 candidates, totalling 2400 fits
Best parameters & score set found on development set:

-0.14574502158878203
{'max_depth': 30, 'max_features': 'sqrt', 'min_samples_leaf': 10, 'min_samples_split': 2, 'n_estimators': 10}

Grid scores on development set:


Testing Set: 
MAE: 2.9120623196889843
MSE: 36.31033419062854
RMSE: 6.025805688090891
r2score: 0.1539622063336369

--- 2330.0018990039825 seconds ---

Evap

(216, 12, 70, 40)
(216, 2)
(604800, 1)
(604800,)
(436800, 1)
(436800,)
(168000, 1)

Heloo every one,this is a grid search on ([0]) features, Month Ahead: 1

GridSearchCV(cv=TimeSeriesSplit(max_train_size=None, n_splits=3),
             error_score=nan,
             estimator=RandomForestRegressor(bootstrap=True, ccp_alpha=0.0,
                                             criterion='mse', max_depth=None,
                                             max_features='auto',
                                             max_leaf_nodes=None,
                                             max_samples=None,
                                             min_impurity_decrease=0.0,
                                             min_impurity_split=None,
                                             min_samples_leaf=1,
                                             min_samples_split=2,
                                             min_weight_fraction_leaf=0.0,
                                             n_e...
                                             oob_score=False, random_state=None,
                                             verbose=0, warm_start=False),
             iid='deprecated', n_jobs=1,
             param_grid={'max_depth': [5, 10, 15, 30, None],
                         'max_features': ['auto', 'sqrt'],
                         'min_samples_leaf': [1, 2, 5, 10],
                         'min_samples_split': [2, 5, 10, 15],
                         'n_estimators': [10, 20, 40, 80, 160]},
             pre_dispatch='2*n_jobs', refit=True, return_train_score=False,
             scoring='neg_mean_absolute_error', verbose=1)
Fitting 3 folds for each of 800 candidates, totalling 2400 fits
Best parameters & score set found on development set:

-0.15177354319462763
{'max_depth': 10, 'max_features': 'sqrt', 'min_samples_leaf': 1, 'min_samples_split': 2, 'n_estimators': 20}

Grid scores on development set:


Testing Set: 
MAE: 3.259707313416647
MSE: 46.25034588445506
RMSE: 6.800760684251069
r2score: -0.07764198431667424

--- 2364.9765315055847 seconds ---

Evap

(216, 12, 70, 40)
(216, 2)
(604800, 2)
(604800,)
(436800, 2)
(436800,)
(168000, 2)

Heloo every one,this is a grid search on ([0, 11]) features, Month Ahead: 1

GridSearchCV(cv=TimeSeriesSplit(max_train_size=None, n_splits=3),
             error_score=nan,
             estimator=RandomForestRegressor(bootstrap=True, ccp_alpha=0.0,
                                             criterion='mse', max_depth=None,
                                             max_features='auto',
                                             max_leaf_nodes=None,
                                             max_samples=None,
                                             min_impurity_decrease=0.0,
                                             min_impurity_split=None,
                                             min_samples_leaf=1,
                                             min_samples_split=2,
                                             min_weight_fraction_leaf=0.0,
                                             n_e...
                                             oob_score=False, random_state=None,
                                             verbose=0, warm_start=False),
             iid='deprecated', n_jobs=1,
             param_grid={'max_depth': [5, 10, 15, 30, None],
                         'max_features': ['auto', 'sqrt'],
                         'min_samples_leaf': [1, 2, 5, 10],
                         'min_samples_split': [2, 5, 10, 15],
                         'n_estimators': [10, 20, 40, 80, 160]},
             pre_dispatch='2*n_jobs', refit=True, return_train_score=False,
             scoring='neg_mean_absolute_error', verbose=1)
Fitting 3 folds for each of 800 candidates, totalling 2400 fits
Best parameters & score set found on development set:

-0.14598425129927162
{'max_depth': 5, 'max_features': 'sqrt', 'min_samples_leaf': 10, 'min_samples_split': 10, 'n_estimators': 10}

Grid scores on development set:


Testing Set: 
MAE: 3.022613691162208
MSE: 39.38192820207683
RMSE: 6.275502227079266
r2score: 0.08239347312282452

--- 2779.7456560134888 seconds ---

Evap

(216, 12, 70, 40)
(216, 2)
(604800, 2)
(604800,)
(436800, 2)
(436800,)
(168000, 2)

Heloo every one,this is a grid search on ([10, 11]) features, Month Ahead: 1

GridSearchCV(cv=TimeSeriesSplit(max_train_size=None, n_splits=3),
             error_score=nan,
             estimator=RandomForestRegressor(bootstrap=True, ccp_alpha=0.0,
                                             criterion='mse', max_depth=None,
                                             max_features='auto',
                                             max_leaf_nodes=None,
                                             max_samples=None,
                                             min_impurity_decrease=0.0,
                                             min_impurity_split=None,
                                             min_samples_leaf=1,
                                             min_samples_split=2,
                                             min_weight_fraction_leaf=0.0,
                                             n_e...
                                             oob_score=False, random_state=None,
                                             verbose=0, warm_start=False),
             iid='deprecated', n_jobs=1,
             param_grid={'max_depth': [5, 10, 15, 30, None],
                         'max_features': ['auto', 'sqrt'],
                         'min_samples_leaf': [1, 2, 5, 10],
                         'min_samples_split': [2, 5, 10, 15],
                         'n_estimators': [10, 20, 40, 80, 160]},
             pre_dispatch='2*n_jobs', refit=True, return_train_score=False,
             scoring='neg_mean_absolute_error', verbose=1)
Fitting 3 folds for each of 800 candidates, totalling 2400 fits
Best parameters & score set found on development set:

-0.1434972187740047
{'max_depth': 5, 'max_features': 'sqrt', 'min_samples_leaf': 5, 'min_samples_split': 5, 'n_estimators': 10}

Grid scores on development set:


Testing Set: 
MAE: 2.9140313210191615
MSE: 36.895509152529065
RMSE: 6.074167362900784
r2score: 0.14032751679660427

--- 2730.23925948143 seconds ---

Evap

(216, 12, 70, 40)
(216, 2)
(604800, 4)
(604800,)
(436800, 4)
(436800,)
(168000, 4)

Heloo every one,this is a grid search on ([0, 11, 1, 2]) features, Month Ahead: 1

GridSearchCV(cv=TimeSeriesSplit(max_train_size=None, n_splits=3),
             error_score=nan,
             estimator=RandomForestRegressor(bootstrap=True, ccp_alpha=0.0,
                                             criterion='mse', max_depth=None,
                                             max_features='auto',
                                             max_leaf_nodes=None,
                                             max_samples=None,
                                             min_impurity_decrease=0.0,
                                             min_impurity_split=None,
                                             min_samples_leaf=1,
                                             min_samples_split=2,
                                             min_weight_fraction_leaf=0.0,
                                             n_e...
                                             oob_score=False, random_state=None,
                                             verbose=0, warm_start=False),
             iid='deprecated', n_jobs=1,
             param_grid={'max_depth': [5, 10, 15, 30, None],
                         'max_features': ['auto', 'sqrt'],
                         'min_samples_leaf': [1, 2, 5, 10],
                         'min_samples_split': [2, 5, 10, 15],
                         'n_estimators': [10, 20, 40, 80, 160]},
             pre_dispatch='2*n_jobs', refit=True, return_train_score=False,
             scoring='neg_mean_absolute_error', verbose=1)
Fitting 3 folds for each of 800 candidates, totalling 2400 fits
Best parameters & score set found on development set:

-0.14564265994269482
{'max_depth': 5, 'max_features': 'sqrt', 'min_samples_leaf': 10, 'min_samples_split': 15, 'n_estimators': 20}

Grid scores on development set:


Testing Set: 
MAE: 3.0389364454593473
MSE: 39.91032122436962
RMSE: 6.3174616124175715
r2score: 0.07008181373620648

--- 4105.32790184021 seconds ---

Evap

(216, 12, 70, 40)
(216, 2)
(604800, 4)
(604800,)
(436800, 4)
(436800,)
(168000, 4)

Heloo every one,this is a grid search on ([0, 11, 1, 10]) features, Month Ahead: 1

GridSearchCV(cv=TimeSeriesSplit(max_train_size=None, n_splits=3),
             error_score=nan,
             estimator=RandomForestRegressor(bootstrap=True, ccp_alpha=0.0,
                                             criterion='mse', max_depth=None,
                                             max_features='auto',
                                             max_leaf_nodes=None,
                                             max_samples=None,
                                             min_impurity_decrease=0.0,
                                             min_impurity_split=None,
                                             min_samples_leaf=1,
                                             min_samples_split=2,
                                             min_weight_fraction_leaf=0.0,
                                             n_e...
                                             oob_score=False, random_state=None,
                                             verbose=0, warm_start=False),
             iid='deprecated', n_jobs=1,
             param_grid={'max_depth': [5, 10, 15, 30, None],
                         'max_features': ['auto', 'sqrt'],
                         'min_samples_leaf': [1, 2, 5, 10],
                         'min_samples_split': [2, 5, 10, 15],
                         'n_estimators': [10, 20, 40, 80, 160]},
             pre_dispatch='2*n_jobs', refit=True, return_train_score=False,
             scoring='neg_mean_absolute_error', verbose=1)
Fitting 3 folds for each of 800 candidates, totalling 2400 fits
Best parameters & score set found on development set:

-0.14381860659910708
{'max_depth': 5, 'max_features': 'sqrt', 'min_samples_leaf': 10, 'min_samples_split': 15, 'n_estimators': 10}

Grid scores on development set:


Testing Set: 
MAE: 2.9616790719551886
MSE: 38.275773174013054
RMSE: 6.186741725174331
r2score: 0.10816709873813402

--- 4043.13836812973 seconds ---

Humid

(216, 12, 70, 40)
(216, 2)
(604800, 1)
(604800,)
(436800, 1)
(436800,)
(168000, 1)

Heloo every one,this is a grid search on ([11]) features, Month Ahead: 1

GridSearchCV(cv=TimeSeriesSplit(max_train_size=None, n_splits=3),
             error_score=nan,
             estimator=RandomForestRegressor(bootstrap=True, ccp_alpha=0.0,
                                             criterion='mse', max_depth=None,
                                             max_features='auto',
                                             max_leaf_nodes=None,
                                             max_samples=None,
                                             min_impurity_decrease=0.0,
                                             min_impurity_split=None,
                                             min_samples_leaf=1,
                                             min_samples_split=2,
                                             min_weight_fraction_leaf=0.0,
                                             n_e...
                                             oob_score=False, random_state=None,
                                             verbose=0, warm_start=False),
             iid='deprecated', n_jobs=1,
             param_grid={'max_depth': [5, 10, 15, 30, None],
                         'max_features': ['auto', 'sqrt'],
                         'min_samples_leaf': [1, 2, 5, 10],
                         'min_samples_split': [2, 5, 10, 15],
                         'n_estimators': [10, 20, 40, 80, 160]},
             pre_dispatch='2*n_jobs', refit=True, return_train_score=False,
             scoring='neg_mean_absolute_error', verbose=1)
Fitting 3 folds for each of 800 candidates, totalling 2400 fits
Best parameters & score set found on development set:

-0.09347581552395913
{'max_depth': 5, 'max_features': 'sqrt', 'min_samples_leaf': 5, 'min_samples_split': 10, 'n_estimators': 20}

Grid scores on development set:


Testing Set: 
MAE: 2.097355992202847
MSE: 16.205213353931896
RMSE: 4.025569941502929
r2score: 0.007106988986675722

--- 2319.534788608551 seconds ---

Humid

(216, 12, 70, 40)
(216, 2)
(604800, 1)
(604800,)
(436800, 1)
(436800,)
(168000, 1)

Heloo every one,this is a grid search on ([0]) features, Month Ahead: 1

GridSearchCV(cv=TimeSeriesSplit(max_train_size=None, n_splits=3),
             error_score=nan,
             estimator=RandomForestRegressor(bootstrap=True, ccp_alpha=0.0,
                                             criterion='mse', max_depth=None,
                                             max_features='auto',
                                             max_leaf_nodes=None,
                                             max_samples=None,
                                             min_impurity_decrease=0.0,
                                             min_impurity_split=None,
                                             min_samples_leaf=1,
                                             min_samples_split=2,
                                             min_weight_fraction_leaf=0.0,
                                             n_e...
                                             oob_score=False, random_state=None,
                                             verbose=0, warm_start=False),
             iid='deprecated', n_jobs=1,
             param_grid={'max_depth': [5, 10, 15, 30, None],
                         'max_features': ['auto', 'sqrt'],
                         'min_samples_leaf': [1, 2, 5, 10],
                         'min_samples_split': [2, 5, 10, 15],
                         'n_estimators': [10, 20, 40, 80, 160]},
             pre_dispatch='2*n_jobs', refit=True, return_train_score=False,
             scoring='neg_mean_absolute_error', verbose=1)
Fitting 3 folds for each of 800 candidates, totalling 2400 fits
Best parameters & score set found on development set:

-0.09683252556750478
{'max_depth': None, 'max_features': 'auto', 'min_samples_leaf': 1, 'min_samples_split': 10, 'n_estimators': 10}

Grid scores on development set:


Testing Set: 
MAE: 2.108492358879487
MSE: 16.353884959797554
RMSE: 4.043993689386465
r2score: -0.0020021165324024537

--- 2299.6731972694397 seconds ---

Humid

(216, 12, 70, 40)
(216, 2)
(604800, 2)
(604800,)
(436800, 2)
(436800,)
(168000, 2)

Heloo every one,this is a grid search on ([0, 11]) features, Month Ahead: 1

GridSearchCV(cv=TimeSeriesSplit(max_train_size=None, n_splits=3),
             error_score=nan,
             estimator=RandomForestRegressor(bootstrap=True, ccp_alpha=0.0,
                                             criterion='mse', max_depth=None,
                                             max_features='auto',
                                             max_leaf_nodes=None,
                                             max_samples=None,
                                             min_impurity_decrease=0.0,
                                             min_impurity_split=None,
                                             min_samples_leaf=1,
                                             min_samples_split=2,
                                             min_weight_fraction_leaf=0.0,
                                             n_e...
                                             oob_score=False, random_state=None,
                                             verbose=0, warm_start=False),
             iid='deprecated', n_jobs=1,
             param_grid={'max_depth': [5, 10, 15, 30, None],
                         'max_features': ['auto', 'sqrt'],
                         'min_samples_leaf': [1, 2, 5, 10],
                         'min_samples_split': [2, 5, 10, 15],
                         'n_estimators': [10, 20, 40, 80, 160]},
             pre_dispatch='2*n_jobs', refit=True, return_train_score=False,
             scoring='neg_mean_absolute_error', verbose=1)
Fitting 3 folds for each of 800 candidates, totalling 2400 fits
Best parameters & score set found on development set:

-0.09643499179026077
{'max_depth': 5, 'max_features': 'sqrt', 'min_samples_leaf': 10, 'min_samples_split': 5, 'n_estimators': 10}

Grid scores on development set:


Testing Set: 
MAE: 2.0675198119772813
MSE: 16.04880395099283
RMSE: 4.006095848952298
r2score: 0.01669018913610687

--- 2676.14141702652 seconds ---

Humid

(216, 12, 70, 40)
(216, 2)
(604800, 2)
(604800,)
(436800, 2)
(436800,)
(168000, 2)

Heloo every one,this is a grid search on ([10, 11]) features, Month Ahead: 1

GridSearchCV(cv=TimeSeriesSplit(max_train_size=None, n_splits=3),
             error_score=nan,
             estimator=RandomForestRegressor(bootstrap=True, ccp_alpha=0.0,
                                             criterion='mse', max_depth=None,
                                             max_features='auto',
                                             max_leaf_nodes=None,
                                             max_samples=None,
                                             min_impurity_decrease=0.0,
                                             min_impurity_split=None,
                                             min_samples_leaf=1,
                                             min_samples_split=2,
                                             min_weight_fraction_leaf=0.0,
                                             n_e...
                                             oob_score=False, random_state=None,
                                             verbose=0, warm_start=False),
             iid='deprecated', n_jobs=1,
             param_grid={'max_depth': [5, 10, 15, 30, None],
                         'max_features': ['auto', 'sqrt'],
                         'min_samples_leaf': [1, 2, 5, 10],
                         'min_samples_split': [2, 5, 10, 15],
                         'n_estimators': [10, 20, 40, 80, 160]},
             pre_dispatch='2*n_jobs', refit=True, return_train_score=False,
             scoring='neg_mean_absolute_error', verbose=1)
Fitting 3 folds for each of 800 candidates, totalling 2400 fits
Best parameters & score set found on development set:

-0.0924443881841424
{'max_depth': 5, 'max_features': 'sqrt', 'min_samples_leaf': 5, 'min_samples_split': 5, 'n_estimators': 10}

Grid scores on development set:


Testing Set: 
MAE: 2.013805686510876
MSE: 15.240061874105084
RMSE: 3.903852183946657
r2score: 0.06624179566644683

--- 2699.4056322574615 seconds ---

Humid

(216, 12, 70, 40)
(216, 2)
(604800, 4)
(604800,)
(436800, 4)
(436800,)
(168000, 4)

Heloo every one,this is a grid search on ([0, 11, 1, 2]) features, Month Ahead: 1

GridSearchCV(cv=TimeSeriesSplit(max_train_size=None, n_splits=3),
             error_score=nan,
             estimator=RandomForestRegressor(bootstrap=True, ccp_alpha=0.0,
                                             criterion='mse', max_depth=None,
                                             max_features='auto',
                                             max_leaf_nodes=None,
                                             max_samples=None,
                                             min_impurity_decrease=0.0,
                                             min_impurity_split=None,
                                             min_samples_leaf=1,
                                             min_samples_split=2,
                                             min_weight_fraction_leaf=0.0,
                                             n_e...
                                             oob_score=False, random_state=None,
                                             verbose=0, warm_start=False),
             iid='deprecated', n_jobs=1,
             param_grid={'max_depth': [5, 10, 15, 30, None],
                         'max_features': ['auto', 'sqrt'],
                         'min_samples_leaf': [1, 2, 5, 10],
                         'min_samples_split': [2, 5, 10, 15],
                         'n_estimators': [10, 20, 40, 80, 160]},
             pre_dispatch='2*n_jobs', refit=True, return_train_score=False,
             scoring='neg_mean_absolute_error', verbose=1)
Fitting 3 folds for each of 800 candidates, totalling 2400 fits
Best parameters & score set found on development set:

-0.09467810888819421
{'max_depth': 5, 'max_features': 'sqrt', 'min_samples_leaf': 10, 'min_samples_split': 10, 'n_estimators': 10}

Grid scores on development set:


Testing Set: 
MAE: 2.100079834272191
MSE: 16.930624744159953
RMSE: 4.114684039408123
r2score: -0.03733894848641173

--- 3948.917949438095 seconds ---

Humid

(216, 12, 70, 40)
(216, 2)
(604800, 4)
(604800,)
(436800, 4)
(436800,)
(168000, 4)

Heloo every one,this is a grid search on ([0, 11, 1, 10]) features, Month Ahead: 1

GridSearchCV(cv=TimeSeriesSplit(max_train_size=None, n_splits=3),
             error_score=nan,
             estimator=RandomForestRegressor(bootstrap=True, ccp_alpha=0.0,
                                             criterion='mse', max_depth=None,
                                             max_features='auto',
                                             max_leaf_nodes=None,
                                             max_samples=None,
                                             min_impurity_decrease=0.0,
                                             min_impurity_split=None,
                                             min_samples_leaf=1,
                                             min_samples_split=2,
                                             min_weight_fraction_leaf=0.0,
                                             n_e...
                                             oob_score=False, random_state=None,
                                             verbose=0, warm_start=False),
             iid='deprecated', n_jobs=1,
             param_grid={'max_depth': [5, 10, 15, 30, None],
                         'max_features': ['auto', 'sqrt'],
                         'min_samples_leaf': [1, 2, 5, 10],
                         'min_samples_split': [2, 5, 10, 15],
                         'n_estimators': [10, 20, 40, 80, 160]},
             pre_dispatch='2*n_jobs', refit=True, return_train_score=False,
             scoring='neg_mean_absolute_error', verbose=1)
Fitting 3 folds for each of 800 candidates, totalling 2400 fits
Best parameters & score set found on development set:

-0.09481906075832641
{'max_depth': 5, 'max_features': 'sqrt', 'min_samples_leaf': 10, 'min_samples_split': 10, 'n_estimators': 20}

Grid scores on development set:


Testing Set: 
MAE: 2.0006688823219454
MSE: 14.967448447218825
RMSE: 3.8687786764325023
r2score: 0.08294481341462634

--- 3960.6953818798065 seconds ---

Temp

(216, 12, 70, 40)
(216, 2)
(604800, 1)
(604800,)
(436800, 1)
(436800,)
(168000, 1)

Heloo every one,this is a grid search on ([11]) features, Month Ahead: 1

GridSearchCV(cv=TimeSeriesSplit(max_train_size=None, n_splits=3),
             error_score=nan,
             estimator=RandomForestRegressor(bootstrap=True, ccp_alpha=0.0,
                                             criterion='mse', max_depth=None,
                                             max_features='auto',
                                             max_leaf_nodes=None,
                                             max_samples=None,
                                             min_impurity_decrease=0.0,
                                             min_impurity_split=None,
                                             min_samples_leaf=1,
                                             min_samples_split=2,
                                             min_weight_fraction_leaf=0.0,
                                             n_e...
                                             oob_score=False, random_state=None,
                                             verbose=0, warm_start=False),
             iid='deprecated', n_jobs=1,
             param_grid={'max_depth': [5, 10, 15, 30, None],
                         'max_features': ['auto', 'sqrt'],
                         'min_samples_leaf': [1, 2, 5, 10],
                         'min_samples_split': [2, 5, 10, 15],
                         'n_estimators': [10, 20, 40, 80, 160]},
             pre_dispatch='2*n_jobs', refit=True, return_train_score=False,
             scoring='neg_mean_absolute_error', verbose=1)
Fitting 3 folds for each of 800 candidates, totalling 2400 fits
Best parameters & score set found on development set:

-0.060076283829788114
{'max_depth': 5, 'max_features': 'auto', 'min_samples_leaf': 5, 'min_samples_split': 15, 'n_estimators': 10}

Grid scores on development set:


Testing Set: 
MAE: 1.2624740780556596
MSE: 4.934812813326693
RMSE: 2.2214438577931004
r2score: 0.05663828105270374

--- 2244.4373366832733 seconds ---

Temp

(216, 12, 70, 40)
(216, 2)
(604800, 1)
(604800,)
(436800, 1)
(436800,)
(168000, 1)

Heloo every one,this is a grid search on ([0]) features, Month Ahead: 1

GridSearchCV(cv=TimeSeriesSplit(max_train_size=None, n_splits=3),
             error_score=nan,
             estimator=RandomForestRegressor(bootstrap=True, ccp_alpha=0.0,
                                             criterion='mse', max_depth=None,
                                             max_features='auto',
                                             max_leaf_nodes=None,
                                             max_samples=None,
                                             min_impurity_decrease=0.0,
                                             min_impurity_split=None,
                                             min_samples_leaf=1,
                                             min_samples_split=2,
                                             min_weight_fraction_leaf=0.0,
                                             n_e...
                                             oob_score=False, random_state=None,
                                             verbose=0, warm_start=False),
             iid='deprecated', n_jobs=1,
             param_grid={'max_depth': [5, 10, 15, 30, None],
                         'max_features': ['auto', 'sqrt'],
                         'min_samples_leaf': [1, 2, 5, 10],
                         'min_samples_split': [2, 5, 10, 15],
                         'n_estimators': [10, 20, 40, 80, 160]},
             pre_dispatch='2*n_jobs', refit=True, return_train_score=False,
             scoring='neg_mean_absolute_error', verbose=1)
Fitting 3 folds for each of 800 candidates, totalling 2400 fits
Best parameters & score set found on development set:

-0.0589052710146998
{'max_depth': 15, 'max_features': 'auto', 'min_samples_leaf': 1, 'min_samples_split': 15, 'n_estimators': 10}

Grid scores on development set:


Testing Set: 
MAE: 1.3066214173852506
MSE: 5.352514152065802
RMSE: 2.3135501187711065
r2score: -0.02321144533517039

--- 2241.964795589447 seconds ---

Temp

(216, 12, 70, 40)
(216, 2)
(604800, 2)
(604800,)
(436800, 2)
(436800,)
(168000, 2)

Heloo every one,this is a grid search on ([0, 11]) features, Month Ahead: 1

GridSearchCV(cv=TimeSeriesSplit(max_train_size=None, n_splits=3),
             error_score=nan,
             estimator=RandomForestRegressor(bootstrap=True, ccp_alpha=0.0,
                                             criterion='mse', max_depth=None,
                                             max_features='auto',
                                             max_leaf_nodes=None,
                                             max_samples=None,
                                             min_impurity_decrease=0.0,
                                             min_impurity_split=None,
                                             min_samples_leaf=1,
                                             min_samples_split=2,
                                             min_weight_fraction_leaf=0.0,
                                             n_e...
                                             oob_score=False, random_state=None,
                                             verbose=0, warm_start=False),
             iid='deprecated', n_jobs=1,
             param_grid={'max_depth': [5, 10, 15, 30, None],
                         'max_features': ['auto', 'sqrt'],
                         'min_samples_leaf': [1, 2, 5, 10],
                         'min_samples_split': [2, 5, 10, 15],
                         'n_estimators': [10, 20, 40, 80, 160]},
             pre_dispatch='2*n_jobs', refit=True, return_train_score=False,
             scoring='neg_mean_absolute_error', verbose=1)
Fitting 3 folds for each of 800 candidates, totalling 2400 fits
Best parameters & score set found on development set:

-0.0601986471413646
{'max_depth': 5, 'max_features': 'sqrt', 'min_samples_leaf': 5, 'min_samples_split': 10, 'n_estimators': 40}

Grid scores on development set:


Testing Set: 
MAE: 1.2598835099673706
MSE: 5.135363626356624
RMSE: 2.2661340706932203
r2score: 0.018300056914744123

--- 2509.15407371521 seconds ---

Temp

(216, 12, 70, 40)
(216, 2)
(604800, 2)
(604800,)
(436800, 2)
(436800,)
(168000, 2)

Heloo every one,this is a grid search on ([10, 11]) features, Month Ahead: 1

GridSearchCV(cv=TimeSeriesSplit(max_train_size=None, n_splits=3),
             error_score=nan,
             estimator=RandomForestRegressor(bootstrap=True, ccp_alpha=0.0,
                                             criterion='mse', max_depth=None,
                                             max_features='auto',
                                             max_leaf_nodes=None,
                                             max_samples=None,
                                             min_impurity_decrease=0.0,
                                             min_impurity_split=None,
                                             min_samples_leaf=1,
                                             min_samples_split=2,
                                             min_weight_fraction_leaf=0.0,
                                             n_e...
                                             oob_score=False, random_state=None,
                                             verbose=0, warm_start=False),
             iid='deprecated', n_jobs=1,
             param_grid={'max_depth': [5, 10, 15, 30, None],
                         'max_features': ['auto', 'sqrt'],
                         'min_samples_leaf': [1, 2, 5, 10],
                         'min_samples_split': [2, 5, 10, 15],
                         'n_estimators': [10, 20, 40, 80, 160]},
             pre_dispatch='2*n_jobs', refit=True, return_train_score=False,
             scoring='neg_mean_absolute_error', verbose=1)
Fitting 3 folds for each of 800 candidates, totalling 2400 fits
Best parameters & score set found on development set:

-0.05913876473495422
{'max_depth': 5, 'max_features': 'sqrt', 'min_samples_leaf': 5, 'min_samples_split': 5, 'n_estimators': 40}

Grid scores on development set:


Testing Set: 
MAE: 1.2668974921699525
MSE: 5.079273766228151
RMSE: 2.2537244210923726
r2score: 0.029022454879549575

--- 2503.0903811454773 seconds ---

Temp

(216, 12, 70, 40)
(216, 2)
(604800, 4)
(604800,)
(436800, 4)
(436800,)
(168000, 4)

Heloo every one,this is a grid search on ([0, 11, 1, 2]) features, Month Ahead: 1

GridSearchCV(cv=TimeSeriesSplit(max_train_size=None, n_splits=3),
             error_score=nan,
             estimator=RandomForestRegressor(bootstrap=True, ccp_alpha=0.0,
                                             criterion='mse', max_depth=None,
                                             max_features='auto',
                                             max_leaf_nodes=None,
                                             max_samples=None,
                                             min_impurity_decrease=0.0,
                                             min_impurity_split=None,
                                             min_samples_leaf=1,
                                             min_samples_split=2,
                                             min_weight_fraction_leaf=0.0,
                                             n_e...
                                             oob_score=False, random_state=None,
                                             verbose=0, warm_start=False),
             iid='deprecated', n_jobs=1,
             param_grid={'max_depth': [5, 10, 15, 30, None],
                         'max_features': ['auto', 'sqrt'],
                         'min_samples_leaf': [1, 2, 5, 10],
                         'min_samples_split': [2, 5, 10, 15],
                         'n_estimators': [10, 20, 40, 80, 160]},
             pre_dispatch='2*n_jobs', refit=True, return_train_score=False,
             scoring='neg_mean_absolute_error', verbose=1)
Fitting 3 folds for each of 800 candidates, totalling 2400 fits
Best parameters & score set found on development set:

-0.06062977059431326
{'max_depth': 5, 'max_features': 'sqrt', 'min_samples_leaf': 2, 'min_samples_split': 10, 'n_estimators': 10}

Grid scores on development set:


Testing Set: 
MAE: 1.2506367771980629
MSE: 5.203281353530007
RMSE: 2.2810702210870244
r2score: 0.005316588994694782

--- 3462.6147832870483 seconds ---

Temp

(216, 12, 70, 40)
(216, 2)
(604800, 4)
(604800,)
(436800, 4)
(436800,)
(168000, 4)

Heloo every one,this is a grid search on ([0, 11, 1, 10]) features, Month Ahead: 1

GridSearchCV(cv=TimeSeriesSplit(max_train_size=None, n_splits=3),
             error_score=nan,
             estimator=RandomForestRegressor(bootstrap=True, ccp_alpha=0.0,
                                             criterion='mse', max_depth=None,
                                             max_features='auto',
                                             max_leaf_nodes=None,
                                             max_samples=None,
                                             min_impurity_decrease=0.0,
                                             min_impurity_split=None,
                                             min_samples_leaf=1,
                                             min_samples_split=2,
                                             min_weight_fraction_leaf=0.0,
                                             n_e...
                                             oob_score=False, random_state=None,
                                             verbose=0, warm_start=False),
             iid='deprecated', n_jobs=1,
             param_grid={'max_depth': [5, 10, 15, 30, None],
                         'max_features': ['auto', 'sqrt'],
                         'min_samples_leaf': [1, 2, 5, 10],
                         'min_samples_split': [2, 5, 10, 15],
                         'n_estimators': [10, 20, 40, 80, 160]},
             pre_dispatch='2*n_jobs', refit=True, return_train_score=False,
             scoring='neg_mean_absolute_error', verbose=1)
Fitting 3 folds for each of 800 candidates, totalling 2400 fits
Best parameters & score set found on development set:

-0.058639708409900425
{'max_depth': 5, 'max_features': 'sqrt', 'min_samples_leaf': 5, 'min_samples_split': 2, 'n_estimators': 10}

Grid scores on development set:


Testing Set: 
MAE: 1.2746872323211795
MSE: 5.242458366871953
RMSE: 2.289641536763332
r2score: -0.002172670689010614

--- 3348.9065454006195 seconds ---

Wind

(216, 12, 70, 40)
(216, 2)
(604800, 1)
(604800,)
(436800, 1)
(436800,)
(168000, 1)

Heloo every one,this is a grid search on ([11]) features, Month Ahead: 1

GridSearchCV(cv=TimeSeriesSplit(max_train_size=None, n_splits=3),
             error_score=nan,
             estimator=RandomForestRegressor(bootstrap=True, ccp_alpha=0.0,
                                             criterion='mse', max_depth=None,
                                             max_features='auto',
                                             max_leaf_nodes=None,
                                             max_samples=None,
                                             min_impurity_decrease=0.0,
                                             min_impurity_split=None,
                                             min_samples_leaf=1,
                                             min_samples_split=2,
                                             min_weight_fraction_leaf=0.0,
                                             n_e...
                                             oob_score=False, random_state=None,
                                             verbose=0, warm_start=False),
             iid='deprecated', n_jobs=1,
             param_grid={'max_depth': [5, 10, 15, 30, None],
                         'max_features': ['auto', 'sqrt'],
                         'min_samples_leaf': [1, 2, 5, 10],
                         'min_samples_split': [2, 5, 10, 15],
                         'n_estimators': [10, 20, 40, 80, 160]},
             pre_dispatch='2*n_jobs', refit=True, return_train_score=False,
             scoring='neg_mean_absolute_error', verbose=1)
Fitting 3 folds for each of 800 candidates, totalling 2400 fits
Best parameters & score set found on development set:

-0.09498626519829796
{'max_depth': 5, 'max_features': 'auto', 'min_samples_leaf': 10, 'min_samples_split': 2, 'n_estimators': 40}

Grid scores on development set:


Testing Set: 
MAE: 2.0743556078554017
MSE: 14.420575087051349
RMSE: 3.797443230260506
r2score: -0.033410883000012825

--- 2248.4770007133484 seconds ---

Wind

(216, 12, 70, 40)
(216, 2)
(604800, 1)
(604800,)
(436800, 1)
(436800,)
(168000, 1)

Heloo every one,this is a grid search on ([0]) features, Month Ahead: 1

GridSearchCV(cv=TimeSeriesSplit(max_train_size=None, n_splits=3),
             error_score=nan,
             estimator=RandomForestRegressor(bootstrap=True, ccp_alpha=0.0,
                                             criterion='mse', max_depth=None,
                                             max_features='auto',
                                             max_leaf_nodes=None,
                                             max_samples=None,
                                             min_impurity_decrease=0.0,
                                             min_impurity_split=None,
                                             min_samples_leaf=1,
                                             min_samples_split=2,
                                             min_weight_fraction_leaf=0.0,
                                             n_e...
                                             oob_score=False, random_state=None,
                                             verbose=0, warm_start=False),
             iid='deprecated', n_jobs=1,
             param_grid={'max_depth': [5, 10, 15, 30, None],
                         'max_features': ['auto', 'sqrt'],
                         'min_samples_leaf': [1, 2, 5, 10],
                         'min_samples_split': [2, 5, 10, 15],
                         'n_estimators': [10, 20, 40, 80, 160]},
             pre_dispatch='2*n_jobs', refit=True, return_train_score=False,
             scoring='neg_mean_absolute_error', verbose=1)
Fitting 3 folds for each of 800 candidates, totalling 2400 fits
Best parameters & score set found on development set:

-0.09325346279715539
{'max_depth': 30, 'max_features': 'sqrt', 'min_samples_leaf': 5, 'min_samples_split': 5, 'n_estimators': 10}

Grid scores on development set:


Testing Set: 
MAE: 2.118751161647554
MSE: 14.85883928937557
RMSE: 3.8547164992221634
r2score: -0.06481788262222943

--- 2238.4881138801575 seconds ---

Wind

(216, 12, 70, 40)
(216, 2)
(604800, 2)
(604800,)
(436800, 2)
(436800,)
(168000, 2)

Heloo every one,this is a grid search on ([0, 11]) features, Month Ahead: 1

GridSearchCV(cv=TimeSeriesSplit(max_train_size=None, n_splits=3),
             error_score=nan,
             estimator=RandomForestRegressor(bootstrap=True, ccp_alpha=0.0,
                                             criterion='mse', max_depth=None,
                                             max_features='auto',
                                             max_leaf_nodes=None,
                                             max_samples=None,
                                             min_impurity_decrease=0.0,
                                             min_impurity_split=None,
                                             min_samples_leaf=1,
                                             min_samples_split=2,
                                             min_weight_fraction_leaf=0.0,
                                             n_e...
                                             oob_score=False, random_state=None,
                                             verbose=0, warm_start=False),
             iid='deprecated', n_jobs=1,
             param_grid={'max_depth': [5, 10, 15, 30, None],
                         'max_features': ['auto', 'sqrt'],
                         'min_samples_leaf': [1, 2, 5, 10],
                         'min_samples_split': [2, 5, 10, 15],
                         'n_estimators': [10, 20, 40, 80, 160]},
             pre_dispatch='2*n_jobs', refit=True, return_train_score=False,
             scoring='neg_mean_absolute_error', verbose=1)
Fitting 3 folds for each of 800 candidates, totalling 2400 fits
Best parameters & score set found on development set:

-0.09132998126715762
{'max_depth': 5, 'max_features': 'sqrt', 'min_samples_leaf': 10, 'min_samples_split': 10, 'n_estimators': 10}

Grid scores on development set:


Testing Set: 
MAE: 2.0730453239761526
MSE: 14.707070390955383
RMSE: 3.8349798423140875
r2score: -0.053941781608118466

--- 2499.580650806427 seconds ---

Wind

(216, 12, 70, 40)
(216, 2)
(604800, 2)
(604800,)
(436800, 2)
(436800,)
(168000, 2)

Heloo every one,this is a grid search on ([10, 11]) features, Month Ahead: 1

GridSearchCV(cv=TimeSeriesSplit(max_train_size=None, n_splits=3),
             error_score=nan,
             estimator=RandomForestRegressor(bootstrap=True, ccp_alpha=0.0,
                                             criterion='mse', max_depth=None,
                                             max_features='auto',
                                             max_leaf_nodes=None,
                                             max_samples=None,
                                             min_impurity_decrease=0.0,
                                             min_impurity_split=None,
                                             min_samples_leaf=1,
                                             min_samples_split=2,
                                             min_weight_fraction_leaf=0.0,
                                             n_e...
                                             oob_score=False, random_state=None,
                                             verbose=0, warm_start=False),
             iid='deprecated', n_jobs=1,
             param_grid={'max_depth': [5, 10, 15, 30, None],
                         'max_features': ['auto', 'sqrt'],
                         'min_samples_leaf': [1, 2, 5, 10],
                         'min_samples_split': [2, 5, 10, 15],
                         'n_estimators': [10, 20, 40, 80, 160]},
             pre_dispatch='2*n_jobs', refit=True, return_train_score=False,
             scoring='neg_mean_absolute_error', verbose=1)
Fitting 3 folds for each of 800 candidates, totalling 2400 fits
Best parameters & score set found on development set:

-0.09257092921599876
{'max_depth': 5, 'max_features': 'sqrt', 'min_samples_leaf': 2, 'min_samples_split': 15, 'n_estimators': 20}

Grid scores on development set:


Testing Set: 
MAE: 2.046084016124419
MSE: 14.458626712499916
RMSE: 3.8024500933608474
r2score: -0.036137748164336125

--- 2594.2090587615967 seconds ---

Wind

(216, 12, 70, 40)
(216, 2)
(604800, 4)
(604800,)
(436800, 4)
(436800,)
(168000, 4)

Heloo every one,this is a grid search on ([0, 11, 1, 2]) features, Month Ahead: 1

GridSearchCV(cv=TimeSeriesSplit(max_train_size=None, n_splits=3),
             error_score=nan,
             estimator=RandomForestRegressor(bootstrap=True, ccp_alpha=0.0,
                                             criterion='mse', max_depth=None,
                                             max_features='auto',
                                             max_leaf_nodes=None,
                                             max_samples=None,
                                             min_impurity_decrease=0.0,
                                             min_impurity_split=None,
                                             min_samples_leaf=1,
                                             min_samples_split=2,
                                             min_weight_fraction_leaf=0.0,
                                             n_e...
                                             oob_score=False, random_state=None,
                                             verbose=0, warm_start=False),
             iid='deprecated', n_jobs=1,
             param_grid={'max_depth': [5, 10, 15, 30, None],
                         'max_features': ['auto', 'sqrt'],
                         'min_samples_leaf': [1, 2, 5, 10],
                         'min_samples_split': [2, 5, 10, 15],
                         'n_estimators': [10, 20, 40, 80, 160]},
             pre_dispatch='2*n_jobs', refit=True, return_train_score=False,
             scoring='neg_mean_absolute_error', verbose=1)
Fitting 3 folds for each of 800 candidates, totalling 2400 fits
Best parameters & score set found on development set:

-0.09058158415978919
{'max_depth': 5, 'max_features': 'sqrt', 'min_samples_leaf': 5, 'min_samples_split': 2, 'n_estimators': 20}

Grid scores on development set:


Testing Set: 
MAE: 2.1314825107233495
MSE: 14.927153936390432
RMSE: 3.8635675141493815
r2score: -0.06971346405828838

--- 3572.0430946350098 seconds ---

Wind

(216, 12, 70, 40)
(216, 2)
(604800, 4)
(604800,)
(436800, 4)
(436800,)
(168000, 4)

Heloo every one,this is a grid search on ([0, 11, 1, 10]) features, Month Ahead: 1

GridSearchCV(cv=TimeSeriesSplit(max_train_size=None, n_splits=3),
             error_score=nan,
             estimator=RandomForestRegressor(bootstrap=True, ccp_alpha=0.0,
                                             criterion='mse', max_depth=None,
                                             max_features='auto',
                                             max_leaf_nodes=None,
                                             max_samples=None,
                                             min_impurity_decrease=0.0,
                                             min_impurity_split=None,
                                             min_samples_leaf=1,
                                             min_samples_split=2,
                                             min_weight_fraction_leaf=0.0,
                                             n_e...
                                             oob_score=False, random_state=None,
                                             verbose=0, warm_start=False),
             iid='deprecated', n_jobs=1,
             param_grid={'max_depth': [5, 10, 15, 30, None],
                         'max_features': ['auto', 'sqrt'],
                         'min_samples_leaf': [1, 2, 5, 10],
                         'min_samples_split': [2, 5, 10, 15],
                         'n_estimators': [10, 20, 40, 80, 160]},
             pre_dispatch='2*n_jobs', refit=True, return_train_score=False,
             scoring='neg_mean_absolute_error', verbose=1)
Fitting 3 folds for each of 800 candidates, totalling 2400 fits
Best parameters & score set found on development set:

-0.09179566748886765
{'max_depth': 5, 'max_features': 'sqrt', 'min_samples_leaf': 2, 'min_samples_split': 2, 'n_estimators': 20}

Grid scores on development set:


Testing Set: 
MAE: 2.0852972981600066
MSE: 14.78502730043994
RMSE: 3.8451303359496074
r2score: -0.05952834928520967

--- 3529.955957889557 seconds ---

