Submitting SLURM job
Rain

(216, 12, 70, 40)
(216, 2)
(604800, 4)
(604800,)
(436800, 4)
(436800,)
(168000, 4)

Heloo every one,this is a grid search on ([11] features, Month Ahead: 1

GridSearchCV(cv=TimeSeriesSplit(max_train_size=None, n_splits=3),
             error_score=nan,
             estimator=XGBRegressor(base_score=None, booster=None,
                                    colsample_bylevel=None,
                                    colsample_bynode=None,
                                    colsample_bytree=None, gamma=None,
                                    gpu_id=None, importance_type='gain',
                                    interaction_constraints=None,
                                    learning_rate=None, max_delta_step=None,
                                    max_depth=None, min_child_weight=None,...
                                    reg_lambda=None, scale_pos_weight=None,
                                    subsample=None, tree_method=None,
                                    validate_parameters=False, verbose=1,
                                    verbosity=None),
             iid='deprecated', n_jobs=3,
             param_grid={'gamma': [0.0, 0.1, 0.2, 0.3, 0.4],
                         'max_depth': [3, 4, 5, 6, 8, 10],
                         'min_child_weight': [1, 3, 5],
                         'n_estimators': [50, 100, 200, 300, 600]},
             pre_dispatch='2*n_jobs', refit=True, return_train_score=False,
             scoring='neg_mean_absolute_error', verbose=1)
Fitting 3 folds for each of 450 candidates, totalling 1350 fits
[Parallel(n_jobs=3)]: Using backend LokyBackend with 3 concurrent workers.
/opt/anaconda3/lib/python3.7/site-packages/joblib/externals/loky/process_executor.py:706: UserWarning: A worker stopped while some jobs were given to the executor. This can be caused by a too short worker timeout or by a memory leak.
  "timeout or by a memory leak.", UserWarning
[Parallel(n_jobs=3)]: Done  44 tasks      | elapsed:  4.7min
[Parallel(n_jobs=3)]: Done 194 tasks      | elapsed: 32.1min
[Parallel(n_jobs=3)]: Done 444 tasks      | elapsed: 82.6min
[Parallel(n_jobs=3)]: Done 794 tasks      | elapsed: 153.1min
Best parameters & score set found on development set:

-0.21300613241371805
{'gamma': 0.0, 'max_depth': 10, 'min_child_weight': 1, 'n_estimators': 50}

Grid scores on development set:


Testing Set: 
MAE: 2.699304569971492
MSE: 40.18267237087347
RMSE: 6.338980388901158
r2score: 0.9483510509256423

--- 15606.74158525467 seconds ---

Rain

(216, 12, 70, 40)
(216, 2)
(604800, 4)
(604800,)
(436800, 4)
(436800,)
(168000, 4)

Heloo every one,this is a grid search on ([0] features, Month Ahead: 1

GridSearchCV(cv=TimeSeriesSplit(max_train_size=None, n_splits=3),
             error_score=nan,
             estimator=XGBRegressor(base_score=None, booster=None,
                                    colsample_bylevel=None,
                                    colsample_bynode=None,
                                    colsample_bytree=None, gamma=None,
                                    gpu_id=None, importance_type='gain',
                                    interaction_constraints=None,
                                    learning_rate=None, max_delta_step=None,
                                    max_depth=None, min_child_weight=None,...
                                    reg_lambda=None, scale_pos_weight=None,
                                    subsample=None, tree_method=None,
                                    validate_parameters=False, verbose=1,
                                    verbosity=None),
             iid='deprecated', n_jobs=3,
             param_grid={'gamma': [0.0, 0.1, 0.2, 0.3, 0.4],
                         'max_depth': [3, 4, 5, 6, 8, 10],
                         'min_child_weight': [1, 3, 5],
                         'n_estimators': [50, 100, 200, 300, 600]},
             pre_dispatch='2*n_jobs', refit=True, return_train_score=False,
             scoring='neg_mean_absolute_error', verbose=1)
Fitting 3 folds for each of 450 candidates, totalling 1350 fits
[Parallel(n_jobs=3)]: Done 1244 tasks      | elapsed: 232.0min
[Parallel(n_jobs=3)]: Done 1350 out of 1350 | elapsed: 259.7min finished
[Parallel(n_jobs=3)]: Using backend LokyBackend with 3 concurrent workers.
/opt/anaconda3/lib/python3.7/site-packages/joblib/externals/loky/process_executor.py:706: UserWarning: A worker stopped while some jobs were given to the executor. This can be caused by a too short worker timeout or by a memory leak.
  "timeout or by a memory leak.", UserWarning
[Parallel(n_jobs=3)]: Done  44 tasks      | elapsed:  4.7min
[Parallel(n_jobs=3)]: Done 194 tasks      | elapsed: 31.9min
[Parallel(n_jobs=3)]: Done 444 tasks      | elapsed: 82.8min
[Parallel(n_jobs=3)]: Done 794 tasks      | elapsed: 156.0min
[Parallel(n_jobs=3)]: Done 1244 tasks      | elapsed: 237.4min
Best parameters & score set found on development set:

-0.20336700252248074
{'gamma': 0.3, 'max_depth': 6, 'min_child_weight': 5, 'n_estimators': 300}

Grid scores on development set:


Testing Set: 
MAE: 2.707673609416575
MSE: 40.27498413128483
RMSE: 6.346257490149989
r2score: 0.9482323976571777

--- 16050.859311580658 seconds ---

Rain

(216, 12, 70, 40)
(216, 2)
(604800, 5)
(604800,)
(436800, 5)
(436800,)
(168000, 5)

Heloo every one,this is a grid search on ([0, 11] features, Month Ahead: 1

GridSearchCV(cv=TimeSeriesSplit(max_train_size=None, n_splits=3),
             error_score=nan,
             estimator=XGBRegressor(base_score=None, booster=None,
                                    colsample_bylevel=None,
                                    colsample_bynode=None,
                                    colsample_bytree=None, gamma=None,
                                    gpu_id=None, importance_type='gain',
                                    interaction_constraints=None,
                                    learning_rate=None, max_delta_step=None,
                                    max_depth=None, min_child_weight=None,...
                                    reg_lambda=None, scale_pos_weight=None,
                                    subsample=None, tree_method=None,
                                    validate_parameters=False, verbose=1,
                                    verbosity=None),
             iid='deprecated', n_jobs=3,
             param_grid={'gamma': [0.0, 0.1, 0.2, 0.3, 0.4],
                         'max_depth': [3, 4, 5, 6, 8, 10],
                         'min_child_weight': [1, 3, 5],
                         'n_estimators': [50, 100, 200, 300, 600]},
             pre_dispatch='2*n_jobs', refit=True, return_train_score=False,
             scoring='neg_mean_absolute_error', verbose=1)
Fitting 3 folds for each of 450 candidates, totalling 1350 fits
[Parallel(n_jobs=3)]: Done 1350 out of 1350 | elapsed: 266.1min finished
[Parallel(n_jobs=3)]: Using backend LokyBackend with 3 concurrent workers.
/opt/anaconda3/lib/python3.7/site-packages/joblib/externals/loky/process_executor.py:706: UserWarning: A worker stopped while some jobs were given to the executor. This can be caused by a too short worker timeout or by a memory leak.
  "timeout or by a memory leak.", UserWarning
[Parallel(n_jobs=3)]: Done  44 tasks      | elapsed:  5.1min
[Parallel(n_jobs=3)]: Done 194 tasks      | elapsed: 35.2min
[Parallel(n_jobs=3)]: Done 444 tasks      | elapsed: 92.1min
[Parallel(n_jobs=3)]: Done 794 tasks      | elapsed: 174.7min
[Parallel(n_jobs=3)]: Done 1244 tasks      | elapsed: 265.1min
Best parameters & score set found on development set:

-0.21139884210774676
{'gamma': 0.3, 'max_depth': 4, 'min_child_weight': 1, 'n_estimators': 50}

Grid scores on development set:


Testing Set: 
MAE: 2.653157460248689
MSE: 37.581036976307814
RMSE: 6.1303374276060705
r2score: 0.9516950727657967

--- 17855.146045923233 seconds ---

Rain

(216, 12, 70, 40)
(216, 2)
(604800, 7)
(604800,)
(436800, 7)
(436800,)
(168000, 7)

Heloo every one,this is a grid search on ([0, 11, 1, 2] features, Month Ahead: 1

GridSearchCV(cv=TimeSeriesSplit(max_train_size=None, n_splits=3),
             error_score=nan,
             estimator=XGBRegressor(base_score=None, booster=None,
                                    colsample_bylevel=None,
                                    colsample_bynode=None,
                                    colsample_bytree=None, gamma=None,
                                    gpu_id=None, importance_type='gain',
                                    interaction_constraints=None,
                                    learning_rate=None, max_delta_step=None,
                                    max_depth=None, min_child_weight=None,...
                                    reg_lambda=None, scale_pos_weight=None,
                                    subsample=None, tree_method=None,
                                    validate_parameters=False, verbose=1,
                                    verbosity=None),
             iid='deprecated', n_jobs=3,
             param_grid={'gamma': [0.0, 0.1, 0.2, 0.3, 0.4],
                         'max_depth': [3, 4, 5, 6, 8, 10],
                         'min_child_weight': [1, 3, 5],
                         'n_estimators': [50, 100, 200, 300, 600]},
             pre_dispatch='2*n_jobs', refit=True, return_train_score=False,
             scoring='neg_mean_absolute_error', verbose=1)
Fitting 3 folds for each of 450 candidates, totalling 1350 fits
[Parallel(n_jobs=3)]: Done 1350 out of 1350 | elapsed: 297.4min finished
[Parallel(n_jobs=3)]: Using backend LokyBackend with 3 concurrent workers.
/opt/anaconda3/lib/python3.7/site-packages/joblib/externals/loky/process_executor.py:706: UserWarning: A worker stopped while some jobs were given to the executor. This can be caused by a too short worker timeout or by a memory leak.
  "timeout or by a memory leak.", UserWarning
[Parallel(n_jobs=3)]: Done  44 tasks      | elapsed:  6.0min
[Parallel(n_jobs=3)]: Done 194 tasks      | elapsed: 42.0min
[Parallel(n_jobs=3)]: Done 444 tasks      | elapsed: 111.2min
[Parallel(n_jobs=3)]: Done 794 tasks      | elapsed: 211.9min
[Parallel(n_jobs=3)]: Done 1244 tasks      | elapsed: 321.4min
Best parameters & score set found on development set:

-0.2071503797763643
{'gamma': 0.1, 'max_depth': 4, 'min_child_weight': 3, 'n_estimators': 50}

Grid scores on development set:


Testing Set: 
MAE: 2.581736852185668
MSE: 35.54787861755702
RMSE: 5.962204174427191
r2score: 0.9543084005097061

--- 21724.43879723549 seconds ---

Rain

(216, 12, 70, 40)
(216, 2)
(604800, 7)
(604800,)
(436800, 7)
(436800,)
(168000, 7)

Heloo every one,this is a grid search on ([0, 11, 1, 10] features, Month Ahead: 1

GridSearchCV(cv=TimeSeriesSplit(max_train_size=None, n_splits=3),
             error_score=nan,
             estimator=XGBRegressor(base_score=None, booster=None,
                                    colsample_bylevel=None,
                                    colsample_bynode=None,
                                    colsample_bytree=None, gamma=None,
                                    gpu_id=None, importance_type='gain',
                                    interaction_constraints=None,
                                    learning_rate=None, max_delta_step=None,
                                    max_depth=None, min_child_weight=None,...
                                    reg_lambda=None, scale_pos_weight=None,
                                    subsample=None, tree_method=None,
                                    validate_parameters=False, verbose=1,
                                    verbosity=None),
             iid='deprecated', n_jobs=3,
             param_grid={'gamma': [0.0, 0.1, 0.2, 0.3, 0.4],
                         'max_depth': [3, 4, 5, 6, 8, 10],
                         'min_child_weight': [1, 3, 5],
                         'n_estimators': [50, 100, 200, 300, 600]},
             pre_dispatch='2*n_jobs', refit=True, return_train_score=False,
             scoring='neg_mean_absolute_error', verbose=1)
Fitting 3 folds for each of 450 candidates, totalling 1350 fits
[Parallel(n_jobs=3)]: Done 1350 out of 1350 | elapsed: 361.8min finished
[Parallel(n_jobs=3)]: Using backend LokyBackend with 3 concurrent workers.
/opt/anaconda3/lib/python3.7/site-packages/joblib/externals/loky/process_executor.py:706: UserWarning: A worker stopped while some jobs were given to the executor. This can be caused by a too short worker timeout or by a memory leak.
  "timeout or by a memory leak.", UserWarning
[Parallel(n_jobs=3)]: Done  44 tasks      | elapsed:  5.9min
[Parallel(n_jobs=3)]: Done 194 tasks      | elapsed: 42.0min
[Parallel(n_jobs=3)]: Done 444 tasks      | elapsed: 111.1min
[Parallel(n_jobs=3)]: Done 794 tasks      | elapsed: 211.9min
[Parallel(n_jobs=3)]: Done 1244 tasks      | elapsed: 321.7min
Best parameters & score set found on development set:

-0.20761665496866752
{'gamma': 0.3, 'max_depth': 4, 'min_child_weight': 1, 'n_estimators': 50}

Grid scores on development set:


Testing Set: 
MAE: 2.610445125747872
MSE: 36.370239185300825
RMSE: 6.030774343755603
r2score: 0.9532513762607429

--- 21721.40549325943 seconds ---

Evap

(216, 12, 70, 40)
(216, 2)
(604800, 4)
(604800,)
(436800, 4)
(436800,)
(168000, 4)

Heloo every one,this is a grid search on ([11] features, Month Ahead: 1

GridSearchCV(cv=TimeSeriesSplit(max_train_size=None, n_splits=3),
             error_score=nan,
             estimator=XGBRegressor(base_score=None, booster=None,
                                    colsample_bylevel=None,
                                    colsample_bynode=None,
                                    colsample_bytree=None, gamma=None,
                                    gpu_id=None, importance_type='gain',
                                    interaction_constraints=None,
                                    learning_rate=None, max_delta_step=None,
                                    max_depth=None, min_child_weight=None,...
                                    reg_lambda=None, scale_pos_weight=None,
                                    subsample=None, tree_method=None,
                                    validate_parameters=False, verbose=1,
                                    verbosity=None),
             iid='deprecated', n_jobs=3,
             param_grid={'gamma': [0.0, 0.1, 0.2, 0.3, 0.4],
                         'max_depth': [3, 4, 5, 6, 8, 10],
                         'min_child_weight': [1, 3, 5],
                         'n_estimators': [50, 100, 200, 300, 600]},
             pre_dispatch='2*n_jobs', refit=True, return_train_score=False,
             scoring='neg_mean_absolute_error', verbose=1)
Fitting 3 folds for each of 450 candidates, totalling 1350 fits
[Parallel(n_jobs=3)]: Done 1350 out of 1350 | elapsed: 361.8min finished
[Parallel(n_jobs=3)]: Using backend LokyBackend with 3 concurrent workers.
/opt/anaconda3/lib/python3.7/site-packages/joblib/externals/loky/process_executor.py:706: UserWarning: A worker stopped while some jobs were given to the executor. This can be caused by a too short worker timeout or by a memory leak.
  "timeout or by a memory leak.", UserWarning
[Parallel(n_jobs=3)]: Done  44 tasks      | elapsed:  4.8min
[Parallel(n_jobs=3)]: Done 194 tasks      | elapsed: 32.2min
[Parallel(n_jobs=3)]: Done 444 tasks      | elapsed: 83.2min
[Parallel(n_jobs=3)]: Done 794 tasks      | elapsed: 157.6min
[Parallel(n_jobs=3)]: Done 1244 tasks      | elapsed: 239.6min
Best parameters & score set found on development set:

-0.18293454268776244
{'gamma': 0.3, 'max_depth': 10, 'min_child_weight': 5, 'n_estimators': 200}

Grid scores on development set:


Testing Set: 
MAE: 3.043718077550197
MSE: 41.34764814821435
RMSE: 6.430213693821874
r2score: 0.9841109967559637

--- 16204.860742330551 seconds ---

Evap

(216, 12, 70, 40)
(216, 2)
(604800, 4)
(604800,)
(436800, 4)
(436800,)
(168000, 4)

Heloo every one,this is a grid search on ([0] features, Month Ahead: 1

GridSearchCV(cv=TimeSeriesSplit(max_train_size=None, n_splits=3),
             error_score=nan,
             estimator=XGBRegressor(base_score=None, booster=None,
                                    colsample_bylevel=None,
                                    colsample_bynode=None,
                                    colsample_bytree=None, gamma=None,
                                    gpu_id=None, importance_type='gain',
                                    interaction_constraints=None,
                                    learning_rate=None, max_delta_step=None,
                                    max_depth=None, min_child_weight=None,...
                                    reg_lambda=None, scale_pos_weight=None,
                                    subsample=None, tree_method=None,
                                    validate_parameters=False, verbose=1,
                                    verbosity=None),
             iid='deprecated', n_jobs=3,
             param_grid={'gamma': [0.0, 0.1, 0.2, 0.3, 0.4],
                         'max_depth': [3, 4, 5, 6, 8, 10],
                         'min_child_weight': [1, 3, 5],
                         'n_estimators': [50, 100, 200, 300, 600]},
             pre_dispatch='2*n_jobs', refit=True, return_train_score=False,
             scoring='neg_mean_absolute_error', verbose=1)
Fitting 3 folds for each of 450 candidates, totalling 1350 fits
[Parallel(n_jobs=3)]: Done 1350 out of 1350 | elapsed: 268.7min finished
[Parallel(n_jobs=3)]: Using backend LokyBackend with 3 concurrent workers.
/opt/anaconda3/lib/python3.7/site-packages/joblib/externals/loky/process_executor.py:706: UserWarning: A worker stopped while some jobs were given to the executor. This can be caused by a too short worker timeout or by a memory leak.
  "timeout or by a memory leak.", UserWarning
[Parallel(n_jobs=3)]: Done  44 tasks      | elapsed:  4.7min
[Parallel(n_jobs=3)]: Done 194 tasks      | elapsed: 32.2min
[Parallel(n_jobs=3)]: Done 444 tasks      | elapsed: 83.7min
[Parallel(n_jobs=3)]: Done 794 tasks      | elapsed: 160.2min
[Parallel(n_jobs=3)]: Done 1244 tasks      | elapsed: 245.1min
Best parameters & score set found on development set:

-0.20256895305382158
{'gamma': 0.0, 'max_depth': 6, 'min_child_weight': 5, 'n_estimators': 600}

Grid scores on development set:


Testing Set: 
MAE: 3.4287476897265305
MSE: 52.29646376134547
RMSE: 7.2316293987832
r2score: 0.9799036046892662

--- 16741.00251030922 seconds ---

Evap

(216, 12, 70, 40)
(216, 2)
(604800, 5)
(604800,)
(436800, 5)
(436800,)
(168000, 5)

Heloo every one,this is a grid search on ([0, 11] features, Month Ahead: 1

GridSearchCV(cv=TimeSeriesSplit(max_train_size=None, n_splits=3),
             error_score=nan,
             estimator=XGBRegressor(base_score=None, booster=None,
                                    colsample_bylevel=None,
                                    colsample_bynode=None,
                                    colsample_bytree=None, gamma=None,
                                    gpu_id=None, importance_type='gain',
                                    interaction_constraints=None,
                                    learning_rate=None, max_delta_step=None,
                                    max_depth=None, min_child_weight=None,...
                                    reg_lambda=None, scale_pos_weight=None,
                                    subsample=None, tree_method=None,
                                    validate_parameters=False, verbose=1,
                                    verbosity=None),
             iid='deprecated', n_jobs=3,
             param_grid={'gamma': [0.0, 0.1, 0.2, 0.3, 0.4],
                         'max_depth': [3, 4, 5, 6, 8, 10],
                         'min_child_weight': [1, 3, 5],
                         'n_estimators': [50, 100, 200, 300, 600]},
             pre_dispatch='2*n_jobs', refit=True, return_train_score=False,
             scoring='neg_mean_absolute_error', verbose=1)
Fitting 3 folds for each of 450 candidates, totalling 1350 fits
[Parallel(n_jobs=3)]: Done 1350 out of 1350 | elapsed: 275.9min finished
[Parallel(n_jobs=3)]: Using backend LokyBackend with 3 concurrent workers.
/opt/anaconda3/lib/python3.7/site-packages/joblib/externals/loky/process_executor.py:706: UserWarning: A worker stopped while some jobs were given to the executor. This can be caused by a too short worker timeout or by a memory leak.
  "timeout or by a memory leak.", UserWarning
[Parallel(n_jobs=3)]: Done  44 tasks      | elapsed:  5.2min
[Parallel(n_jobs=3)]: Done 194 tasks      | elapsed: 35.5min
[Parallel(n_jobs=3)]: Done 444 tasks      | elapsed: 93.1min
[Parallel(n_jobs=3)]: Done 794 tasks      | elapsed: 178.4min
[Parallel(n_jobs=3)]: Done 1244 tasks      | elapsed: 271.4min
Best parameters & score set found on development set:

-0.1900181520510108
{'gamma': 0.3, 'max_depth': 6, 'min_child_weight': 3, 'n_estimators': 50}

Grid scores on development set:


Testing Set: 
MAE: 3.0923508830926267
MSE: 41.548211487847965
RMSE: 6.445790214383956
r2score: 0.9840339246201399

--- 18345.500975847244 seconds ---

Evap

(216, 12, 70, 40)
(216, 2)
(604800, 7)
(604800,)
(436800, 7)
(436800,)
(168000, 7)

Heloo every one,this is a grid search on ([0, 11, 1, 2] features, Month Ahead: 1

GridSearchCV(cv=TimeSeriesSplit(max_train_size=None, n_splits=3),
             error_score=nan,
             estimator=XGBRegressor(base_score=None, booster=None,
                                    colsample_bylevel=None,
                                    colsample_bynode=None,
                                    colsample_bytree=None, gamma=None,
                                    gpu_id=None, importance_type='gain',
                                    interaction_constraints=None,
                                    learning_rate=None, max_delta_step=None,
                                    max_depth=None, min_child_weight=None,...
                                    reg_lambda=None, scale_pos_weight=None,
                                    subsample=None, tree_method=None,
                                    validate_parameters=False, verbose=1,
                                    verbosity=None),
             iid='deprecated', n_jobs=3,
             param_grid={'gamma': [0.0, 0.1, 0.2, 0.3, 0.4],
                         'max_depth': [3, 4, 5, 6, 8, 10],
                         'min_child_weight': [1, 3, 5],
                         'n_estimators': [50, 100, 200, 300, 600]},
             pre_dispatch='2*n_jobs', refit=True, return_train_score=False,
             scoring='neg_mean_absolute_error', verbose=1)
Fitting 3 folds for each of 450 candidates, totalling 1350 fits
[Parallel(n_jobs=3)]: Done 1350 out of 1350 | elapsed: 305.5min finished
[Parallel(n_jobs=3)]: Using backend LokyBackend with 3 concurrent workers.
/opt/anaconda3/lib/python3.7/site-packages/joblib/externals/loky/process_executor.py:706: UserWarning: A worker stopped while some jobs were given to the executor. This can be caused by a too short worker timeout or by a memory leak.
  "timeout or by a memory leak.", UserWarning
[Parallel(n_jobs=3)]: Done  44 tasks      | elapsed:  5.9min
[Parallel(n_jobs=3)]: Done 194 tasks      | elapsed: 42.1min
[Parallel(n_jobs=3)]: Done 444 tasks      | elapsed: 112.4min
[Parallel(n_jobs=3)]: Done 794 tasks      | elapsed: 216.1min
[Parallel(n_jobs=3)]: Done 1244 tasks      | elapsed: 329.1min
Best parameters & score set found on development set:

-0.18964565812419276
{'gamma': 0.1, 'max_depth': 4, 'min_child_weight': 5, 'n_estimators': 100}

Grid scores on development set:


Testing Set: 
MAE: 2.9928215797574627
MSE: 38.81249379086268
RMSE: 6.229967398860341
r2score: 0.9850852015200098

--- 22329.834807872772 seconds ---

Evap

(216, 12, 70, 40)
(216, 2)
(604800, 7)
(604800,)
(436800, 7)
(436800,)
(168000, 7)

Heloo every one,this is a grid search on ([0, 11, 1, 10] features, Month Ahead: 1

GridSearchCV(cv=TimeSeriesSplit(max_train_size=None, n_splits=3),
             error_score=nan,
             estimator=XGBRegressor(base_score=None, booster=None,
                                    colsample_bylevel=None,
                                    colsample_bynode=None,
                                    colsample_bytree=None, gamma=None,
                                    gpu_id=None, importance_type='gain',
                                    interaction_constraints=None,
                                    learning_rate=None, max_delta_step=None,
                                    max_depth=None, min_child_weight=None,...
                                    reg_lambda=None, scale_pos_weight=None,
                                    subsample=None, tree_method=None,
                                    validate_parameters=False, verbose=1,
                                    verbosity=None),
             iid='deprecated', n_jobs=3,
             param_grid={'gamma': [0.0, 0.1, 0.2, 0.3, 0.4],
                         'max_depth': [3, 4, 5, 6, 8, 10],
                         'min_child_weight': [1, 3, 5],
                         'n_estimators': [50, 100, 200, 300, 600]},
             pre_dispatch='2*n_jobs', refit=True, return_train_score=False,
             scoring='neg_mean_absolute_error', verbose=1)
Fitting 3 folds for each of 450 candidates, totalling 1350 fits
[Parallel(n_jobs=3)]: Done 1350 out of 1350 | elapsed: 371.7min finished
[Parallel(n_jobs=3)]: Using backend LokyBackend with 3 concurrent workers.
/opt/anaconda3/lib/python3.7/site-packages/joblib/externals/loky/process_executor.py:706: UserWarning: A worker stopped while some jobs were given to the executor. This can be caused by a too short worker timeout or by a memory leak.
  "timeout or by a memory leak.", UserWarning
[Parallel(n_jobs=3)]: Done  44 tasks      | elapsed:  6.0min
slurmstepd: error: *** JOB 1551 ON worker14 CANCELLED AT 2020-11-28T11:28:29 ***
